ARM GAS  C:\Users\Zeus\AppData\Local\Temp\ccO1yFOk.s 			page 1


   1              		.cpu cortex-m0plus
   2              		.fpu softvfp
   3              		.eabi_attribute 20, 1
   4              		.eabi_attribute 21, 1
   5              		.eabi_attribute 23, 3
   6              		.eabi_attribute 24, 1
   7              		.eabi_attribute 25, 1
   8              		.eabi_attribute 26, 1
   9              		.eabi_attribute 30, 1
  10              		.eabi_attribute 34, 0
  11              		.eabi_attribute 18, 4
  12              		.code	16
  13              		.file	"cyfitter_cfg.c"
  14              		.text
  15              	.Ltext0:
  16              		.cfi_sections	.debug_frame
  17              		.section	.psocinit,"ax",%progbits
  18              		.align	2
  19              		.code	16
  20              		.thumb_func
  21              		.type	ClockSetup, %function
  22              	ClockSetup:
  23              	.LFB4:
  24              		.file 1 "Generated_Source\\PSoC4\\cyfitter_cfg.c"
   1:Generated_Source\PSoC4/cyfitter_cfg.c **** /*******************************************************************************
   2:Generated_Source\PSoC4/cyfitter_cfg.c **** * File Name: cyfitter_cfg.c
   3:Generated_Source\PSoC4/cyfitter_cfg.c **** * 
   4:Generated_Source\PSoC4/cyfitter_cfg.c **** * PSoC Creator  4.0
   5:Generated_Source\PSoC4/cyfitter_cfg.c **** *
   6:Generated_Source\PSoC4/cyfitter_cfg.c **** * Description:
   7:Generated_Source\PSoC4/cyfitter_cfg.c **** * This file contains device initialization code.
   8:Generated_Source\PSoC4/cyfitter_cfg.c **** * Except for the user defined sections in CyClockStartupError(), this file should not be modified.
   9:Generated_Source\PSoC4/cyfitter_cfg.c **** * This file is automatically generated by PSoC Creator.
  10:Generated_Source\PSoC4/cyfitter_cfg.c **** *
  11:Generated_Source\PSoC4/cyfitter_cfg.c **** ********************************************************************************
  12:Generated_Source\PSoC4/cyfitter_cfg.c **** * Copyright (c) 2007-2016 Cypress Semiconductor.  All rights reserved.
  13:Generated_Source\PSoC4/cyfitter_cfg.c **** * You may use this file only in accordance with the license, terms, conditions, 
  14:Generated_Source\PSoC4/cyfitter_cfg.c **** * disclaimers, and limitations in the end user license agreement accompanying 
  15:Generated_Source\PSoC4/cyfitter_cfg.c **** * the software package with which this file was provided.
  16:Generated_Source\PSoC4/cyfitter_cfg.c **** ********************************************************************************/
  17:Generated_Source\PSoC4/cyfitter_cfg.c **** 
  18:Generated_Source\PSoC4/cyfitter_cfg.c **** #include <string.h>
  19:Generated_Source\PSoC4/cyfitter_cfg.c **** #include "cytypes.h"
  20:Generated_Source\PSoC4/cyfitter_cfg.c **** #include "cydevice_trm.h"
  21:Generated_Source\PSoC4/cyfitter_cfg.c **** #include "cyfitter.h"
  22:Generated_Source\PSoC4/cyfitter_cfg.c **** #include "CyLib.h"
  23:Generated_Source\PSoC4/cyfitter_cfg.c **** #include "cyfitter_cfg.h"
  24:Generated_Source\PSoC4/cyfitter_cfg.c **** 
  25:Generated_Source\PSoC4/cyfitter_cfg.c **** 
  26:Generated_Source\PSoC4/cyfitter_cfg.c **** #if defined(__GNUC__) || defined(__ARMCC_VERSION)
  27:Generated_Source\PSoC4/cyfitter_cfg.c ****     #define CYPACKED 
  28:Generated_Source\PSoC4/cyfitter_cfg.c ****     #define CYPACKED_ATTR __attribute__ ((packed))
  29:Generated_Source\PSoC4/cyfitter_cfg.c ****     #define CYALIGNED __attribute__ ((aligned))
  30:Generated_Source\PSoC4/cyfitter_cfg.c ****     #define CY_CFG_UNUSED __attribute__ ((unused))
  31:Generated_Source\PSoC4/cyfitter_cfg.c ****     #ifndef CY_CFG_SECTION
  32:Generated_Source\PSoC4/cyfitter_cfg.c ****         #define CY_CFG_SECTION __attribute__ ((section(".psocinit")))
  33:Generated_Source\PSoC4/cyfitter_cfg.c ****     #endif
ARM GAS  C:\Users\Zeus\AppData\Local\Temp\ccO1yFOk.s 			page 2


  34:Generated_Source\PSoC4/cyfitter_cfg.c ****     
  35:Generated_Source\PSoC4/cyfitter_cfg.c ****     #if defined(__ARMCC_VERSION)
  36:Generated_Source\PSoC4/cyfitter_cfg.c ****         #define CY_CFG_MEMORY_BARRIER() __memory_changed()
  37:Generated_Source\PSoC4/cyfitter_cfg.c ****     #else
  38:Generated_Source\PSoC4/cyfitter_cfg.c ****         #define CY_CFG_MEMORY_BARRIER() __sync_synchronize()
  39:Generated_Source\PSoC4/cyfitter_cfg.c ****     #endif
  40:Generated_Source\PSoC4/cyfitter_cfg.c ****     
  41:Generated_Source\PSoC4/cyfitter_cfg.c **** #elif defined(__ICCARM__)
  42:Generated_Source\PSoC4/cyfitter_cfg.c ****     #include <intrinsics.h>
  43:Generated_Source\PSoC4/cyfitter_cfg.c **** 
  44:Generated_Source\PSoC4/cyfitter_cfg.c ****     #define CYPACKED __packed
  45:Generated_Source\PSoC4/cyfitter_cfg.c ****     #define CYPACKED_ATTR 
  46:Generated_Source\PSoC4/cyfitter_cfg.c ****     #define CYALIGNED _Pragma("data_alignment=4")
  47:Generated_Source\PSoC4/cyfitter_cfg.c ****     #define CY_CFG_UNUSED _Pragma("diag_suppress=Pe177")
  48:Generated_Source\PSoC4/cyfitter_cfg.c ****     #define CY_CFG_SECTION _Pragma("location=\".psocinit\"")
  49:Generated_Source\PSoC4/cyfitter_cfg.c ****     
  50:Generated_Source\PSoC4/cyfitter_cfg.c ****     #define CY_CFG_MEMORY_BARRIER() __DMB()
  51:Generated_Source\PSoC4/cyfitter_cfg.c ****     
  52:Generated_Source\PSoC4/cyfitter_cfg.c **** #else
  53:Generated_Source\PSoC4/cyfitter_cfg.c ****     #error Unsupported toolchain
  54:Generated_Source\PSoC4/cyfitter_cfg.c **** #endif
  55:Generated_Source\PSoC4/cyfitter_cfg.c **** 
  56:Generated_Source\PSoC4/cyfitter_cfg.c **** 
  57:Generated_Source\PSoC4/cyfitter_cfg.c **** CY_CFG_UNUSED
  58:Generated_Source\PSoC4/cyfitter_cfg.c **** static void CYMEMZERO(void *s, size_t n);
  59:Generated_Source\PSoC4/cyfitter_cfg.c **** CY_CFG_UNUSED
  60:Generated_Source\PSoC4/cyfitter_cfg.c **** static void CYMEMZERO(void *s, size_t n)
  61:Generated_Source\PSoC4/cyfitter_cfg.c **** {
  62:Generated_Source\PSoC4/cyfitter_cfg.c **** 	(void)memset(s, 0, n);
  63:Generated_Source\PSoC4/cyfitter_cfg.c **** }
  64:Generated_Source\PSoC4/cyfitter_cfg.c **** CY_CFG_UNUSED
  65:Generated_Source\PSoC4/cyfitter_cfg.c **** static void CYCONFIGCPY(void *dest, const void *src, size_t n);
  66:Generated_Source\PSoC4/cyfitter_cfg.c **** CY_CFG_UNUSED
  67:Generated_Source\PSoC4/cyfitter_cfg.c **** static void CYCONFIGCPY(void *dest, const void *src, size_t n)
  68:Generated_Source\PSoC4/cyfitter_cfg.c **** {
  69:Generated_Source\PSoC4/cyfitter_cfg.c **** 	(void)memcpy(dest, src, n);
  70:Generated_Source\PSoC4/cyfitter_cfg.c **** }
  71:Generated_Source\PSoC4/cyfitter_cfg.c **** CY_CFG_UNUSED
  72:Generated_Source\PSoC4/cyfitter_cfg.c **** static void CYCONFIGCPYCODE(void *dest, const void *src, size_t n);
  73:Generated_Source\PSoC4/cyfitter_cfg.c **** CY_CFG_UNUSED
  74:Generated_Source\PSoC4/cyfitter_cfg.c **** static void CYCONFIGCPYCODE(void *dest, const void *src, size_t n)
  75:Generated_Source\PSoC4/cyfitter_cfg.c **** {
  76:Generated_Source\PSoC4/cyfitter_cfg.c **** 	(void)memcpy(dest, src, n);
  77:Generated_Source\PSoC4/cyfitter_cfg.c **** }
  78:Generated_Source\PSoC4/cyfitter_cfg.c **** 
  79:Generated_Source\PSoC4/cyfitter_cfg.c **** 
  80:Generated_Source\PSoC4/cyfitter_cfg.c **** 
  81:Generated_Source\PSoC4/cyfitter_cfg.c **** 
  82:Generated_Source\PSoC4/cyfitter_cfg.c **** /* Clock startup error codes                                                   */
  83:Generated_Source\PSoC4/cyfitter_cfg.c **** #define CYCLOCKSTART_NO_ERROR    0u
  84:Generated_Source\PSoC4/cyfitter_cfg.c **** #define CYCLOCKSTART_XTAL_ERROR  1u
  85:Generated_Source\PSoC4/cyfitter_cfg.c **** #define CYCLOCKSTART_32KHZ_ERROR 2u
  86:Generated_Source\PSoC4/cyfitter_cfg.c **** #define CYCLOCKSTART_PLL_ERROR   3u
  87:Generated_Source\PSoC4/cyfitter_cfg.c **** 
  88:Generated_Source\PSoC4/cyfitter_cfg.c **** 
  89:Generated_Source\PSoC4/cyfitter_cfg.c **** #ifdef CY_NEED_CYCLOCKSTARTUPERROR
  90:Generated_Source\PSoC4/cyfitter_cfg.c **** /*******************************************************************************
ARM GAS  C:\Users\Zeus\AppData\Local\Temp\ccO1yFOk.s 			page 3


  91:Generated_Source\PSoC4/cyfitter_cfg.c **** * Function Name: CyClockStartupError
  92:Generated_Source\PSoC4/cyfitter_cfg.c **** ********************************************************************************
  93:Generated_Source\PSoC4/cyfitter_cfg.c **** * Summary:
  94:Generated_Source\PSoC4/cyfitter_cfg.c **** *  If an error is encountered during clock configuration (crystal startup error,
  95:Generated_Source\PSoC4/cyfitter_cfg.c **** *  PLL lock error, etc.), the system will end up here.  Unless reimplemented by
  96:Generated_Source\PSoC4/cyfitter_cfg.c **** *  the customer, this function will stop in an infinite loop.
  97:Generated_Source\PSoC4/cyfitter_cfg.c **** *
  98:Generated_Source\PSoC4/cyfitter_cfg.c **** * Parameters:
  99:Generated_Source\PSoC4/cyfitter_cfg.c **** *   void
 100:Generated_Source\PSoC4/cyfitter_cfg.c **** *
 101:Generated_Source\PSoC4/cyfitter_cfg.c **** * Return:
 102:Generated_Source\PSoC4/cyfitter_cfg.c **** *   void
 103:Generated_Source\PSoC4/cyfitter_cfg.c **** *
 104:Generated_Source\PSoC4/cyfitter_cfg.c **** *******************************************************************************/
 105:Generated_Source\PSoC4/cyfitter_cfg.c **** CY_CFG_UNUSED
 106:Generated_Source\PSoC4/cyfitter_cfg.c **** static void CyClockStartupError(uint8 errorCode);
 107:Generated_Source\PSoC4/cyfitter_cfg.c **** CY_CFG_UNUSED
 108:Generated_Source\PSoC4/cyfitter_cfg.c **** static void CyClockStartupError(uint8 errorCode)
 109:Generated_Source\PSoC4/cyfitter_cfg.c **** {
 110:Generated_Source\PSoC4/cyfitter_cfg.c ****     /* To remove the compiler warning if errorCode not used.                */
 111:Generated_Source\PSoC4/cyfitter_cfg.c ****     errorCode = errorCode;
 112:Generated_Source\PSoC4/cyfitter_cfg.c **** 
 113:Generated_Source\PSoC4/cyfitter_cfg.c ****     /* If we have a clock startup error (bad MHz crystal, PLL lock, etc.),  */
 114:Generated_Source\PSoC4/cyfitter_cfg.c ****     /* we will end up here to allow the customer to implement something to  */
 115:Generated_Source\PSoC4/cyfitter_cfg.c ****     /* deal with the clock condition.                                       */
 116:Generated_Source\PSoC4/cyfitter_cfg.c **** 
 117:Generated_Source\PSoC4/cyfitter_cfg.c **** #ifdef CY_CFG_CLOCK_STARTUP_ERROR_CALLBACK
 118:Generated_Source\PSoC4/cyfitter_cfg.c **** 	CY_CFG_Clock_Startup_ErrorCallback();
 119:Generated_Source\PSoC4/cyfitter_cfg.c **** #else
 120:Generated_Source\PSoC4/cyfitter_cfg.c **** 	/*  If not using CY_CFG_CLOCK_STARTUP_ERROR_CALLBACK, place your clock startup code here. */
 121:Generated_Source\PSoC4/cyfitter_cfg.c ****     /* `#START CyClockStartupError` */
 122:Generated_Source\PSoC4/cyfitter_cfg.c **** 
 123:Generated_Source\PSoC4/cyfitter_cfg.c ****     /* If we have a clock startup error (bad MHz crystal, PLL lock, etc.),  */
 124:Generated_Source\PSoC4/cyfitter_cfg.c ****     /* we will end up here to allow the customer to implement something to  */
 125:Generated_Source\PSoC4/cyfitter_cfg.c ****     /* deal with the clock condition.                                       */
 126:Generated_Source\PSoC4/cyfitter_cfg.c **** 
 127:Generated_Source\PSoC4/cyfitter_cfg.c ****     /* `#END` */
 128:Generated_Source\PSoC4/cyfitter_cfg.c **** 
 129:Generated_Source\PSoC4/cyfitter_cfg.c ****     /* If nothing else, stop here since the clocks have not started         */
 130:Generated_Source\PSoC4/cyfitter_cfg.c ****     /* correctly.                                                           */
 131:Generated_Source\PSoC4/cyfitter_cfg.c ****     while(1) {}
 132:Generated_Source\PSoC4/cyfitter_cfg.c **** #endif /* CY_CFG_CLOCK_STARTUP_ERROR_CALLBACK */ 
 133:Generated_Source\PSoC4/cyfitter_cfg.c **** }
 134:Generated_Source\PSoC4/cyfitter_cfg.c **** #endif
 135:Generated_Source\PSoC4/cyfitter_cfg.c **** 
 136:Generated_Source\PSoC4/cyfitter_cfg.c **** 
 137:Generated_Source\PSoC4/cyfitter_cfg.c **** 
 138:Generated_Source\PSoC4/cyfitter_cfg.c **** /*******************************************************************************
 139:Generated_Source\PSoC4/cyfitter_cfg.c **** * Function Name: ClockSetup
 140:Generated_Source\PSoC4/cyfitter_cfg.c **** ********************************************************************************
 141:Generated_Source\PSoC4/cyfitter_cfg.c **** *
 142:Generated_Source\PSoC4/cyfitter_cfg.c **** * Summary:
 143:Generated_Source\PSoC4/cyfitter_cfg.c **** *   Performs the initialization of all of the clocks in the device based on the
 144:Generated_Source\PSoC4/cyfitter_cfg.c **** *   settings in the Clock tab of the DWR.  This includes enabling the requested
 145:Generated_Source\PSoC4/cyfitter_cfg.c **** *   clocks and setting the necessary dividers to produce the desired frequency. 
 146:Generated_Source\PSoC4/cyfitter_cfg.c **** *
 147:Generated_Source\PSoC4/cyfitter_cfg.c **** * Parameters:
ARM GAS  C:\Users\Zeus\AppData\Local\Temp\ccO1yFOk.s 			page 4


 148:Generated_Source\PSoC4/cyfitter_cfg.c **** *   void
 149:Generated_Source\PSoC4/cyfitter_cfg.c **** *
 150:Generated_Source\PSoC4/cyfitter_cfg.c **** * Return:
 151:Generated_Source\PSoC4/cyfitter_cfg.c **** *   void
 152:Generated_Source\PSoC4/cyfitter_cfg.c **** *
 153:Generated_Source\PSoC4/cyfitter_cfg.c **** *******************************************************************************/
 154:Generated_Source\PSoC4/cyfitter_cfg.c **** static void ClockSetup(void);
 155:Generated_Source\PSoC4/cyfitter_cfg.c **** CY_CFG_SECTION
 156:Generated_Source\PSoC4/cyfitter_cfg.c **** static void ClockSetup(void)
 157:Generated_Source\PSoC4/cyfitter_cfg.c **** {
  25              		.loc 1 157 0
  26              		.cfi_startproc
  27 0000 10B5     		push	{r4, lr}
  28              		.cfi_def_cfa_offset 8
  29              		.cfi_offset 4, -8
  30              		.cfi_offset 14, -4
 158:Generated_Source\PSoC4/cyfitter_cfg.c **** 
 159:Generated_Source\PSoC4/cyfitter_cfg.c **** 	/* Set Flash Cycles based on max possible frequency in case a glitch occurs during ClockSetup(). *
 160:Generated_Source\PSoC4/cyfitter_cfg.c **** 	CY_SET_REG32((void CYXDATA *)(CYREG_CPUSS_FLASH_CTL), (0x0012u));
  31              		.loc 1 160 0
  32 0002 1C4C     		ldr	r4, .L2
  33 0004 1223     		mov	r3, #18
  34 0006 2360     		str	r3, [r4]
 161:Generated_Source\PSoC4/cyfitter_cfg.c **** 	/* Update IMO to new clock speed. */
 162:Generated_Source\PSoC4/cyfitter_cfg.c **** 	CySysClkWriteImoFreq(48u);
  35              		.loc 1 162 0
  36 0008 3020     		mov	r0, #48
  37 000a FFF7FEFF 		bl	CySysClkWriteImoFreq
  38              	.LVL0:
 163:Generated_Source\PSoC4/cyfitter_cfg.c **** 
 164:Generated_Source\PSoC4/cyfitter_cfg.c **** 	/* Setup phase aligned clocks */
 165:Generated_Source\PSoC4/cyfitter_cfg.c **** 	CY_SET_REG32((void *)CYREG_PERI_DIV_16_CTL0, 0x00000100u);
  39              		.loc 1 165 0
  40 000e 8022     		mov	r2, #128
  41 0010 5200     		lsl	r2, r2, #1
  42 0012 194B     		ldr	r3, .L2+4
  43 0014 1A60     		str	r2, [r3]
 166:Generated_Source\PSoC4/cyfitter_cfg.c **** 	CY_SET_REG32((void *)CYREG_PERI_DIV_CMD, 0x8000FF40u);
  44              		.loc 1 166 0
  45 0016 8023     		mov	r3, #128
  46 0018 DB05     		lsl	r3, r3, #23
  47 001a 1849     		ldr	r1, .L2+8
  48 001c 1960     		str	r1, [r3]
 167:Generated_Source\PSoC4/cyfitter_cfg.c **** 	CY_SET_REG32((void *)CYREG_PERI_DIV_16_CTL2, 0x00000100u);
  49              		.loc 1 167 0
  50 001e 1849     		ldr	r1, .L2+12
  51 0020 0A60     		str	r2, [r1]
 168:Generated_Source\PSoC4/cyfitter_cfg.c **** 	CY_SET_REG32((void *)CYREG_PERI_DIV_CMD, 0x8000FF42u);
  52              		.loc 1 168 0
  53 0022 1849     		ldr	r1, .L2+16
  54 0024 1960     		str	r1, [r3]
 169:Generated_Source\PSoC4/cyfitter_cfg.c **** 	CY_SET_REG32((void *)CYREG_PERI_DIV_16_CTL1, 0x00000100u);
  55              		.loc 1 169 0
  56 0026 1849     		ldr	r1, .L2+20
  57 0028 0A60     		str	r2, [r1]
 170:Generated_Source\PSoC4/cyfitter_cfg.c **** 	CY_SET_REG32((void *)CYREG_PERI_DIV_CMD, 0x8000FF41u);
  58              		.loc 1 170 0
ARM GAS  C:\Users\Zeus\AppData\Local\Temp\ccO1yFOk.s 			page 5


  59 002a 184A     		ldr	r2, .L2+24
  60 002c 1A60     		str	r2, [r3]
 171:Generated_Source\PSoC4/cyfitter_cfg.c **** 	CY_SET_REG32((void *)CYREG_PERI_DIV_16_CTL4, 0x00000E00u);
  61              		.loc 1 171 0
  62 002e E022     		mov	r2, #224
  63 0030 1201     		lsl	r2, r2, #4
  64 0032 1749     		ldr	r1, .L2+28
  65 0034 0A60     		str	r2, [r1]
 172:Generated_Source\PSoC4/cyfitter_cfg.c **** 	CY_SET_REG32((void *)CYREG_PERI_DIV_CMD, 0x8000FF44u);
  66              		.loc 1 172 0
  67 0036 1749     		ldr	r1, .L2+32
  68 0038 1960     		str	r1, [r3]
 173:Generated_Source\PSoC4/cyfitter_cfg.c **** 	CY_SET_REG32((void *)CYREG_PERI_DIV_16_CTL3, 0x00000E00u);
  69              		.loc 1 173 0
  70 003a 1749     		ldr	r1, .L2+36
  71 003c 0A60     		str	r2, [r1]
 174:Generated_Source\PSoC4/cyfitter_cfg.c **** 	CY_SET_REG32((void *)CYREG_PERI_DIV_CMD, 0x8000FF43u);
  72              		.loc 1 174 0
  73 003e 174A     		ldr	r2, .L2+40
  74 0040 1A60     		str	r2, [r3]
 175:Generated_Source\PSoC4/cyfitter_cfg.c **** 
 176:Generated_Source\PSoC4/cyfitter_cfg.c **** 	/* CYDEV_CLK_SELECT Starting address: CYDEV_CLK_SELECT */
 177:Generated_Source\PSoC4/cyfitter_cfg.c **** 	CY_SET_XTND_REG32((void CYFAR *)(CYREG_CLK_SELECT), 0x00000024u);
  75              		.loc 1 177 0
  76 0042 2422     		mov	r2, #36
  77 0044 164B     		ldr	r3, .L2+44
  78 0046 1A60     		str	r2, [r3]
 178:Generated_Source\PSoC4/cyfitter_cfg.c **** 
 179:Generated_Source\PSoC4/cyfitter_cfg.c **** 	/* CYDEV_PERI_PCLK_CTL12 Starting address: CYDEV_PERI_PCLK_CTL12 */
 180:Generated_Source\PSoC4/cyfitter_cfg.c **** 	CY_SET_XTND_REG32((void CYFAR *)(CYREG_PERI_PCLK_CTL12), 0x00000042u);
  79              		.loc 1 180 0
  80 0048 1E32     		add	r2, r2, #30
  81 004a 164B     		ldr	r3, .L2+48
  82 004c 1A60     		str	r2, [r3]
 181:Generated_Source\PSoC4/cyfitter_cfg.c **** 
 182:Generated_Source\PSoC4/cyfitter_cfg.c **** 	/* CYDEV_PERI_PCLK_CTL6 Starting address: CYDEV_PERI_PCLK_CTL6 */
 183:Generated_Source\PSoC4/cyfitter_cfg.c **** 	CY_SET_XTND_REG32((void CYFAR *)(CYREG_PERI_PCLK_CTL6), 0x00000041u);
  83              		.loc 1 183 0
  84 004e 013A     		sub	r2, r2, #1
  85 0050 154B     		ldr	r3, .L2+52
  86 0052 1A60     		str	r2, [r3]
 184:Generated_Source\PSoC4/cyfitter_cfg.c **** 
 185:Generated_Source\PSoC4/cyfitter_cfg.c **** 	/* CYDEV_PERI_PCLK_CTL2 Starting address: CYDEV_PERI_PCLK_CTL2 */
 186:Generated_Source\PSoC4/cyfitter_cfg.c **** 	CY_SET_XTND_REG32((void CYFAR *)(CYREG_PERI_PCLK_CTL2), 0x00000044u);
  87              		.loc 1 186 0
  88 0054 0332     		add	r2, r2, #3
  89 0056 154B     		ldr	r3, .L2+56
  90 0058 1A60     		str	r2, [r3]
 187:Generated_Source\PSoC4/cyfitter_cfg.c **** 
 188:Generated_Source\PSoC4/cyfitter_cfg.c **** 	/* CYDEV_PERI_PCLK_CTL0 Starting address: CYDEV_PERI_PCLK_CTL0 */
 189:Generated_Source\PSoC4/cyfitter_cfg.c **** 	CY_SET_XTND_REG32((void CYFAR *)(CYREG_PERI_PCLK_CTL0), 0x00000043u);
  91              		.loc 1 189 0
  92 005a 013A     		sub	r2, r2, #1
  93 005c 144B     		ldr	r3, .L2+60
  94 005e 1A60     		str	r2, [r3]
 190:Generated_Source\PSoC4/cyfitter_cfg.c **** 
 191:Generated_Source\PSoC4/cyfitter_cfg.c **** 	CY_SET_XTND_REG32((void CYFAR *)(CYREG_WCO_WDT_CONFIG), 0x00000000u);
ARM GAS  C:\Users\Zeus\AppData\Local\Temp\ccO1yFOk.s 			page 6


  95              		.loc 1 191 0
  96 0060 0022     		mov	r2, #0
  97 0062 144B     		ldr	r3, .L2+64
  98 0064 1A60     		str	r2, [r3]
 192:Generated_Source\PSoC4/cyfitter_cfg.c **** 	CySysClkSetTimerSource(CY_SYS_CLK_TIMER_SRC_ILO);
  99              		.loc 1 192 0
 100 0066 0020     		mov	r0, #0
 101 0068 FFF7FEFF 		bl	CySysClkSetTimerSource
 102              	.LVL1:
 193:Generated_Source\PSoC4/cyfitter_cfg.c **** 	/* Set Flash Cycles based on newly configured 24.00MHz HFCLK. */
 194:Generated_Source\PSoC4/cyfitter_cfg.c **** 	CY_SET_REG32((void CYXDATA *)(CYREG_CPUSS_FLASH_CTL), (0x0011u));
 103              		.loc 1 194 0
 104 006c 1123     		mov	r3, #17
 105 006e 2360     		str	r3, [r4]
 195:Generated_Source\PSoC4/cyfitter_cfg.c **** }
 106              		.loc 1 195 0
 107              		@ sp needed
 108 0070 10BD     		pop	{r4, pc}
 109              	.L3:
 110 0072 C046     		.align	2
 111              	.L2:
 112 0074 30001040 		.word	1074790448
 113 0078 00030040 		.word	1073742592
 114 007c 40FF0080 		.word	-2147418304
 115 0080 08030040 		.word	1073742600
 116 0084 42FF0080 		.word	-2147418302
 117 0088 04030040 		.word	1073742596
 118 008c 41FF0080 		.word	-2147418303
 119 0090 10030040 		.word	1073742608
 120 0094 44FF0080 		.word	-2147418300
 121 0098 0C030040 		.word	1073742604
 122 009c 43FF0080 		.word	-2147418301
 123 00a0 28000340 		.word	1073938472
 124 00a4 30010040 		.word	1073742128
 125 00a8 18010040 		.word	1073742104
 126 00ac 08010040 		.word	1073742088
 127 00b0 00010040 		.word	1073742080
 128 00b4 0C020640 		.word	1074135564
 129              		.cfi_endproc
 130              	.LFE4:
 131              		.size	ClockSetup, .-ClockSetup
 132              		.section	.text.SetAnalogRoutingPumps,"ax",%progbits
 133              		.align	2
 134              		.global	SetAnalogRoutingPumps
 135              		.code	16
 136              		.thumb_func
 137              		.type	SetAnalogRoutingPumps, %function
 138              	SetAnalogRoutingPumps:
 139              	.LFB6:
 196:Generated_Source\PSoC4/cyfitter_cfg.c **** 
 197:Generated_Source\PSoC4/cyfitter_cfg.c **** 
 198:Generated_Source\PSoC4/cyfitter_cfg.c **** /* Analog API Functions */
 199:Generated_Source\PSoC4/cyfitter_cfg.c **** 
 200:Generated_Source\PSoC4/cyfitter_cfg.c **** 
 201:Generated_Source\PSoC4/cyfitter_cfg.c **** /*******************************************************************************
 202:Generated_Source\PSoC4/cyfitter_cfg.c **** * Function Name: AnalogSetDefault
 203:Generated_Source\PSoC4/cyfitter_cfg.c **** ********************************************************************************
ARM GAS  C:\Users\Zeus\AppData\Local\Temp\ccO1yFOk.s 			page 7


 204:Generated_Source\PSoC4/cyfitter_cfg.c **** *
 205:Generated_Source\PSoC4/cyfitter_cfg.c **** * Summary:
 206:Generated_Source\PSoC4/cyfitter_cfg.c **** *  Sets up the analog portions of the chip to default values based on chip
 207:Generated_Source\PSoC4/cyfitter_cfg.c **** *  configuration options from the project.
 208:Generated_Source\PSoC4/cyfitter_cfg.c **** *
 209:Generated_Source\PSoC4/cyfitter_cfg.c **** * Parameters:
 210:Generated_Source\PSoC4/cyfitter_cfg.c **** *  void
 211:Generated_Source\PSoC4/cyfitter_cfg.c **** *
 212:Generated_Source\PSoC4/cyfitter_cfg.c **** * Return:
 213:Generated_Source\PSoC4/cyfitter_cfg.c **** *  void
 214:Generated_Source\PSoC4/cyfitter_cfg.c **** *
 215:Generated_Source\PSoC4/cyfitter_cfg.c **** *******************************************************************************/
 216:Generated_Source\PSoC4/cyfitter_cfg.c **** static void AnalogSetDefault(void);
 217:Generated_Source\PSoC4/cyfitter_cfg.c **** static void AnalogSetDefault(void)
 218:Generated_Source\PSoC4/cyfitter_cfg.c **** {
 219:Generated_Source\PSoC4/cyfitter_cfg.c **** 	CY_SET_XTND_REG32((void CYFAR *)CYREG_CTB0_CTB_CTRL, 0x80000000u);
 220:Generated_Source\PSoC4/cyfitter_cfg.c **** 	CY_SET_XTND_REG32((void CYFAR *)CYREG_CTB0_OA1_SW, 0x01001008u);
 221:Generated_Source\PSoC4/cyfitter_cfg.c **** 	CY_SET_XTND_REG32((void CYFAR *)CYREG_CTB1_CTB_CTRL, 0x80000000u);
 222:Generated_Source\PSoC4/cyfitter_cfg.c **** 	CY_SET_XTND_REG32((void CYFAR *)CYREG_CTB1_OA1_SW, 0x00040080u);
 223:Generated_Source\PSoC4/cyfitter_cfg.c **** 	CY_SET_XTND_REG32((void CYFAR *)CYREG_ART_CTRL, 0x80000000u);
 224:Generated_Source\PSoC4/cyfitter_cfg.c **** 	CY_SET_XTND_REG32((void CYFAR *)CYREG_ART_SARMUXVMINUS_SW, 0x02000020u);
 225:Generated_Source\PSoC4/cyfitter_cfg.c **** 	CY_SET_XTND_REG32((void CYFAR *)CYREG_ART_SARMUXCOREIO1_SW, 0x01000002u);
 226:Generated_Source\PSoC4/cyfitter_cfg.c **** 	CY_SET_XTND_REG32((void CYFAR *)CYREG_ART_UAB0VIN10_SW, 0x80000020u);
 227:Generated_Source\PSoC4/cyfitter_cfg.c **** 	CY_SET_XTND_REG32((void CYFAR *)CYREG_ART_CTB1VREF_SW, 0x00010000u);
 228:Generated_Source\PSoC4/cyfitter_cfg.c **** 	CY_SET_XTND_REG32((void CYFAR *)CYREG_PASS_PASS_CTRL, 0x00000003u);
 229:Generated_Source\PSoC4/cyfitter_cfg.c **** 	CY_SET_XTND_REG32((void CYFAR *)CYREG_PASS_PRB_CTRL, 0x80000001u);
 230:Generated_Source\PSoC4/cyfitter_cfg.c **** 	CY_SET_XTND_REG32((void CYFAR *)CYREG_PASS_PRB_REF1, 0x000000F1u);
 231:Generated_Source\PSoC4/cyfitter_cfg.c **** 	CY_SET_XTND_REG32((void CYFAR *)CYREG_PASS_DSAB_DSAB_CTRL, 0x00000000u);
 232:Generated_Source\PSoC4/cyfitter_cfg.c **** 	SetAnalogRoutingPumps(1);
 233:Generated_Source\PSoC4/cyfitter_cfg.c **** }
 234:Generated_Source\PSoC4/cyfitter_cfg.c **** 
 235:Generated_Source\PSoC4/cyfitter_cfg.c **** 
 236:Generated_Source\PSoC4/cyfitter_cfg.c **** /*******************************************************************************
 237:Generated_Source\PSoC4/cyfitter_cfg.c **** * Function Name: SetAnalogRoutingPumps
 238:Generated_Source\PSoC4/cyfitter_cfg.c **** ********************************************************************************
 239:Generated_Source\PSoC4/cyfitter_cfg.c **** *
 240:Generated_Source\PSoC4/cyfitter_cfg.c **** * Summary:
 241:Generated_Source\PSoC4/cyfitter_cfg.c **** * Enables or disables the analog pumps feeding analog routing switches.
 242:Generated_Source\PSoC4/cyfitter_cfg.c **** * Intended to be called at startup, based on the Vdda system configuration;
 243:Generated_Source\PSoC4/cyfitter_cfg.c **** * may be called during operation when the user informs us that the Vdda voltage crossed the pump th
 244:Generated_Source\PSoC4/cyfitter_cfg.c **** *
 245:Generated_Source\PSoC4/cyfitter_cfg.c **** * Parameters:
 246:Generated_Source\PSoC4/cyfitter_cfg.c **** *  enabled - 1 to enable the pumps, 0 to disable the pumps
 247:Generated_Source\PSoC4/cyfitter_cfg.c **** *
 248:Generated_Source\PSoC4/cyfitter_cfg.c **** * Return:
 249:Generated_Source\PSoC4/cyfitter_cfg.c **** *  void
 250:Generated_Source\PSoC4/cyfitter_cfg.c **** *
 251:Generated_Source\PSoC4/cyfitter_cfg.c **** *******************************************************************************/
 252:Generated_Source\PSoC4/cyfitter_cfg.c **** void SetAnalogRoutingPumps(uint8 enabled)
 253:Generated_Source\PSoC4/cyfitter_cfg.c **** {
 140              		.loc 1 253 0
 141              		.cfi_startproc
 142              	.LVL2:
 254:Generated_Source\PSoC4/cyfitter_cfg.c **** 	uint32 regValue = CY_GET_XTND_REG32((void *)(CYREG_SAR_PUMP_CTRL));
 143              		.loc 1 254 0
 144 0000 064B     		ldr	r3, .L7
 145 0002 1B68     		ldr	r3, [r3]
ARM GAS  C:\Users\Zeus\AppData\Local\Temp\ccO1yFOk.s 			page 8


 146              	.LVL3:
 255:Generated_Source\PSoC4/cyfitter_cfg.c **** 	if (enabled != 0u)
 147              		.loc 1 255 0
 148 0004 0028     		cmp	r0, #0
 149 0006 03D0     		beq	.L5
 256:Generated_Source\PSoC4/cyfitter_cfg.c **** 	{
 257:Generated_Source\PSoC4/cyfitter_cfg.c **** 		regValue |= 0x80000000u;
 150              		.loc 1 257 0
 151 0008 8022     		mov	r2, #128
 152 000a 1206     		lsl	r2, r2, #24
 153 000c 1343     		orr	r3, r2
 154              	.LVL4:
 155 000e 01E0     		b	.L6
 156              	.L5:
 258:Generated_Source\PSoC4/cyfitter_cfg.c **** 	}
 259:Generated_Source\PSoC4/cyfitter_cfg.c **** 	else
 260:Generated_Source\PSoC4/cyfitter_cfg.c **** 	{
 261:Generated_Source\PSoC4/cyfitter_cfg.c **** 		regValue &= ~0x80000000u;
 157              		.loc 1 261 0
 158 0010 5B00     		lsl	r3, r3, #1
 159              	.LVL5:
 160 0012 5B08     		lsr	r3, r3, #1
 161              	.LVL6:
 162              	.L6:
 262:Generated_Source\PSoC4/cyfitter_cfg.c **** 	}
 263:Generated_Source\PSoC4/cyfitter_cfg.c **** 	CY_SET_XTND_REG32((void *)(CYREG_SAR_PUMP_CTRL), regValue);
 163              		.loc 1 263 0
 164 0014 014A     		ldr	r2, .L7
 165 0016 1360     		str	r3, [r2]
 264:Generated_Source\PSoC4/cyfitter_cfg.c **** }
 166              		.loc 1 264 0
 167              		@ sp needed
 168 0018 7047     		bx	lr
 169              	.L8:
 170 001a C046     		.align	2
 171              	.L7:
 172 001c 80033A40 		.word	1077543808
 173              		.cfi_endproc
 174              	.LFE6:
 175              		.size	SetAnalogRoutingPumps, .-SetAnalogRoutingPumps
 176              		.section	.text.AnalogSetDefault,"ax",%progbits
 177              		.align	2
 178              		.code	16
 179              		.thumb_func
 180              		.type	AnalogSetDefault, %function
 181              	AnalogSetDefault:
 182              	.LFB5:
 218:Generated_Source\PSoC4/cyfitter_cfg.c **** 	CY_SET_XTND_REG32((void CYFAR *)CYREG_CTB0_CTB_CTRL, 0x80000000u);
 183              		.loc 1 218 0
 184              		.cfi_startproc
 185 0000 08B5     		push	{r3, lr}
 186              		.cfi_def_cfa_offset 8
 187              		.cfi_offset 3, -8
 188              		.cfi_offset 14, -4
 219:Generated_Source\PSoC4/cyfitter_cfg.c **** 	CY_SET_XTND_REG32((void CYFAR *)CYREG_CTB0_OA1_SW, 0x01001008u);
 189              		.loc 1 219 0
 190 0002 8023     		mov	r3, #128
ARM GAS  C:\Users\Zeus\AppData\Local\Temp\ccO1yFOk.s 			page 9


 191 0004 1B06     		lsl	r3, r3, #24
 192 0006 144A     		ldr	r2, .L10
 193 0008 1360     		str	r3, [r2]
 220:Generated_Source\PSoC4/cyfitter_cfg.c **** 	CY_SET_XTND_REG32((void CYFAR *)CYREG_CTB1_CTB_CTRL, 0x80000000u);
 194              		.loc 1 220 0
 195 000a 1449     		ldr	r1, .L10+4
 196 000c 144A     		ldr	r2, .L10+8
 197 000e 1160     		str	r1, [r2]
 221:Generated_Source\PSoC4/cyfitter_cfg.c **** 	CY_SET_XTND_REG32((void CYFAR *)CYREG_CTB1_OA1_SW, 0x00040080u);
 198              		.loc 1 221 0
 199 0010 144A     		ldr	r2, .L10+12
 200 0012 1360     		str	r3, [r2]
 222:Generated_Source\PSoC4/cyfitter_cfg.c **** 	CY_SET_XTND_REG32((void CYFAR *)CYREG_ART_CTRL, 0x80000000u);
 201              		.loc 1 222 0
 202 0014 1449     		ldr	r1, .L10+16
 203 0016 154A     		ldr	r2, .L10+20
 204 0018 1160     		str	r1, [r2]
 223:Generated_Source\PSoC4/cyfitter_cfg.c **** 	CY_SET_XTND_REG32((void CYFAR *)CYREG_ART_SARMUXVMINUS_SW, 0x02000020u);
 205              		.loc 1 223 0
 206 001a 154A     		ldr	r2, .L10+24
 207 001c 1360     		str	r3, [r2]
 224:Generated_Source\PSoC4/cyfitter_cfg.c **** 	CY_SET_XTND_REG32((void CYFAR *)CYREG_ART_SARMUXCOREIO1_SW, 0x01000002u);
 208              		.loc 1 224 0
 209 001e 154A     		ldr	r2, .L10+28
 210 0020 154B     		ldr	r3, .L10+32
 211 0022 1A60     		str	r2, [r3]
 225:Generated_Source\PSoC4/cyfitter_cfg.c **** 	CY_SET_XTND_REG32((void CYFAR *)CYREG_ART_UAB0VIN10_SW, 0x80000020u);
 212              		.loc 1 225 0
 213 0024 154A     		ldr	r2, .L10+36
 214 0026 164B     		ldr	r3, .L10+40
 215 0028 1A60     		str	r2, [r3]
 226:Generated_Source\PSoC4/cyfitter_cfg.c **** 	CY_SET_XTND_REG32((void CYFAR *)CYREG_ART_CTB1VREF_SW, 0x00010000u);
 216              		.loc 1 226 0
 217 002a 164A     		ldr	r2, .L10+44
 218 002c 164B     		ldr	r3, .L10+48
 219 002e 1A60     		str	r2, [r3]
 227:Generated_Source\PSoC4/cyfitter_cfg.c **** 	CY_SET_XTND_REG32((void CYFAR *)CYREG_PASS_PASS_CTRL, 0x00000003u);
 220              		.loc 1 227 0
 221 0030 8022     		mov	r2, #128
 222 0032 5202     		lsl	r2, r2, #9
 223 0034 154B     		ldr	r3, .L10+52
 224 0036 1A60     		str	r2, [r3]
 228:Generated_Source\PSoC4/cyfitter_cfg.c **** 	CY_SET_XTND_REG32((void CYFAR *)CYREG_PASS_PRB_CTRL, 0x80000001u);
 225              		.loc 1 228 0
 226 0038 0322     		mov	r2, #3
 227 003a 154B     		ldr	r3, .L10+56
 228 003c 1A60     		str	r2, [r3]
 229:Generated_Source\PSoC4/cyfitter_cfg.c **** 	CY_SET_XTND_REG32((void CYFAR *)CYREG_PASS_PRB_REF1, 0x000000F1u);
 229              		.loc 1 229 0
 230 003e 154A     		ldr	r2, .L10+60
 231 0040 154B     		ldr	r3, .L10+64
 232 0042 1A60     		str	r2, [r3]
 230:Generated_Source\PSoC4/cyfitter_cfg.c **** 	CY_SET_XTND_REG32((void CYFAR *)CYREG_PASS_DSAB_DSAB_CTRL, 0x00000000u);
 233              		.loc 1 230 0
 234 0044 F122     		mov	r2, #241
 235 0046 154B     		ldr	r3, .L10+68
 236 0048 1A60     		str	r2, [r3]
ARM GAS  C:\Users\Zeus\AppData\Local\Temp\ccO1yFOk.s 			page 10


 231:Generated_Source\PSoC4/cyfitter_cfg.c **** 	SetAnalogRoutingPumps(1);
 237              		.loc 1 231 0
 238 004a 0022     		mov	r2, #0
 239 004c 144B     		ldr	r3, .L10+72
 240 004e 1A60     		str	r2, [r3]
 232:Generated_Source\PSoC4/cyfitter_cfg.c **** }
 241              		.loc 1 232 0
 242 0050 0120     		mov	r0, #1
 243 0052 FFF7FEFF 		bl	SetAnalogRoutingPumps
 244              	.LVL7:
 233:Generated_Source\PSoC4/cyfitter_cfg.c **** 
 245              		.loc 1 233 0
 246              		@ sp needed
 247 0056 08BD     		pop	{r3, pc}
 248              	.L11:
 249              		.align	2
 250              	.L10:
 251 0058 00003040 		.word	1076887552
 252 005c 08100001 		.word	16781320
 253 0060 88003040 		.word	1076887688
 254 0064 00003140 		.word	1076953088
 255 0068 80000400 		.word	262272
 256 006c 88003140 		.word	1076953224
 257 0070 00003840 		.word	1077411840
 258 0074 20000002 		.word	33554464
 259 0078 18003840 		.word	1077411864
 260 007c 02000001 		.word	16777218
 261 0080 28003840 		.word	1077411880
 262 0084 20000080 		.word	-2147483616
 263 0088 20013840 		.word	1077412128
 264 008c C0013840 		.word	1077412288
 265 0090 08013F40 		.word	1077870856
 266 0094 01000080 		.word	-2147483647
 267 0098 00023F40 		.word	1077871104
 268 009c 08023F40 		.word	1077871112
 269 00a0 000E3F40 		.word	1077874176
 270              		.cfi_endproc
 271              	.LFE5:
 272              		.size	AnalogSetDefault, .-AnalogSetDefault
 273              		.section	.psocinit
 274              		.align	2
 275              		.global	cyfitter_cfg
 276              		.code	16
 277              		.thumb_func
 278              		.type	cyfitter_cfg, %function
 279              	cyfitter_cfg:
 280              	.LFB7:
 265:Generated_Source\PSoC4/cyfitter_cfg.c **** 
 266:Generated_Source\PSoC4/cyfitter_cfg.c **** #define CY_AMUX_UNUSED CYREG_CM0P_ROM_DWT
 267:Generated_Source\PSoC4/cyfitter_cfg.c **** 
 268:Generated_Source\PSoC4/cyfitter_cfg.c **** 
 269:Generated_Source\PSoC4/cyfitter_cfg.c **** /*******************************************************************************
 270:Generated_Source\PSoC4/cyfitter_cfg.c **** * Function Name: cyfitter_cfg
 271:Generated_Source\PSoC4/cyfitter_cfg.c **** ********************************************************************************
 272:Generated_Source\PSoC4/cyfitter_cfg.c **** * Summary:
 273:Generated_Source\PSoC4/cyfitter_cfg.c **** *  This function is called by the start-up code for the selected device. It
 274:Generated_Source\PSoC4/cyfitter_cfg.c **** *  performs all of the necessary device configuration based on the design
ARM GAS  C:\Users\Zeus\AppData\Local\Temp\ccO1yFOk.s 			page 11


 275:Generated_Source\PSoC4/cyfitter_cfg.c **** *  settings.  This includes settings from the Design Wide Resources (DWR) such
 276:Generated_Source\PSoC4/cyfitter_cfg.c **** *  as Clocks and Pins as well as any component configuration that is necessary.
 277:Generated_Source\PSoC4/cyfitter_cfg.c **** *
 278:Generated_Source\PSoC4/cyfitter_cfg.c **** * Parameters:  
 279:Generated_Source\PSoC4/cyfitter_cfg.c **** *   void
 280:Generated_Source\PSoC4/cyfitter_cfg.c **** *
 281:Generated_Source\PSoC4/cyfitter_cfg.c **** * Return:
 282:Generated_Source\PSoC4/cyfitter_cfg.c **** *   void
 283:Generated_Source\PSoC4/cyfitter_cfg.c **** *
 284:Generated_Source\PSoC4/cyfitter_cfg.c **** *******************************************************************************/
 285:Generated_Source\PSoC4/cyfitter_cfg.c **** CY_CFG_SECTION
 286:Generated_Source\PSoC4/cyfitter_cfg.c **** void cyfitter_cfg(void)
 287:Generated_Source\PSoC4/cyfitter_cfg.c **** {
 281              		.loc 1 287 0
 282              		.cfi_startproc
 283 00b8 08B5     		push	{r3, lr}
 284              		.cfi_def_cfa_offset 8
 285              		.cfi_offset 3, -8
 286              		.cfi_offset 14, -4
 288:Generated_Source\PSoC4/cyfitter_cfg.c **** 	/* Disable interrupts by default. Let user enable if/when they want. */
 289:Generated_Source\PSoC4/cyfitter_cfg.c **** 	CyGlobalIntDisable;
 287              		.loc 1 289 0
 288              	@ 289 "Generated_Source\PSoC4\cyfitter_cfg.c" 1
 289 00ba 72B6     		CPSID   i
 290              	@ 0 "" 2
 290:Generated_Source\PSoC4/cyfitter_cfg.c **** 
 291:Generated_Source\PSoC4/cyfitter_cfg.c **** 	{
 292:Generated_Source\PSoC4/cyfitter_cfg.c **** 		/* HSIOM Starting address: CYDEV_HSIOM_BASE */
 293:Generated_Source\PSoC4/cyfitter_cfg.c **** 		CY_SET_XTND_REG32((void CYFAR *)(CYDEV_HSIOM_BASE), 0x000000EEu);
 291              		.loc 1 293 0
 292              		.code	16
 293 00bc EE23     		mov	r3, #238
 294 00be 154A     		ldr	r2, .L13
 295 00c0 1360     		str	r3, [r2]
 294:Generated_Source\PSoC4/cyfitter_cfg.c **** 		CY_SET_XTND_REG32((void CYFAR *)(CYREG_HSIOM_PORT_SEL1), 0x00080000u);
 296              		.loc 1 294 0
 297 00c2 8021     		mov	r1, #128
 298 00c4 0903     		lsl	r1, r1, #12
 299 00c6 144A     		ldr	r2, .L13+4
 300 00c8 1160     		str	r1, [r2]
 295:Generated_Source\PSoC4/cyfitter_cfg.c **** 		CY_SET_XTND_REG32((void CYFAR *)(CYREG_HSIOM_PORT_SEL3), 0x000000EEu);
 301              		.loc 1 295 0
 302 00ca 144A     		ldr	r2, .L13+8
 303 00cc 1360     		str	r3, [r2]
 296:Generated_Source\PSoC4/cyfitter_cfg.c **** 		CY_SET_XTND_REG32((void CYFAR *)(CYREG_HSIOM_PORT_SEL4), 0x000000EEu);
 304              		.loc 1 296 0
 305 00ce 144A     		ldr	r2, .L13+12
 306 00d0 1360     		str	r3, [r2]
 297:Generated_Source\PSoC4/cyfitter_cfg.c **** 
 298:Generated_Source\PSoC4/cyfitter_cfg.c **** 		/* PASS_SAR_TRIG_SEL Starting address: CYDEV_PASS_SAR_TRIG_SEL */
 299:Generated_Source\PSoC4/cyfitter_cfg.c **** 		CY_SET_XTND_REG32((void CYFAR *)(CYREG_PASS_SAR_TRIG_SEL), 0x00000000u);
 307              		.loc 1 299 0
 308 00d2 0022     		mov	r2, #0
 309 00d4 134B     		ldr	r3, .L13+16
 310 00d6 1A60     		str	r2, [r3]
 300:Generated_Source\PSoC4/cyfitter_cfg.c **** 
 301:Generated_Source\PSoC4/cyfitter_cfg.c **** 	}
ARM GAS  C:\Users\Zeus\AppData\Local\Temp\ccO1yFOk.s 			page 12


 302:Generated_Source\PSoC4/cyfitter_cfg.c **** 
 303:Generated_Source\PSoC4/cyfitter_cfg.c **** 	/* Perform second pass device configuration. These items must be configured in specific order afte
 304:Generated_Source\PSoC4/cyfitter_cfg.c **** 	/* IOPINS0_0 Starting address: CYDEV_GPIO_PRT0_BASE */
 305:Generated_Source\PSoC4/cyfitter_cfg.c **** 	CY_SET_XTND_REG32((void CYFAR *)(CYREG_GPIO_PRT0_PC), 0x00000036u);
 311              		.loc 1 305 0
 312 00d8 3632     		add	r2, r2, #54
 313 00da 134B     		ldr	r3, .L13+20
 314 00dc 1A60     		str	r2, [r3]
 306:Generated_Source\PSoC4/cyfitter_cfg.c **** 
 307:Generated_Source\PSoC4/cyfitter_cfg.c **** 	/* IOPINS0_1 Starting address: CYDEV_GPIO_PRT1_BASE */
 308:Generated_Source\PSoC4/cyfitter_cfg.c **** 	CY_SET_XTND_REG32((void CYFAR *)(CYDEV_GPIO_PRT1_BASE), 0x00000010u);
 315              		.loc 1 308 0
 316 00de 263A     		sub	r2, r2, #38
 317 00e0 124B     		ldr	r3, .L13+24
 318 00e2 1A60     		str	r2, [r3]
 309:Generated_Source\PSoC4/cyfitter_cfg.c **** 	CY_SET_XTND_REG32((void CYFAR *)(CYREG_GPIO_PRT1_PC), 0x00006000u);
 319              		.loc 1 309 0
 320 00e4 C022     		mov	r2, #192
 321 00e6 D201     		lsl	r2, r2, #7
 322 00e8 114B     		ldr	r3, .L13+28
 323 00ea 1A60     		str	r2, [r3]
 310:Generated_Source\PSoC4/cyfitter_cfg.c **** 
 311:Generated_Source\PSoC4/cyfitter_cfg.c **** 	/* IOPINS0_2 Starting address: CYDEV_GPIO_PRT2_BASE */
 312:Generated_Source\PSoC4/cyfitter_cfg.c **** 	CY_SET_XTND_REG32((void CYFAR *)(CYDEV_GPIO_PRT2_BASE), 0x00000018u);
 324              		.loc 1 312 0
 325 00ec 1823     		mov	r3, #24
 326 00ee 114A     		ldr	r2, .L13+32
 327 00f0 1360     		str	r3, [r2]
 313:Generated_Source\PSoC4/cyfitter_cfg.c **** 	CY_SET_XTND_REG32((void CYFAR *)(CYREG_GPIO_PRT2_PC2), 0x00000018u);
 328              		.loc 1 313 0
 329 00f2 114A     		ldr	r2, .L13+36
 330 00f4 1360     		str	r3, [r2]
 314:Generated_Source\PSoC4/cyfitter_cfg.c **** 
 315:Generated_Source\PSoC4/cyfitter_cfg.c **** 	/* IOPINS0_3 Starting address: CYDEV_GPIO_PRT3_BASE */
 316:Generated_Source\PSoC4/cyfitter_cfg.c **** 	CY_SET_XTND_REG32((void CYFAR *)(CYDEV_GPIO_PRT3_BASE), 0x00000003u);
 331              		.loc 1 316 0
 332 00f6 0322     		mov	r2, #3
 333 00f8 104B     		ldr	r3, .L13+40
 334 00fa 1A60     		str	r2, [r3]
 317:Generated_Source\PSoC4/cyfitter_cfg.c **** 	CY_SET_XTND_REG32((void CYFAR *)(CYREG_GPIO_PRT3_PC), 0x00000024u);
 335              		.loc 1 317 0
 336 00fc 2423     		mov	r3, #36
 337 00fe 1049     		ldr	r1, .L13+44
 338 0100 0B60     		str	r3, [r1]
 318:Generated_Source\PSoC4/cyfitter_cfg.c **** 
 319:Generated_Source\PSoC4/cyfitter_cfg.c **** 	/* IOPINS0_4 Starting address: CYDEV_GPIO_PRT4_BASE */
 320:Generated_Source\PSoC4/cyfitter_cfg.c **** 	CY_SET_XTND_REG32((void CYFAR *)(CYDEV_GPIO_PRT4_BASE), 0x00000003u);
 339              		.loc 1 320 0
 340 0102 1049     		ldr	r1, .L13+48
 341 0104 0A60     		str	r2, [r1]
 321:Generated_Source\PSoC4/cyfitter_cfg.c **** 	CY_SET_XTND_REG32((void CYFAR *)(CYREG_GPIO_PRT4_PC), 0x00000024u);
 342              		.loc 1 321 0
 343 0106 104A     		ldr	r2, .L13+52
 344 0108 1360     		str	r3, [r2]
 322:Generated_Source\PSoC4/cyfitter_cfg.c **** 
 323:Generated_Source\PSoC4/cyfitter_cfg.c **** 
 324:Generated_Source\PSoC4/cyfitter_cfg.c **** 	/* Setup clocks based on selections from Clock DWR */
ARM GAS  C:\Users\Zeus\AppData\Local\Temp\ccO1yFOk.s 			page 13


 325:Generated_Source\PSoC4/cyfitter_cfg.c **** 	ClockSetup();
 345              		.loc 1 325 0
 346 010a FFF779FF 		bl	ClockSetup
 347              	.LVL8:
 326:Generated_Source\PSoC4/cyfitter_cfg.c **** 
 327:Generated_Source\PSoC4/cyfitter_cfg.c **** 	/* Perform basic analog initialization to defaults */
 328:Generated_Source\PSoC4/cyfitter_cfg.c **** 	AnalogSetDefault();
 348              		.loc 1 328 0
 349 010e FFF7FEFF 		bl	AnalogSetDefault
 350              	.LVL9:
 329:Generated_Source\PSoC4/cyfitter_cfg.c **** 
 330:Generated_Source\PSoC4/cyfitter_cfg.c **** }
 351              		.loc 1 330 0
 352              		@ sp needed
 353 0112 08BD     		pop	{r3, pc}
 354              	.L14:
 355              		.align	2
 356              	.L13:
 357 0114 00000240 		.word	1073872896
 358 0118 00010240 		.word	1073873152
 359 011c 00030240 		.word	1073873664
 360 0120 00040240 		.word	1073873920
 361 0124 04013F40 		.word	1077870852
 362 0128 08000440 		.word	1074003976
 363 012c 00010440 		.word	1074004224
 364 0130 08010440 		.word	1074004232
 365 0134 00020440 		.word	1074004480
 366 0138 18020440 		.word	1074004504
 367 013c 00030440 		.word	1074004736
 368 0140 08030440 		.word	1074004744
 369 0144 00040440 		.word	1074004992
 370 0148 08040440 		.word	1074005000
 371              		.cfi_endproc
 372              	.LFE7:
 373              		.size	cyfitter_cfg, .-cyfitter_cfg
 374              		.text
 375              	.Letext0:
 376              		.file 2 "Generated_Source\\PSoC4\\cytypes.h"
 377              		.file 3 "Generated_Source\\PSoC4\\CyLib.h"
 378              		.file 4 "Generated_Source\\PSoC4\\CyLFClk.h"
 379              		.section	.debug_info,"",%progbits
 380              	.Ldebug_info0:
 381 0000 84010000 		.4byte	0x184
 382 0004 0400     		.2byte	0x4
 383 0006 00000000 		.4byte	.Ldebug_abbrev0
 384 000a 04       		.byte	0x4
 385 000b 01       		.uleb128 0x1
 386 000c 99010000 		.4byte	.LASF20
 387 0010 01       		.byte	0x1
 388 0011 15000000 		.4byte	.LASF21
 389 0015 0B010000 		.4byte	.LASF22
 390 0019 00000000 		.4byte	.Ldebug_ranges0+0
 391 001d 00000000 		.4byte	0
 392 0021 00000000 		.4byte	.Ldebug_line0
 393 0025 02       		.uleb128 0x2
 394 0026 04       		.byte	0x4
 395 0027 05       		.byte	0x5
ARM GAS  C:\Users\Zeus\AppData\Local\Temp\ccO1yFOk.s 			page 14


 396 0028 696E7400 		.ascii	"int\000"
 397 002c 03       		.uleb128 0x3
 398 002d 04       		.byte	0x4
 399 002e 07       		.byte	0x7
 400 002f 3B000000 		.4byte	.LASF0
 401 0033 03       		.uleb128 0x3
 402 0034 01       		.byte	0x1
 403 0035 06       		.byte	0x6
 404 0036 8D010000 		.4byte	.LASF1
 405 003a 03       		.uleb128 0x3
 406 003b 01       		.byte	0x1
 407 003c 08       		.byte	0x8
 408 003d B5000000 		.4byte	.LASF2
 409 0041 03       		.uleb128 0x3
 410 0042 02       		.byte	0x2
 411 0043 05       		.byte	0x5
 412 0044 3C020000 		.4byte	.LASF3
 413 0048 03       		.uleb128 0x3
 414 0049 02       		.byte	0x2
 415 004a 07       		.byte	0x7
 416 004b 7A010000 		.4byte	.LASF4
 417 004f 03       		.uleb128 0x3
 418 0050 04       		.byte	0x4
 419 0051 05       		.byte	0x5
 420 0052 C8000000 		.4byte	.LASF5
 421 0056 03       		.uleb128 0x3
 422 0057 04       		.byte	0x4
 423 0058 07       		.byte	0x7
 424 0059 4E000000 		.4byte	.LASF6
 425 005d 03       		.uleb128 0x3
 426 005e 08       		.byte	0x8
 427 005f 05       		.byte	0x5
 428 0060 00000000 		.4byte	.LASF7
 429 0064 03       		.uleb128 0x3
 430 0065 08       		.byte	0x8
 431 0066 07       		.byte	0x7
 432 0067 6D000000 		.4byte	.LASF8
 433 006b 03       		.uleb128 0x3
 434 006c 04       		.byte	0x4
 435 006d 07       		.byte	0x7
 436 006e 46020000 		.4byte	.LASF9
 437 0072 03       		.uleb128 0x3
 438 0073 01       		.byte	0x1
 439 0074 08       		.byte	0x8
 440 0075 C3000000 		.4byte	.LASF10
 441 0079 04       		.uleb128 0x4
 442 007a 48000000 		.4byte	.LASF11
 443 007e 02       		.byte	0x2
 444 007f B901     		.2byte	0x1b9
 445 0081 3A000000 		.4byte	0x3a
 446 0085 04       		.uleb128 0x4
 447 0086 0E000000 		.4byte	.LASF12
 448 008a 02       		.byte	0x2
 449 008b BB01     		.2byte	0x1bb
 450 008d 56000000 		.4byte	0x56
 451 0091 03       		.uleb128 0x3
 452 0092 04       		.byte	0x4
ARM GAS  C:\Users\Zeus\AppData\Local\Temp\ccO1yFOk.s 			page 15


 453 0093 04       		.byte	0x4
 454 0094 84000000 		.4byte	.LASF13
 455 0098 03       		.uleb128 0x3
 456 0099 08       		.byte	0x8
 457 009a 04       		.byte	0x4
 458 009b 04010000 		.4byte	.LASF14
 459 009f 04       		.uleb128 0x4
 460 00a0 74010000 		.4byte	.LASF15
 461 00a4 02       		.byte	0x2
 462 00a5 6502     		.2byte	0x265
 463 00a7 AB000000 		.4byte	0xab
 464 00ab 05       		.uleb128 0x5
 465 00ac 85000000 		.4byte	0x85
 466 00b0 06       		.uleb128 0x6
 467 00b1 E2000000 		.4byte	.LASF16
 468 00b5 01       		.byte	0x1
 469 00b6 9C       		.byte	0x9c
 470 00b7 00000000 		.4byte	.LFB4
 471 00bb B8000000 		.4byte	.LFE4-.LFB4
 472 00bf 01       		.uleb128 0x1
 473 00c0 9C       		.byte	0x9c
 474 00c1 E9000000 		.4byte	0xe9
 475 00c5 07       		.uleb128 0x7
 476 00c6 0E000000 		.4byte	.LVL0
 477 00ca 69010000 		.4byte	0x169
 478 00ce D9000000 		.4byte	0xd9
 479 00d2 08       		.uleb128 0x8
 480 00d3 01       		.uleb128 0x1
 481 00d4 50       		.byte	0x50
 482 00d5 02       		.uleb128 0x2
 483 00d6 08       		.byte	0x8
 484 00d7 30       		.byte	0x30
 485 00d8 00       		.byte	0
 486 00d9 09       		.uleb128 0x9
 487 00da 6C000000 		.4byte	.LVL1
 488 00de 7A010000 		.4byte	0x17a
 489 00e2 08       		.uleb128 0x8
 490 00e3 01       		.uleb128 0x1
 491 00e4 50       		.byte	0x50
 492 00e5 01       		.uleb128 0x1
 493 00e6 30       		.byte	0x30
 494 00e7 00       		.byte	0
 495 00e8 00       		.byte	0
 496 00e9 0A       		.uleb128 0xa
 497 00ea 8A000000 		.4byte	.LASF18
 498 00ee 01       		.byte	0x1
 499 00ef FC       		.byte	0xfc
 500 00f0 00000000 		.4byte	.LFB6
 501 00f4 20000000 		.4byte	.LFE6-.LFB6
 502 00f8 01       		.uleb128 0x1
 503 00f9 9C       		.byte	0x9c
 504 00fa 1B010000 		.4byte	0x11b
 505 00fe 0B       		.uleb128 0xb
 506 00ff 2B020000 		.4byte	.LASF23
 507 0103 01       		.byte	0x1
 508 0104 FC       		.byte	0xfc
 509 0105 79000000 		.4byte	0x79
ARM GAS  C:\Users\Zeus\AppData\Local\Temp\ccO1yFOk.s 			page 16


 510 0109 01       		.uleb128 0x1
 511 010a 50       		.byte	0x50
 512 010b 0C       		.uleb128 0xc
 513 010c 33020000 		.4byte	.LASF24
 514 0110 01       		.byte	0x1
 515 0111 FE       		.byte	0xfe
 516 0112 85000000 		.4byte	0x85
 517 0116 00000000 		.4byte	.LLST0
 518 011a 00       		.byte	0
 519 011b 06       		.uleb128 0x6
 520 011c D1000000 		.4byte	.LASF17
 521 0120 01       		.byte	0x1
 522 0121 D9       		.byte	0xd9
 523 0122 00000000 		.4byte	.LFB5
 524 0126 A4000000 		.4byte	.LFE5-.LFB5
 525 012a 01       		.uleb128 0x1
 526 012b 9C       		.byte	0x9c
 527 012c 40010000 		.4byte	0x140
 528 0130 09       		.uleb128 0x9
 529 0131 56000000 		.4byte	.LVL7
 530 0135 E9000000 		.4byte	0xe9
 531 0139 08       		.uleb128 0x8
 532 013a 01       		.uleb128 0x1
 533 013b 50       		.byte	0x50
 534 013c 01       		.uleb128 0x1
 535 013d 31       		.byte	0x31
 536 013e 00       		.byte	0
 537 013f 00       		.byte	0
 538 0140 0D       		.uleb128 0xd
 539 0141 60000000 		.4byte	.LASF19
 540 0145 01       		.byte	0x1
 541 0146 1E01     		.2byte	0x11e
 542 0148 B8000000 		.4byte	.LFB7
 543 014c 94000000 		.4byte	.LFE7-.LFB7
 544 0150 01       		.uleb128 0x1
 545 0151 9C       		.byte	0x9c
 546 0152 69010000 		.4byte	0x169
 547 0156 0E       		.uleb128 0xe
 548 0157 0E010000 		.4byte	.LVL8
 549 015b B0000000 		.4byte	0xb0
 550 015f 0E       		.uleb128 0xe
 551 0160 12010000 		.4byte	.LVL9
 552 0164 1B010000 		.4byte	0x11b
 553 0168 00       		.byte	0
 554 0169 0F       		.uleb128 0xf
 555 016a A0000000 		.4byte	.LASF25
 556 016e 03       		.byte	0x3
 557 016f 6C       		.byte	0x6c
 558 0170 7A010000 		.4byte	0x17a
 559 0174 10       		.uleb128 0x10
 560 0175 85000000 		.4byte	0x85
 561 0179 00       		.byte	0
 562 017a 11       		.uleb128 0x11
 563 017b ED000000 		.4byte	.LASF26
 564 017f 04       		.byte	0x4
 565 0180 9F       		.byte	0x9f
 566 0181 10       		.uleb128 0x10
ARM GAS  C:\Users\Zeus\AppData\Local\Temp\ccO1yFOk.s 			page 17


 567 0182 85000000 		.4byte	0x85
 568 0186 00       		.byte	0
 569 0187 00       		.byte	0
 570              		.section	.debug_abbrev,"",%progbits
 571              	.Ldebug_abbrev0:
 572 0000 01       		.uleb128 0x1
 573 0001 11       		.uleb128 0x11
 574 0002 01       		.byte	0x1
 575 0003 25       		.uleb128 0x25
 576 0004 0E       		.uleb128 0xe
 577 0005 13       		.uleb128 0x13
 578 0006 0B       		.uleb128 0xb
 579 0007 03       		.uleb128 0x3
 580 0008 0E       		.uleb128 0xe
 581 0009 1B       		.uleb128 0x1b
 582 000a 0E       		.uleb128 0xe
 583 000b 55       		.uleb128 0x55
 584 000c 17       		.uleb128 0x17
 585 000d 11       		.uleb128 0x11
 586 000e 01       		.uleb128 0x1
 587 000f 10       		.uleb128 0x10
 588 0010 17       		.uleb128 0x17
 589 0011 00       		.byte	0
 590 0012 00       		.byte	0
 591 0013 02       		.uleb128 0x2
 592 0014 24       		.uleb128 0x24
 593 0015 00       		.byte	0
 594 0016 0B       		.uleb128 0xb
 595 0017 0B       		.uleb128 0xb
 596 0018 3E       		.uleb128 0x3e
 597 0019 0B       		.uleb128 0xb
 598 001a 03       		.uleb128 0x3
 599 001b 08       		.uleb128 0x8
 600 001c 00       		.byte	0
 601 001d 00       		.byte	0
 602 001e 03       		.uleb128 0x3
 603 001f 24       		.uleb128 0x24
 604 0020 00       		.byte	0
 605 0021 0B       		.uleb128 0xb
 606 0022 0B       		.uleb128 0xb
 607 0023 3E       		.uleb128 0x3e
 608 0024 0B       		.uleb128 0xb
 609 0025 03       		.uleb128 0x3
 610 0026 0E       		.uleb128 0xe
 611 0027 00       		.byte	0
 612 0028 00       		.byte	0
 613 0029 04       		.uleb128 0x4
 614 002a 16       		.uleb128 0x16
 615 002b 00       		.byte	0
 616 002c 03       		.uleb128 0x3
 617 002d 0E       		.uleb128 0xe
 618 002e 3A       		.uleb128 0x3a
 619 002f 0B       		.uleb128 0xb
 620 0030 3B       		.uleb128 0x3b
 621 0031 05       		.uleb128 0x5
 622 0032 49       		.uleb128 0x49
 623 0033 13       		.uleb128 0x13
ARM GAS  C:\Users\Zeus\AppData\Local\Temp\ccO1yFOk.s 			page 18


 624 0034 00       		.byte	0
 625 0035 00       		.byte	0
 626 0036 05       		.uleb128 0x5
 627 0037 35       		.uleb128 0x35
 628 0038 00       		.byte	0
 629 0039 49       		.uleb128 0x49
 630 003a 13       		.uleb128 0x13
 631 003b 00       		.byte	0
 632 003c 00       		.byte	0
 633 003d 06       		.uleb128 0x6
 634 003e 2E       		.uleb128 0x2e
 635 003f 01       		.byte	0x1
 636 0040 03       		.uleb128 0x3
 637 0041 0E       		.uleb128 0xe
 638 0042 3A       		.uleb128 0x3a
 639 0043 0B       		.uleb128 0xb
 640 0044 3B       		.uleb128 0x3b
 641 0045 0B       		.uleb128 0xb
 642 0046 27       		.uleb128 0x27
 643 0047 19       		.uleb128 0x19
 644 0048 11       		.uleb128 0x11
 645 0049 01       		.uleb128 0x1
 646 004a 12       		.uleb128 0x12
 647 004b 06       		.uleb128 0x6
 648 004c 40       		.uleb128 0x40
 649 004d 18       		.uleb128 0x18
 650 004e 9742     		.uleb128 0x2117
 651 0050 19       		.uleb128 0x19
 652 0051 01       		.uleb128 0x1
 653 0052 13       		.uleb128 0x13
 654 0053 00       		.byte	0
 655 0054 00       		.byte	0
 656 0055 07       		.uleb128 0x7
 657 0056 898201   		.uleb128 0x4109
 658 0059 01       		.byte	0x1
 659 005a 11       		.uleb128 0x11
 660 005b 01       		.uleb128 0x1
 661 005c 31       		.uleb128 0x31
 662 005d 13       		.uleb128 0x13
 663 005e 01       		.uleb128 0x1
 664 005f 13       		.uleb128 0x13
 665 0060 00       		.byte	0
 666 0061 00       		.byte	0
 667 0062 08       		.uleb128 0x8
 668 0063 8A8201   		.uleb128 0x410a
 669 0066 00       		.byte	0
 670 0067 02       		.uleb128 0x2
 671 0068 18       		.uleb128 0x18
 672 0069 9142     		.uleb128 0x2111
 673 006b 18       		.uleb128 0x18
 674 006c 00       		.byte	0
 675 006d 00       		.byte	0
 676 006e 09       		.uleb128 0x9
 677 006f 898201   		.uleb128 0x4109
 678 0072 01       		.byte	0x1
 679 0073 11       		.uleb128 0x11
 680 0074 01       		.uleb128 0x1
ARM GAS  C:\Users\Zeus\AppData\Local\Temp\ccO1yFOk.s 			page 19


 681 0075 31       		.uleb128 0x31
 682 0076 13       		.uleb128 0x13
 683 0077 00       		.byte	0
 684 0078 00       		.byte	0
 685 0079 0A       		.uleb128 0xa
 686 007a 2E       		.uleb128 0x2e
 687 007b 01       		.byte	0x1
 688 007c 3F       		.uleb128 0x3f
 689 007d 19       		.uleb128 0x19
 690 007e 03       		.uleb128 0x3
 691 007f 0E       		.uleb128 0xe
 692 0080 3A       		.uleb128 0x3a
 693 0081 0B       		.uleb128 0xb
 694 0082 3B       		.uleb128 0x3b
 695 0083 0B       		.uleb128 0xb
 696 0084 27       		.uleb128 0x27
 697 0085 19       		.uleb128 0x19
 698 0086 11       		.uleb128 0x11
 699 0087 01       		.uleb128 0x1
 700 0088 12       		.uleb128 0x12
 701 0089 06       		.uleb128 0x6
 702 008a 40       		.uleb128 0x40
 703 008b 18       		.uleb128 0x18
 704 008c 9742     		.uleb128 0x2117
 705 008e 19       		.uleb128 0x19
 706 008f 01       		.uleb128 0x1
 707 0090 13       		.uleb128 0x13
 708 0091 00       		.byte	0
 709 0092 00       		.byte	0
 710 0093 0B       		.uleb128 0xb
 711 0094 05       		.uleb128 0x5
 712 0095 00       		.byte	0
 713 0096 03       		.uleb128 0x3
 714 0097 0E       		.uleb128 0xe
 715 0098 3A       		.uleb128 0x3a
 716 0099 0B       		.uleb128 0xb
 717 009a 3B       		.uleb128 0x3b
 718 009b 0B       		.uleb128 0xb
 719 009c 49       		.uleb128 0x49
 720 009d 13       		.uleb128 0x13
 721 009e 02       		.uleb128 0x2
 722 009f 18       		.uleb128 0x18
 723 00a0 00       		.byte	0
 724 00a1 00       		.byte	0
 725 00a2 0C       		.uleb128 0xc
 726 00a3 34       		.uleb128 0x34
 727 00a4 00       		.byte	0
 728 00a5 03       		.uleb128 0x3
 729 00a6 0E       		.uleb128 0xe
 730 00a7 3A       		.uleb128 0x3a
 731 00a8 0B       		.uleb128 0xb
 732 00a9 3B       		.uleb128 0x3b
 733 00aa 0B       		.uleb128 0xb
 734 00ab 49       		.uleb128 0x49
 735 00ac 13       		.uleb128 0x13
 736 00ad 02       		.uleb128 0x2
 737 00ae 17       		.uleb128 0x17
ARM GAS  C:\Users\Zeus\AppData\Local\Temp\ccO1yFOk.s 			page 20


 738 00af 00       		.byte	0
 739 00b0 00       		.byte	0
 740 00b1 0D       		.uleb128 0xd
 741 00b2 2E       		.uleb128 0x2e
 742 00b3 01       		.byte	0x1
 743 00b4 3F       		.uleb128 0x3f
 744 00b5 19       		.uleb128 0x19
 745 00b6 03       		.uleb128 0x3
 746 00b7 0E       		.uleb128 0xe
 747 00b8 3A       		.uleb128 0x3a
 748 00b9 0B       		.uleb128 0xb
 749 00ba 3B       		.uleb128 0x3b
 750 00bb 05       		.uleb128 0x5
 751 00bc 27       		.uleb128 0x27
 752 00bd 19       		.uleb128 0x19
 753 00be 11       		.uleb128 0x11
 754 00bf 01       		.uleb128 0x1
 755 00c0 12       		.uleb128 0x12
 756 00c1 06       		.uleb128 0x6
 757 00c2 40       		.uleb128 0x40
 758 00c3 18       		.uleb128 0x18
 759 00c4 9742     		.uleb128 0x2117
 760 00c6 19       		.uleb128 0x19
 761 00c7 01       		.uleb128 0x1
 762 00c8 13       		.uleb128 0x13
 763 00c9 00       		.byte	0
 764 00ca 00       		.byte	0
 765 00cb 0E       		.uleb128 0xe
 766 00cc 898201   		.uleb128 0x4109
 767 00cf 00       		.byte	0
 768 00d0 11       		.uleb128 0x11
 769 00d1 01       		.uleb128 0x1
 770 00d2 31       		.uleb128 0x31
 771 00d3 13       		.uleb128 0x13
 772 00d4 00       		.byte	0
 773 00d5 00       		.byte	0
 774 00d6 0F       		.uleb128 0xf
 775 00d7 2E       		.uleb128 0x2e
 776 00d8 01       		.byte	0x1
 777 00d9 3F       		.uleb128 0x3f
 778 00da 19       		.uleb128 0x19
 779 00db 03       		.uleb128 0x3
 780 00dc 0E       		.uleb128 0xe
 781 00dd 3A       		.uleb128 0x3a
 782 00de 0B       		.uleb128 0xb
 783 00df 3B       		.uleb128 0x3b
 784 00e0 0B       		.uleb128 0xb
 785 00e1 27       		.uleb128 0x27
 786 00e2 19       		.uleb128 0x19
 787 00e3 3C       		.uleb128 0x3c
 788 00e4 19       		.uleb128 0x19
 789 00e5 01       		.uleb128 0x1
 790 00e6 13       		.uleb128 0x13
 791 00e7 00       		.byte	0
 792 00e8 00       		.byte	0
 793 00e9 10       		.uleb128 0x10
 794 00ea 05       		.uleb128 0x5
ARM GAS  C:\Users\Zeus\AppData\Local\Temp\ccO1yFOk.s 			page 21


 795 00eb 00       		.byte	0
 796 00ec 49       		.uleb128 0x49
 797 00ed 13       		.uleb128 0x13
 798 00ee 00       		.byte	0
 799 00ef 00       		.byte	0
 800 00f0 11       		.uleb128 0x11
 801 00f1 2E       		.uleb128 0x2e
 802 00f2 01       		.byte	0x1
 803 00f3 3F       		.uleb128 0x3f
 804 00f4 19       		.uleb128 0x19
 805 00f5 03       		.uleb128 0x3
 806 00f6 0E       		.uleb128 0xe
 807 00f7 3A       		.uleb128 0x3a
 808 00f8 0B       		.uleb128 0xb
 809 00f9 3B       		.uleb128 0x3b
 810 00fa 0B       		.uleb128 0xb
 811 00fb 27       		.uleb128 0x27
 812 00fc 19       		.uleb128 0x19
 813 00fd 3C       		.uleb128 0x3c
 814 00fe 19       		.uleb128 0x19
 815 00ff 00       		.byte	0
 816 0100 00       		.byte	0
 817 0101 00       		.byte	0
 818              		.section	.debug_loc,"",%progbits
 819              	.Ldebug_loc0:
 820              	.LLST0:
 821 0000 04000000 		.4byte	.LVL3
 822 0004 12000000 		.4byte	.LVL5
 823 0008 0100     		.2byte	0x1
 824 000a 53       		.byte	0x53
 825 000b 14000000 		.4byte	.LVL6
 826 000f 20000000 		.4byte	.LFE6
 827 0013 0100     		.2byte	0x1
 828 0015 53       		.byte	0x53
 829 0016 00000000 		.4byte	0
 830 001a 00000000 		.4byte	0
 831              		.section	.debug_aranges,"",%progbits
 832 0000 34000000 		.4byte	0x34
 833 0004 0200     		.2byte	0x2
 834 0006 00000000 		.4byte	.Ldebug_info0
 835 000a 04       		.byte	0x4
 836 000b 00       		.byte	0
 837 000c 0000     		.2byte	0
 838 000e 0000     		.2byte	0
 839 0010 00000000 		.4byte	.LFB4
 840 0014 B8000000 		.4byte	.LFE4-.LFB4
 841 0018 00000000 		.4byte	.LFB6
 842 001c 20000000 		.4byte	.LFE6-.LFB6
 843 0020 00000000 		.4byte	.LFB5
 844 0024 A4000000 		.4byte	.LFE5-.LFB5
 845 0028 B8000000 		.4byte	.LFB7
 846 002c 94000000 		.4byte	.LFE7-.LFB7
 847 0030 00000000 		.4byte	0
 848 0034 00000000 		.4byte	0
 849              		.section	.debug_ranges,"",%progbits
 850              	.Ldebug_ranges0:
 851 0000 00000000 		.4byte	.LFB4
ARM GAS  C:\Users\Zeus\AppData\Local\Temp\ccO1yFOk.s 			page 22


 852 0004 B8000000 		.4byte	.LFE4
 853 0008 00000000 		.4byte	.LFB6
 854 000c 20000000 		.4byte	.LFE6
 855 0010 00000000 		.4byte	.LFB5
 856 0014 A4000000 		.4byte	.LFE5
 857 0018 B8000000 		.4byte	.LFB7
 858 001c 4C010000 		.4byte	.LFE7
 859 0020 00000000 		.4byte	0
 860 0024 00000000 		.4byte	0
 861              		.section	.debug_line,"",%progbits
 862              	.Ldebug_line0:
 863 0000 D9000000 		.section	.debug_str,"MS",%progbits,1
 863      02006100 
 863      00000201 
 863      FB0E0D00 
 863      01010101 
 864              	.LASF7:
 865 0000 6C6F6E67 		.ascii	"long long int\000"
 865      206C6F6E 
 865      6720696E 
 865      7400
 866              	.LASF12:
 867 000e 75696E74 		.ascii	"uint32\000"
 867      333200
 868              	.LASF21:
 869 0015 47656E65 		.ascii	"Generated_Source\\PSoC4\\cyfitter_cfg.c\000"
 869      72617465 
 869      645F536F 
 869      75726365 
 869      5C50536F 
 870              	.LASF0:
 871 003b 756E7369 		.ascii	"unsigned int\000"
 871      676E6564 
 871      20696E74 
 871      00
 872              	.LASF11:
 873 0048 75696E74 		.ascii	"uint8\000"
 873      3800
 874              	.LASF6:
 875 004e 6C6F6E67 		.ascii	"long unsigned int\000"
 875      20756E73 
 875      69676E65 
 875      6420696E 
 875      7400
 876              	.LASF19:
 877 0060 63796669 		.ascii	"cyfitter_cfg\000"
 877      74746572 
 877      5F636667 
 877      00
 878              	.LASF8:
 879 006d 6C6F6E67 		.ascii	"long long unsigned int\000"
 879      206C6F6E 
 879      6720756E 
 879      7369676E 
 879      65642069 
 880              	.LASF13:
 881 0084 666C6F61 		.ascii	"float\000"
ARM GAS  C:\Users\Zeus\AppData\Local\Temp\ccO1yFOk.s 			page 23


 881      7400
 882              	.LASF18:
 883 008a 53657441 		.ascii	"SetAnalogRoutingPumps\000"
 883      6E616C6F 
 883      67526F75 
 883      74696E67 
 883      50756D70 
 884              	.LASF25:
 885 00a0 43795379 		.ascii	"CySysClkWriteImoFreq\000"
 885      73436C6B 
 885      57726974 
 885      65496D6F 
 885      46726571 
 886              	.LASF2:
 887 00b5 756E7369 		.ascii	"unsigned char\000"
 887      676E6564 
 887      20636861 
 887      7200
 888              	.LASF10:
 889 00c3 63686172 		.ascii	"char\000"
 889      00
 890              	.LASF5:
 891 00c8 6C6F6E67 		.ascii	"long int\000"
 891      20696E74 
 891      00
 892              	.LASF17:
 893 00d1 416E616C 		.ascii	"AnalogSetDefault\000"
 893      6F675365 
 893      74446566 
 893      61756C74 
 893      00
 894              	.LASF16:
 895 00e2 436C6F63 		.ascii	"ClockSetup\000"
 895      6B536574 
 895      757000
 896              	.LASF26:
 897 00ed 43795379 		.ascii	"CySysClkSetTimerSource\000"
 897      73436C6B 
 897      53657454 
 897      696D6572 
 897      536F7572 
 898              	.LASF14:
 899 0104 646F7562 		.ascii	"double\000"
 899      6C6500
 900              	.LASF22:
 901 010b 433A5C55 		.ascii	"C:\\Users\\Zeus\\Documents\\PSoC Creator\\CE211252_"
 901      73657273 
 901      5C5A6575 
 901      735C446F 
 901      63756D65 
 902 0139 416D6269 		.ascii	"Ambient_Light_Sensing\\CE211252_Ambient_Light_Sensi"
 902      656E745F 
 902      4C696768 
 902      745F5365 
 902      6E73696E 
 903 016b 6E672E63 		.ascii	"ng.cydsn\000"
 903      7964736E 
ARM GAS  C:\Users\Zeus\AppData\Local\Temp\ccO1yFOk.s 			page 24


 903      00
 904              	.LASF15:
 905 0174 72656733 		.ascii	"reg32\000"
 905      3200
 906              	.LASF4:
 907 017a 73686F72 		.ascii	"short unsigned int\000"
 907      7420756E 
 907      7369676E 
 907      65642069 
 907      6E7400
 908              	.LASF1:
 909 018d 7369676E 		.ascii	"signed char\000"
 909      65642063 
 909      68617200 
 910              	.LASF20:
 911 0199 474E5520 		.ascii	"GNU C 4.9.3 20150303 (release) [ARM/embedded-4_9-br"
 911      4320342E 
 911      392E3320 
 911      32303135 
 911      30333033 
 912 01cc 616E6368 		.ascii	"anch revision 221220] -mcpu=cortex-m0plus -mthumb -"
 912      20726576 
 912      6973696F 
 912      6E203232 
 912      31323230 
 913 01ff 67202D4F 		.ascii	"g -Og -ffunction-sections -ffat-lto-objects\000"
 913      67202D66 
 913      66756E63 
 913      74696F6E 
 913      2D736563 
 914              	.LASF23:
 915 022b 656E6162 		.ascii	"enabled\000"
 915      6C656400 
 916              	.LASF24:
 917 0233 72656756 		.ascii	"regValue\000"
 917      616C7565 
 917      00
 918              	.LASF3:
 919 023c 73686F72 		.ascii	"short int\000"
 919      7420696E 
 919      7400
 920              	.LASF9:
 921 0246 73697A65 		.ascii	"sizetype\000"
 921      74797065 
 921      00
 922              		.ident	"GCC: (GNU Tools for ARM Embedded Processors) 4.9.3 20150303 (release) [ARM/embedded-4_9-br
