ARM GAS  C:\Users\Zeus\AppData\Local\Temp\ccAA10r4.s 			page 1


   1              		.cpu cortex-m0plus
   2              		.fpu softvfp
   3              		.eabi_attribute 20, 1
   4              		.eabi_attribute 21, 1
   5              		.eabi_attribute 23, 3
   6              		.eabi_attribute 24, 1
   7              		.eabi_attribute 25, 1
   8              		.eabi_attribute 26, 1
   9              		.eabi_attribute 30, 1
  10              		.eabi_attribute 34, 0
  11              		.eabi_attribute 18, 4
  12              		.code	16
  13              		.file	"main.c"
  14              		.text
  15              	.Ltext0:
  16              		.cfi_sections	.debug_frame
  17              		.section	.text.InitResources,"ax",%progbits
  18              		.align	2
  19              		.global	InitResources
  20              		.code	16
  21              		.thumb_func
  22              		.type	InitResources, %function
  23              	InitResources:
  24              	.LFB36:
  25              		.file 1 "main.c"
   1:main.c        **** /******************************************************************************
   2:main.c        **** * Project Name      : CE211252_Ambient_Light_Sensing
   3:main.c        **** * Version           : 1.0
   4:main.c        **** * Device Used       : CY8C4A45LQI-L483
   5:main.c        **** * Software Used     : PSoC Creator 3.3 CP3
   6:main.c        **** * Compiler Used     : ARM GCC 4.9.3 
   7:main.c        **** * Related Hardware  : CY8CKIT-048 PSoC Analog Coprocessor Pioneer Kit  
   8:main.c        **** *******************************************************************************
   9:main.c        **** * Copyright (2016), Cypress Semiconductor Corporation.
  10:main.c        **** *******************************************************************************
  11:main.c        **** * This software, including source code, documentation and related materials
  12:main.c        **** * ("Software") is owned by Cypress Semiconductor Corporation (Cypress) and is
  13:main.c        **** * protected by and subject to worldwide patent protection (United States and 
  14:main.c        **** * foreign), United States copyright laws and international treaty provisions. 
  15:main.c        **** * Cypress hereby grants to licensee a personal, non-exclusive, non-transferable
  16:main.c        **** * license to copy, use, modify, create derivative works of, and compile the 
  17:main.c        **** * Cypress source code and derivative works for the sole purpose of creating 
  18:main.c        **** * custom software in support of licensee product, such licensee product to be
  19:main.c        **** * used only in conjunction with Cypress's integrated circuit as specified in the
  20:main.c        **** * applicable agreement. Any reproduction, modification, translation, compilation,
  21:main.c        **** * or representation of this Software except as specified above is prohibited 
  22:main.c        **** * without the express written permission of Cypress.
  23:main.c        **** * 
  24:main.c        **** * Disclaimer: THIS SOFTWARE IS PROVIDED AS-IS, WITH NO WARRANTY OF ANY KIND, 
  25:main.c        **** * EXPRESS OR IMPLIED, INCLUDING, BUT NOT LIMITED TO, NONINFRINGEMENT, IMPLIED 
  26:main.c        **** * WARRANTIES OF MERCHANTABILITY AND FITNESS FOR A PARTICULAR PURPOSE.
  27:main.c        **** * Cypress reserves the right to make changes to the Software without notice. 
  28:main.c        **** * Cypress does not assume any liability arising out of the application or use
  29:main.c        **** * of Software or any product or circuit described in the Software. Cypress does
  30:main.c        **** * not authorize its products for use as critical components in any products 
  31:main.c        **** * where a malfunction or failure may reasonably be expected to result in 
  32:main.c        **** * significant injury or death ("ACTIVE Risk Product"). By including Cypress's 
ARM GAS  C:\Users\Zeus\AppData\Local\Temp\ccAA10r4.s 			page 2


  33:main.c        **** * product in a ACTIVE Risk Product, the manufacturer of such system or application
  34:main.c        **** * assumes all risk of such use and in doing so indemnifies Cypress against all
  35:main.c        **** * liability. Use of this Software may be limited by and subject to the applicable
  36:main.c        **** * Cypress software license agreement.
  37:main.c        **** *******************************************************************************/
  38:main.c        **** /*******************************************************************************
  39:main.c        **** * Theory of Operation: This code example demonstrates how to implement an analog 
  40:main.c        **** * front end (AFE) for an ambient light sensor (ALS) using the PSoC Analog Coprocessor.
  41:main.c        **** * The measured ALS current and the calculated light illuminance are sent over I2C 
  42:main.c        **** * using the Cypress Bridge Control Panel program. Also, the light illuminance value 
  43:main.c        **** * is used to control the brightness of an LED, such that the brightness corresponds 
  44:main.c        **** * to the ambient light illuminance.
  45:main.c        **** *******************************************************************************/
  46:main.c        **** 
  47:main.c        **** /* Header File Includes */
  48:main.c        **** #include <project.h>
  49:main.c        **** 
  50:main.c        **** /* IIR Filter coefficient */
  51:main.c        **** /* Cut off frequency = fs/(2 * pi * iir_filter_constant).  In this project fs ~= 1 ksps.
  52:main.c        **** This results in a cut-off frequency of 15.91 Hz.  We are using IIR filter as FIR requires 
  53:main.c        **** more order of filter to get the same cut-off frequency*/
  54:main.c        **** #define FILTER_COEFFICIENT_ALS			        (10)
  55:main.c        **** 
  56:main.c        **** /* Constants for photodiode current calculation */
  57:main.c        **** /* Scale Factor = (VREF / (2048 * 220K)) * 10^9 nA = 2.6633 
  58:main.c        ****    As the TIA produces a negative voltage, the scale factor is made 
  59:main.c        ****    negative */
  60:main.c        **** #define ALS_CURRENT_SCALE_FACTOR_NUMERATOR		(-26633)
  61:main.c        **** #define ALS_CURRENT_SCALE_FACTOR_DENOMINATOR	(10000)
  62:main.c        **** 
  63:main.c        **** /* Constants for ambient light calculation */
  64:main.c        **** /* Scale Factor = 10000Lx / 3000nA = 3.333 */
  65:main.c        **** #define ALS_LIGHT_SCALE_FACTOR_NUMERATOR		(3333)
  66:main.c        **** #define ALS_LIGHT_SCALE_FACTOR_DENOMINATOR		(1000)
  67:main.c        **** 
  68:main.c        **** #define PWM_DUTY_SCALE	         (1u)	
  69:main.c        **** #define PWM_DUTY_OFFSET	         (0)
  70:main.c        **** #define ADC_CHANNEL_ALS          (0u)	
  71:main.c        **** #define READ_WRITE_BOUNDARY      (0u)
  72:main.c        **** 
  73:main.c        **** 
  74:main.c        **** /* The I2C Slave address by default in a PSoC device is 8 */
  75:main.c        **** #define I2C_SLAVE_ADDRESS    (8u)
  76:main.c        **** /* Set the write buffer length to be 16 bits or 2 bytes */
  77:main.c        **** #define WR_BUFFER_SIZE       (2u)
  78:main.c        **** 
  79:main.c        **** 
  80:main.c        **** /* Structure that holds the ALS current and the ambient light illuminance value  */
  81:main.c        **** /* Use __attribute__((packed)) for GCC and MDK compilers to pack structures      */
  82:main.c        **** /* For other compilers use the corresponding directive.                          */
  83:main.c        **** /* For example, for IAR use the following directive                              */
  84:main.c        **** /* typedef __packed struct {..}struct_name;                                      */
  85:main.c        **** typedef struct __attribute__((packed))
  86:main.c        **** {
  87:main.c        **** 	int16 alsCurrent;			/* Ambient light sensor current output */
  88:main.c        **** 	uint16 illuminance; 		/* Ambient light illuminance */	
  89:main.c        **** }als_sensor_data;
ARM GAS  C:\Users\Zeus\AppData\Local\Temp\ccAA10r4.s 			page 3


  90:main.c        **** 
  91:main.c        **** /* Function Prototypes */
  92:main.c        **** void InitResources(void);
  93:main.c        **** 
  94:main.c        **** /* Declare the i2cBuffer to exchange sensor data between Bridge Control 
  95:main.c        **** Panel (BCP) and PSoC Analog Coprocessor */
  96:main.c        **** als_sensor_data i2cBuffer = {0, 0};
  97:main.c        **** 
  98:main.c        **** /*******************************************************************************
  99:main.c        **** * Function Name: main
 100:main.c        **** ********************************************************************************
 101:main.c        **** *
 102:main.c        **** * Summary:
 103:main.c        **** * This function initializes all the resources, and in an infinite loop, performs 
 104:main.c        **** * tasks to measure/calculate the ALS sensor output and to send the data over I2C
 105:main.c        **** as slave to the Bridge Control Panel and as master to an Arduino Uno.
 106:main.c        **** *
 107:main.c        **** * Parameters:
 108:main.c        **** * None
 109:main.c        **** *
 110:main.c        **** * Return:
 111:main.c        **** * int
 112:main.c        **** *
 113:main.c        **** * Side Effects:
 114:main.c        **** * None
 115:main.c        **** *******************************************************************************/
 116:main.c        **** int main()
 117:main.c        **** {
 118:main.c        **** 
 119:main.c        **** 	/* This variable is used to store the ADC result */
 120:main.c        **** 	int16 adcResult;
 121:main.c        **** 	
 122:main.c        **** 	/* These are used for firmware low pass filter input and output */
 123:main.c        **** 	int16 filterInput;
 124:main.c        **** 	int32 filterOutput = 0;
 125:main.c        **** 	
 126:main.c        ****     /* Variable to store sensor current and light illuminance */
 127:main.c        ****     int16 alsCurrent;
 128:main.c        ****     uint16 illuminance;
 129:main.c        ****     
 130:main.c        **** 	/* Variable to store the PWM Duty Cycle */
 131:main.c        **** 	unsigned int pwmDutyCycle;
 132:main.c        ****     
 133:main.c        ****     /* Variable to store the status returned by CyEnterCriticalSection()*/
 134:main.c        ****     uint8 interruptState = 0;
 135:main.c        **** 	
 136:main.c        **** 	/* Enable global interrupts */
 137:main.c        **** 	CyGlobalIntEnable;
 138:main.c        **** 	
 139:main.c        **** 	/* Initialize hardware resources */
 140:main.c        **** 	InitResources();
 141:main.c        ****     
 142:main.c        ****     /*******************************************
 143:main.c        ****     ********************************************
 144:main.c        ****     *BELL addition begins
 145:main.c        ****     ********************************************
 146:main.c        ****     ********************************************/
ARM GAS  C:\Users\Zeus\AppData\Local\Temp\ccAA10r4.s 			page 4


 147:main.c        ****     
 148:main.c        ****     
 149:main.c        ****     uint8 light;
 150:main.c        **** 
 151:main.c        **** 
 152:main.c        ****     /*******************************************
 153:main.c        ****     ********************************************
 154:main.c        ****     *BELL addition ENDS
 155:main.c        ****     ********************************************
 156:main.c        ****     ********************************************/
 157:main.c        ****     
 158:main.c        **** 	
 159:main.c        **** 	/* Infinite Loop */
 160:main.c        **** 	for(;;)
 161:main.c        ****     {
 162:main.c        **** 		/* Check if the ADC data is ready */
 163:main.c        **** 		if(ADC_IsEndConversion(ADC_RETURN_STATUS))
 164:main.c        **** 		{			
 165:main.c        **** 			/* Get the ADC result */
 166:main.c        **** 			adcResult = ADC_GetResult16(ADC_CHANNEL_ALS);	
 167:main.c        **** 			
 168:main.c        **** 			/* Low pass filter the ADC result */
 169:main.c        **** 			filterInput = adcResult;
 170:main.c        ****     		filterOutput = (filterInput + (FILTER_COEFFICIENT_ALS - 1)*filterOutput)/FILTER_COEFFICIENT_A
 171:main.c        ****     				
 172:main.c        **** 			/* Calculate the photodiode current */
 173:main.c        **** 			alsCurrent = (filterOutput * ALS_CURRENT_SCALE_FACTOR_NUMERATOR)/ALS_CURRENT_SCALE_FACTOR_DENOMI
 174:main.c        **** 			
 175:main.c        **** 			/* If the calculated current is negative, limit it to zero */
 176:main.c        **** 			if(alsCurrent < 0)
 177:main.c        **** 			{
 178:main.c        **** 				alsCurrent = 0;
 179:main.c        **** 			}
 180:main.c        **** 			
 181:main.c        **** 			/* Calculate the light illuminance */
 182:main.c        **** 			illuminance = (alsCurrent * ALS_LIGHT_SCALE_FACTOR_NUMERATOR)/ALS_LIGHT_SCALE_FACTOR_DENOMINATOR
 183:main.c        **** 		
 184:main.c        ****             /* Get the PWM duty cycle from the light illuminance value */
 185:main.c        **** 			pwmDutyCycle = ((unsigned int)illuminance*PWM_DUTY_SCALE)+PWM_DUTY_OFFSET;
 186:main.c        **** 	
 187:main.c        **** 			/* Limit the duty cycle */
 188:main.c        **** 			if(pwmDutyCycle>PWM_PWM_PERIOD_VALUE)
 189:main.c        **** 				pwmDutyCycle = PWM_PWM_PERIOD_VALUE;
 190:main.c        **** 			
 191:main.c        **** 			/* Update the PWM duty cycle */
 192:main.c        **** 			PWM_WriteCompare(PWM_PWM_PERIOD_VALUE-pwmDutyCycle);	
 193:main.c        ****             
 194:main.c        **** 			/* Enter critical section to check if I2C bus is busy or not */
 195:main.c        ****             interruptState = CyEnterCriticalSection();
 196:main.c        ****         	if(!(EZI2C_EzI2CGetActivity() & EZI2C_EZI2C_STATUS_BUSY))
 197:main.c        ****         	{
 198:main.c        ****                 /* Update I2C Buffer */
 199:main.c        ****     			i2cBuffer.alsCurrent = alsCurrent;
 200:main.c        ****     			i2cBuffer.illuminance = illuminance;
 201:main.c        ****             }
 202:main.c        ****             CyExitCriticalSection(interruptState);
 203:main.c        **** 		}
ARM GAS  C:\Users\Zeus\AppData\Local\Temp\ccAA10r4.s 			page 5


 204:main.c        ****         
 205:main.c        ****         
 206:main.c        ****         /*******************************************
 207:main.c        ****         ********************************************
 208:main.c        ****         *BELL addition begins
 209:main.c        ****         ********************************************
 210:main.c        ****         ********************************************/
 211:main.c        ****         
 212:main.c        ****         /*  Set up I2C as master */
 213:main.c        ****         /* Attempt to initiate communication with the slave until the function
 214:main.c        ****          * completes without error.
 215:main.c        ****          */
 216:main.c        ****         
 217:main.c        ****         do
 218:main.c        ****         {
 219:main.c        ****             /* automatically writes a buffer of data to a slave
 220:main.c        ****              * device from start to stop.
 221:main.c        ****               */
 222:main.c        ****             light = I2C_1_I2CMasterWriteBuf(I2C_1_I2C_SLAVE_ADDRESS, (uint8 *)&i2cBuffer,
 223:main.c        ****                                         WR_BUFFER_SIZE, I2C_1_I2C_MODE_COMPLETE_XFER);
 224:main.c        ****         }
 225:main.c        ****         while (light != I2C_1_I2C_MSTR_NO_ERROR);
 226:main.c        **** 
 227:main.c        ****         /* Wait for the data transfer to complete */
 228:main.c        ****         while(I2C_1_I2CMasterStatus() & I2C_1_I2C_MSTAT_XFER_INP);
 229:main.c        ****         
 230:main.c        ****         /*******************************************
 231:main.c        ****         ********************************************
 232:main.c        ****         *BELL addition ENDS
 233:main.c        ****         ********************************************
 234:main.c        ****         ********************************************/
 235:main.c        ****         
 236:main.c        ****     }
 237:main.c        **** }
 238:main.c        **** 
 239:main.c        **** /*******************************************************************************
 240:main.c        **** * Function Name: void InitResources(void)
 241:main.c        **** *****************  
 242:main.c        **** * Summary:
 243:main.c        **** *  This function initializes all the hardware resources
 244:main.c        **** *
 245:main.c        **** * Parameters:
 246:main.c        **** *  None
 247:main.c        **** *
 248:main.c        **** * Return:
 249:main.c        **** *  None
 250:main.c        **** *
 251:main.c        **** * Side Effects:
 252:main.c        **** *   None
 253:main.c        **** *******************************************************************************/
 254:main.c        **** void InitResources(void)
 255:main.c        **** {
  26              		.loc 1 255 0
  27              		.cfi_startproc
  28 0000 08B5     		push	{r3, lr}
  29              		.cfi_def_cfa_offset 8
  30              		.cfi_offset 3, -8
ARM GAS  C:\Users\Zeus\AppData\Local\Temp\ccAA10r4.s 			page 6


  31              		.cfi_offset 14, -4
 256:main.c        **** 	/* Start the Scanning SAR ADC Component and start conversion */
 257:main.c        **** 	ADC_Start();
  32              		.loc 1 257 0
  33 0002 FFF7FEFF 		bl	ADC_Start
  34              	.LVL0:
 258:main.c        **** 	ADC_StartConvert();
  35              		.loc 1 258 0
  36 0006 FFF7FEFF 		bl	ADC_StartConvert
  37              	.LVL1:
 259:main.c        **** 
 260:main.c        **** 	/* Start the trans-impedance amplifier (TIA) */
 261:main.c        **** 	Opamp_TIA_Start();
  38              		.loc 1 261 0
  39 000a FFF7FEFF 		bl	Opamp_TIA_Start
  40              	.LVL2:
 262:main.c        ****     
 263:main.c        ****     /* Start Reference buffer */
 264:main.c        **** 	RefBuffer_Start();
  41              		.loc 1 264 0
  42 000e FFF7FEFF 		bl	RefBuffer_Start
  43              	.LVL3:
 265:main.c        ****     
 266:main.c        **** 	/* Start Programmable Voltage Reference */
 267:main.c        **** 	PVref_Start();
  44              		.loc 1 267 0
  45 0012 FFF7FEFF 		bl	PVref_Start
  46              	.LVL4:
 268:main.c        ****     
 269:main.c        ****     /* Enable Programmable Voltage Reference */
 270:main.c        ****     PVref_Enable();
  47              		.loc 1 270 0
  48 0016 FFF7FEFF 		bl	PVref_Enable
  49              	.LVL5:
 271:main.c        **** 	
 272:main.c        **** 	/* Start PWM */
 273:main.c        **** 	PWM_Start();
  50              		.loc 1 273 0
  51 001a FFF7FEFF 		bl	PWM_Start
  52              	.LVL6:
 274:main.c        ****     
 275:main.c        **** 
 276:main.c        **** 	/* Start EZI2C Slave Component and initialize buffer */
 277:main.c        **** 	EZI2C_Start();
  53              		.loc 1 277 0
  54 001e FFF7FEFF 		bl	EZI2C_Start
  55              	.LVL7:
 278:main.c        **** 	EZI2C_EzI2CSetBuffer1(sizeof(i2cBuffer), READ_WRITE_BOUNDARY, (uint8*)&i2cBuffer);
  56              		.loc 1 278 0
  57 0022 0420     		mov	r0, #4
  58 0024 0021     		mov	r1, #0
  59 0026 034A     		ldr	r2, .L2
  60 0028 FFF7FEFF 		bl	EZI2C_EzI2CSetBuffer1
  61              	.LVL8:
 279:main.c        **** 
 280:main.c        ****     
 281:main.c        **** 
ARM GAS  C:\Users\Zeus\AppData\Local\Temp\ccAA10r4.s 			page 7


 282:main.c        ****         /*******************************************
 283:main.c        ****         ********************************************
 284:main.c        ****         *BELL addition begins
 285:main.c        ****         ********************************************
 286:main.c        ****         ********************************************/
 287:main.c        **** 	
 288:main.c        ****     
 289:main.c        ****     I2C_1_Start(); 
  62              		.loc 1 289 0
  63 002c FFF7FEFF 		bl	I2C_1_Start
  64              	.LVL9:
 290:main.c        ****     
 291:main.c        ****         
 292:main.c        **** }
  65              		.loc 1 292 0
  66              		@ sp needed
  67 0030 08BD     		pop	{r3, pc}
  68              	.L3:
  69 0032 C046     		.align	2
  70              	.L2:
  71 0034 00000000 		.word	.LANCHOR0
  72              		.cfi_endproc
  73              	.LFE36:
  74              		.size	InitResources, .-InitResources
  75              		.global	__aeabi_idiv
  76              		.section	.text.main,"ax",%progbits
  77              		.align	2
  78              		.global	main
  79              		.code	16
  80              		.thumb_func
  81              		.type	main, %function
  82              	main:
  83              	.LFB35:
 117:main.c        **** 
  84              		.loc 1 117 0
  85              		.cfi_startproc
  86 0000 F8B5     		push	{r3, r4, r5, r6, r7, lr}
  87              		.cfi_def_cfa_offset 24
  88              		.cfi_offset 3, -24
  89              		.cfi_offset 4, -20
  90              		.cfi_offset 5, -16
  91              		.cfi_offset 6, -12
  92              		.cfi_offset 7, -8
  93              		.cfi_offset 14, -4
  94              	.LVL10:
 137:main.c        **** 	
  95              		.loc 1 137 0
  96              	@ 137 "main.c" 1
  97 0002 62B6     		CPSIE   i
  98              	@ 0 "" 2
 140:main.c        ****     
  99              		.loc 1 140 0
 100              		.code	16
 101 0004 FFF7FEFF 		bl	InitResources
 102              	.LVL11:
 124:main.c        **** 	
 103              		.loc 1 124 0
ARM GAS  C:\Users\Zeus\AppData\Local\Temp\ccAA10r4.s 			page 8


 104 0008 0024     		mov	r4, #0
 105              	.LVL12:
 106              	.L11:
 163:main.c        **** 		{			
 107              		.loc 1 163 0
 108 000a 0120     		mov	r0, #1
 109 000c FFF7FEFF 		bl	ADC_IsEndConversion
 110              	.LVL13:
 111 0010 0028     		cmp	r0, #0
 112 0012 33D0     		beq	.L9
 166:main.c        **** 			
 113              		.loc 1 166 0
 114 0014 0020     		mov	r0, #0
 115 0016 FFF7FEFF 		bl	ADC_GetResult16
 116              	.LVL14:
 170:main.c        ****     				
 117              		.loc 1 170 0
 118 001a E300     		lsl	r3, r4, #3
 119 001c 1B19     		add	r3, r3, r4
 120 001e C018     		add	r0, r0, r3
 121              	.LVL15:
 122 0020 0A21     		mov	r1, #10
 123 0022 FFF7FEFF 		bl	__aeabi_idiv
 124              	.LVL16:
 125 0026 041C     		mov	r4, r0
 126              	.LVL17:
 173:main.c        **** 			
 127              		.loc 1 173 0
 128 0028 1B48     		ldr	r0, .L14
 129              	.LVL18:
 130 002a 6043     		mul	r0, r4
 131 002c 1B49     		ldr	r1, .L14+4
 132 002e FFF7FEFF 		bl	__aeabi_idiv
 133              	.LVL19:
 176:main.c        **** 			{
 134              		.loc 1 176 0
 135 0032 85B2     		uxth	r5, r0
 136 0034 0304     		lsl	r3, r0, #16
 137 0036 00D5     		bpl	.L6
 178:main.c        **** 			}
 138              		.loc 1 178 0
 139 0038 0025     		mov	r5, #0
 140              	.L6:
 141              	.LVL20:
 182:main.c        **** 		
 142              		.loc 1 182 0
 143 003a 28B2     		sxth	r0, r5
 144 003c 184B     		ldr	r3, .L14+8
 145 003e 5843     		mul	r0, r3
 146 0040 FA21     		mov	r1, #250
 147 0042 8900     		lsl	r1, r1, #2
 148 0044 FFF7FEFF 		bl	__aeabi_idiv
 149              	.LVL21:
 150 0048 86B2     		uxth	r6, r0
 151              	.LVL22:
 152 004a 0004     		lsl	r0, r0, #16
 153 004c 000C     		lsr	r0, r0, #16
ARM GAS  C:\Users\Zeus\AppData\Local\Temp\ccAA10r4.s 			page 9


 154              	.LVL23:
 188:main.c        **** 				pwmDutyCycle = PWM_PWM_PERIOD_VALUE;
 155              		.loc 1 188 0
 156 004e 9623     		mov	r3, #150
 157 0050 DB00     		lsl	r3, r3, #3
 158 0052 9842     		cmp	r0, r3
 159 0054 00D9     		bls	.L7
 189:main.c        **** 			
 160              		.loc 1 189 0
 161 0056 181C     		mov	r0, r3
 162              	.LVL24:
 163              	.L7:
 192:main.c        ****             
 164              		.loc 1 192 0
 165 0058 9623     		mov	r3, #150
 166 005a DB00     		lsl	r3, r3, #3
 167 005c 181A     		sub	r0, r3, r0
 168              	.LVL25:
 169 005e FFF7FEFF 		bl	PWM_WriteCompare
 170              	.LVL26:
 195:main.c        ****         	if(!(EZI2C_EzI2CGetActivity() & EZI2C_EZI2C_STATUS_BUSY))
 171              		.loc 1 195 0
 172 0062 FFF7FEFF 		bl	CyEnterCriticalSection
 173              	.LVL27:
 174 0066 071C     		mov	r7, r0
 175              	.LVL28:
 196:main.c        ****         	{
 176              		.loc 1 196 0
 177 0068 FFF7FEFF 		bl	EZI2C_EzI2CGetActivity
 178              	.LVL29:
 179 006c 8306     		lsl	r3, r0, #26
 180 006e 02D4     		bmi	.L8
 199:main.c        ****     			i2cBuffer.illuminance = illuminance;
 181              		.loc 1 199 0
 182 0070 0C4B     		ldr	r3, .L14+12
 183 0072 1D80     		strh	r5, [r3]
 200:main.c        ****             }
 184              		.loc 1 200 0
 185 0074 5E80     		strh	r6, [r3, #2]
 186              	.L8:
 202:main.c        **** 		}
 187              		.loc 1 202 0
 188 0076 381C     		mov	r0, r7
 189 0078 FFF7FEFF 		bl	CyExitCriticalSection
 190              	.LVL30:
 191              	.L9:
 222:main.c        ****                                         WR_BUFFER_SIZE, I2C_1_I2C_MODE_COMPLETE_XFER);
 192              		.loc 1 222 0 discriminator 1
 193 007c 0820     		mov	r0, #8
 194 007e 0949     		ldr	r1, .L14+12
 195 0080 0222     		mov	r2, #2
 196 0082 0023     		mov	r3, #0
 197 0084 FFF7FEFF 		bl	I2C_1_I2CMasterWriteBuf
 198              	.LVL31:
 199 0088 C0B2     		uxtb	r0, r0
 200              	.LVL32:
 225:main.c        **** 
ARM GAS  C:\Users\Zeus\AppData\Local\Temp\ccAA10r4.s 			page 10


 201              		.loc 1 225 0 discriminator 1
 202 008a 0028     		cmp	r0, #0
 203 008c F6D1     		bne	.L9
 204              	.LVL33:
 205              	.L10:
 228:main.c        ****         
 206              		.loc 1 228 0 discriminator 1
 207 008e FFF7FEFF 		bl	I2C_1_I2CMasterStatus
 208              	.LVL34:
 209 0092 4307     		lsl	r3, r0, #29
 210 0094 FBD4     		bmi	.L10
 211 0096 B8E7     		b	.L11
 212              	.L15:
 213              		.align	2
 214              	.L14:
 215 0098 F797FFFF 		.word	-26633
 216 009c 10270000 		.word	10000
 217 00a0 050D0000 		.word	3333
 218 00a4 00000000 		.word	.LANCHOR0
 219              		.cfi_endproc
 220              	.LFE35:
 221              		.size	main, .-main
 222              		.global	i2cBuffer
 223              		.bss
 224              		.align	2
 225              		.set	.LANCHOR0,. + 0
 226              		.type	i2cBuffer, %object
 227              		.size	i2cBuffer, 4
 228              	i2cBuffer:
 229 0000 00000000 		.space	4
 230              		.text
 231              	.Letext0:
 232              		.file 2 "Generated_Source\\PSoC4/cytypes.h"
 233              		.file 3 "Generated_Source\\PSoC4/ADC.h"
 234              		.file 4 "Generated_Source\\PSoC4/Opamp_TIA.h"
 235              		.file 5 "Generated_Source\\PSoC4/RefBuffer.h"
 236              		.file 6 "Generated_Source\\PSoC4/PVref.h"
 237              		.file 7 "Generated_Source\\PSoC4/PWM.h"
 238              		.file 8 "Generated_Source\\PSoC4/EZI2C.h"
 239              		.file 9 "Generated_Source\\PSoC4/I2C_1.h"
 240              		.file 10 "Generated_Source\\PSoC4/EZI2C_EZI2C.h"
 241              		.file 11 "Generated_Source\\PSoC4/CyLib.h"
 242              		.file 12 "Generated_Source\\PSoC4/I2C_1_I2C.h"
 243              		.section	.debug_info,"",%progbits
 244              	.Ldebug_info0:
 245 0000 A4030000 		.4byte	0x3a4
 246 0004 0400     		.2byte	0x4
 247 0006 00000000 		.4byte	.Ldebug_abbrev0
 248 000a 04       		.byte	0x4
 249 000b 01       		.uleb128 0x1
 250 000c DF000000 		.4byte	.LASF47
 251 0010 01       		.byte	0x1
 252 0011 F4020000 		.4byte	.LASF48
 253 0015 C6010000 		.4byte	.LASF49
 254 0019 00000000 		.4byte	.Ldebug_ranges0+0
 255 001d 00000000 		.4byte	0
 256 0021 00000000 		.4byte	.Ldebug_line0
ARM GAS  C:\Users\Zeus\AppData\Local\Temp\ccAA10r4.s 			page 11


 257 0025 02       		.uleb128 0x2
 258 0026 01       		.byte	0x1
 259 0027 06       		.byte	0x6
 260 0028 4E030000 		.4byte	.LASF0
 261 002c 02       		.uleb128 0x2
 262 002d 01       		.byte	0x1
 263 002e 08       		.byte	0x8
 264 002f C7000000 		.4byte	.LASF1
 265 0033 02       		.uleb128 0x2
 266 0034 02       		.byte	0x2
 267 0035 05       		.byte	0x5
 268 0036 17030000 		.4byte	.LASF2
 269 003a 02       		.uleb128 0x2
 270 003b 02       		.byte	0x2
 271 003c 07       		.byte	0x7
 272 003d 4E000000 		.4byte	.LASF3
 273 0041 02       		.uleb128 0x2
 274 0042 04       		.byte	0x4
 275 0043 05       		.byte	0x5
 276 0044 33030000 		.4byte	.LASF4
 277 0048 02       		.uleb128 0x2
 278 0049 04       		.byte	0x4
 279 004a 07       		.byte	0x7
 280 004b 80010000 		.4byte	.LASF5
 281 004f 02       		.uleb128 0x2
 282 0050 08       		.byte	0x8
 283 0051 05       		.byte	0x5
 284 0052 00000000 		.4byte	.LASF6
 285 0056 02       		.uleb128 0x2
 286 0057 08       		.byte	0x8
 287 0058 07       		.byte	0x7
 288 0059 B0000000 		.4byte	.LASF7
 289 005d 03       		.uleb128 0x3
 290 005e 04       		.byte	0x4
 291 005f 05       		.byte	0x5
 292 0060 696E7400 		.ascii	"int\000"
 293 0064 02       		.uleb128 0x2
 294 0065 04       		.byte	0x4
 295 0066 07       		.byte	0x7
 296 0067 85020000 		.4byte	.LASF8
 297 006b 04       		.uleb128 0x4
 298 006c 21030000 		.4byte	.LASF9
 299 0070 02       		.byte	0x2
 300 0071 B901     		.2byte	0x1b9
 301 0073 2C000000 		.4byte	0x2c
 302 0077 04       		.uleb128 0x4
 303 0078 60020000 		.4byte	.LASF10
 304 007c 02       		.byte	0x2
 305 007d BA01     		.2byte	0x1ba
 306 007f 3A000000 		.4byte	0x3a
 307 0083 04       		.uleb128 0x4
 308 0084 67020000 		.4byte	.LASF11
 309 0088 02       		.byte	0x2
 310 0089 BB01     		.2byte	0x1bb
 311 008b 48000000 		.4byte	0x48
 312 008f 04       		.uleb128 0x4
 313 0090 BE020000 		.4byte	.LASF12
ARM GAS  C:\Users\Zeus\AppData\Local\Temp\ccAA10r4.s 			page 12


 314 0094 02       		.byte	0x2
 315 0095 BD01     		.2byte	0x1bd
 316 0097 33000000 		.4byte	0x33
 317 009b 04       		.uleb128 0x4
 318 009c 92010000 		.4byte	.LASF13
 319 00a0 02       		.byte	0x2
 320 00a1 BE01     		.2byte	0x1be
 321 00a3 41000000 		.4byte	0x41
 322 00a7 02       		.uleb128 0x2
 323 00a8 04       		.byte	0x4
 324 00a9 04       		.byte	0x4
 325 00aa 9A000000 		.4byte	.LASF14
 326 00ae 02       		.uleb128 0x2
 327 00af 08       		.byte	0x8
 328 00b0 04       		.byte	0x4
 329 00b1 71000000 		.4byte	.LASF15
 330 00b5 02       		.uleb128 0x2
 331 00b6 01       		.byte	0x1
 332 00b7 08       		.byte	0x8
 333 00b8 3C030000 		.4byte	.LASF16
 334 00bc 05       		.uleb128 0x5
 335 00bd 6B000000 		.4byte	0x6b
 336 00c1 02       		.uleb128 0x2
 337 00c2 04       		.byte	0x4
 338 00c3 07       		.byte	0x7
 339 00c4 DA020000 		.4byte	.LASF17
 340 00c8 06       		.uleb128 0x6
 341 00c9 04       		.byte	0x4
 342 00ca 01       		.byte	0x1
 343 00cb 55       		.byte	0x55
 344 00cc E9000000 		.4byte	0xe9
 345 00d0 07       		.uleb128 0x7
 346 00d1 5A030000 		.4byte	.LASF18
 347 00d5 01       		.byte	0x1
 348 00d6 57       		.byte	0x57
 349 00d7 8F000000 		.4byte	0x8f
 350 00db 00       		.byte	0
 351 00dc 07       		.uleb128 0x7
 352 00dd 14000000 		.4byte	.LASF19
 353 00e1 01       		.byte	0x1
 354 00e2 58       		.byte	0x58
 355 00e3 77000000 		.4byte	0x77
 356 00e7 02       		.byte	0x2
 357 00e8 00       		.byte	0
 358 00e9 08       		.uleb128 0x8
 359 00ea 61000000 		.4byte	.LASF20
 360 00ee 01       		.byte	0x1
 361 00ef 59       		.byte	0x59
 362 00f0 C8000000 		.4byte	0xc8
 363 00f4 09       		.uleb128 0x9
 364 00f5 40020000 		.4byte	.LASF21
 365 00f9 01       		.byte	0x1
 366 00fa FE       		.byte	0xfe
 367 00fb 00000000 		.4byte	.LFB36
 368 00ff 38000000 		.4byte	.LFE36-.LFB36
 369 0103 01       		.uleb128 0x1
 370 0104 9C       		.byte	0x9c
ARM GAS  C:\Users\Zeus\AppData\Local\Temp\ccAA10r4.s 			page 13


 371 0105 7C010000 		.4byte	0x17c
 372 0109 0A       		.uleb128 0xa
 373 010a 06000000 		.4byte	.LVL0
 374 010e AC020000 		.4byte	0x2ac
 375 0112 0A       		.uleb128 0xa
 376 0113 0A000000 		.4byte	.LVL1
 377 0117 B3020000 		.4byte	0x2b3
 378 011b 0A       		.uleb128 0xa
 379 011c 0E000000 		.4byte	.LVL2
 380 0120 BA020000 		.4byte	0x2ba
 381 0124 0A       		.uleb128 0xa
 382 0125 12000000 		.4byte	.LVL3
 383 0129 C1020000 		.4byte	0x2c1
 384 012d 0A       		.uleb128 0xa
 385 012e 16000000 		.4byte	.LVL4
 386 0132 C8020000 		.4byte	0x2c8
 387 0136 0A       		.uleb128 0xa
 388 0137 1A000000 		.4byte	.LVL5
 389 013b CF020000 		.4byte	0x2cf
 390 013f 0A       		.uleb128 0xa
 391 0140 1E000000 		.4byte	.LVL6
 392 0144 D6020000 		.4byte	0x2d6
 393 0148 0A       		.uleb128 0xa
 394 0149 22000000 		.4byte	.LVL7
 395 014d DE020000 		.4byte	0x2de
 396 0151 0B       		.uleb128 0xb
 397 0152 2C000000 		.4byte	.LVL8
 398 0156 E5020000 		.4byte	0x2e5
 399 015a 72010000 		.4byte	0x172
 400 015e 0C       		.uleb128 0xc
 401 015f 01       		.uleb128 0x1
 402 0160 52       		.byte	0x52
 403 0161 05       		.uleb128 0x5
 404 0162 03       		.byte	0x3
 405 0163 00000000 		.4byte	.LANCHOR0
 406 0167 0C       		.uleb128 0xc
 407 0168 01       		.uleb128 0x1
 408 0169 51       		.byte	0x51
 409 016a 01       		.uleb128 0x1
 410 016b 30       		.byte	0x30
 411 016c 0C       		.uleb128 0xc
 412 016d 01       		.uleb128 0x1
 413 016e 50       		.byte	0x50
 414 016f 01       		.uleb128 0x1
 415 0170 34       		.byte	0x34
 416 0171 00       		.byte	0
 417 0172 0A       		.uleb128 0xa
 418 0173 30000000 		.4byte	.LVL9
 419 0177 06030000 		.4byte	0x306
 420 017b 00       		.byte	0
 421 017c 0D       		.uleb128 0xd
 422 017d 4E020000 		.4byte	.LASF22
 423 0181 01       		.byte	0x1
 424 0182 74       		.byte	0x74
 425 0183 5D000000 		.4byte	0x5d
 426 0187 00000000 		.4byte	.LFB35
 427 018b A8000000 		.4byte	.LFE35-.LFB35
ARM GAS  C:\Users\Zeus\AppData\Local\Temp\ccAA10r4.s 			page 14


 428 018f 01       		.uleb128 0x1
 429 0190 9C       		.byte	0x9c
 430 0191 9B020000 		.4byte	0x29b
 431 0195 0E       		.uleb128 0xe
 432 0196 D5000000 		.4byte	.LASF23
 433 019a 01       		.byte	0x1
 434 019b 78       		.byte	0x78
 435 019c 8F000000 		.4byte	0x8f
 436 01a0 00000000 		.4byte	.LLST0
 437 01a4 0E       		.uleb128 0xe
 438 01a5 CE020000 		.4byte	.LASF24
 439 01a9 01       		.byte	0x1
 440 01aa 7B       		.byte	0x7b
 441 01ab 8F000000 		.4byte	0x8f
 442 01af 00000000 		.4byte	.LLST0
 443 01b3 0E       		.uleb128 0xe
 444 01b4 53020000 		.4byte	.LASF25
 445 01b8 01       		.byte	0x1
 446 01b9 7C       		.byte	0x7c
 447 01ba 9B000000 		.4byte	0x9b
 448 01be 13000000 		.4byte	.LLST2
 449 01c2 0E       		.uleb128 0xe
 450 01c3 5A030000 		.4byte	.LASF18
 451 01c7 01       		.byte	0x1
 452 01c8 7F       		.byte	0x7f
 453 01c9 8F000000 		.4byte	0x8f
 454 01cd 48000000 		.4byte	.LLST3
 455 01d1 0E       		.uleb128 0xe
 456 01d2 14000000 		.4byte	.LASF19
 457 01d6 01       		.byte	0x1
 458 01d7 80       		.byte	0x80
 459 01d8 77000000 		.4byte	0x77
 460 01dc 66000000 		.4byte	.LLST4
 461 01e0 0E       		.uleb128 0xe
 462 01e1 41030000 		.4byte	.LASF26
 463 01e5 01       		.byte	0x1
 464 01e6 83       		.byte	0x83
 465 01e7 64000000 		.4byte	0x64
 466 01eb 79000000 		.4byte	.LLST5
 467 01ef 0E       		.uleb128 0xe
 468 01f0 71010000 		.4byte	.LASF27
 469 01f4 01       		.byte	0x1
 470 01f5 86       		.byte	0x86
 471 01f6 6B000000 		.4byte	0x6b
 472 01fa 8C000000 		.4byte	.LLST6
 473 01fe 0E       		.uleb128 0xe
 474 01ff 0E000000 		.4byte	.LASF28
 475 0203 01       		.byte	0x1
 476 0204 95       		.byte	0x95
 477 0205 6B000000 		.4byte	0x6b
 478 0209 AB000000 		.4byte	.LLST7
 479 020d 0A       		.uleb128 0xa
 480 020e 08000000 		.4byte	.LVL11
 481 0212 F4000000 		.4byte	0xf4
 482 0216 0B       		.uleb128 0xb
 483 0217 10000000 		.4byte	.LVL13
 484 021b 0D030000 		.4byte	0x30d
ARM GAS  C:\Users\Zeus\AppData\Local\Temp\ccAA10r4.s 			page 15


 485 021f 29020000 		.4byte	0x229
 486 0223 0C       		.uleb128 0xc
 487 0224 01       		.uleb128 0x1
 488 0225 50       		.byte	0x50
 489 0226 01       		.uleb128 0x1
 490 0227 31       		.byte	0x31
 491 0228 00       		.byte	0
 492 0229 0B       		.uleb128 0xb
 493 022a 1A000000 		.4byte	.LVL14
 494 022e 22030000 		.4byte	0x322
 495 0232 3C020000 		.4byte	0x23c
 496 0236 0C       		.uleb128 0xc
 497 0237 01       		.uleb128 0x1
 498 0238 50       		.byte	0x50
 499 0239 01       		.uleb128 0x1
 500 023a 30       		.byte	0x30
 501 023b 00       		.byte	0
 502 023c 0A       		.uleb128 0xa
 503 023d 62000000 		.4byte	.LVL26
 504 0241 37030000 		.4byte	0x337
 505 0245 0A       		.uleb128 0xa
 506 0246 66000000 		.4byte	.LVL27
 507 024a 49030000 		.4byte	0x349
 508 024e 0A       		.uleb128 0xa
 509 024f 6C000000 		.4byte	.LVL29
 510 0253 54030000 		.4byte	0x354
 511 0257 0B       		.uleb128 0xb
 512 0258 7C000000 		.4byte	.LVL30
 513 025c 5F030000 		.4byte	0x35f
 514 0260 6B020000 		.4byte	0x26b
 515 0264 0C       		.uleb128 0xc
 516 0265 01       		.uleb128 0x1
 517 0266 50       		.byte	0x50
 518 0267 02       		.uleb128 0x2
 519 0268 77       		.byte	0x77
 520 0269 00       		.sleb128 0
 521 026a 00       		.byte	0
 522 026b 0B       		.uleb128 0xb
 523 026c 88000000 		.4byte	.LVL31
 524 0270 70030000 		.4byte	0x370
 525 0274 91020000 		.4byte	0x291
 526 0278 0C       		.uleb128 0xc
 527 0279 01       		.uleb128 0x1
 528 027a 53       		.byte	0x53
 529 027b 01       		.uleb128 0x1
 530 027c 30       		.byte	0x30
 531 027d 0C       		.uleb128 0xc
 532 027e 01       		.uleb128 0x1
 533 027f 52       		.byte	0x52
 534 0280 01       		.uleb128 0x1
 535 0281 32       		.byte	0x32
 536 0282 0C       		.uleb128 0xc
 537 0283 01       		.uleb128 0x1
 538 0284 51       		.byte	0x51
 539 0285 05       		.uleb128 0x5
 540 0286 03       		.byte	0x3
 541 0287 00000000 		.4byte	.LANCHOR0
ARM GAS  C:\Users\Zeus\AppData\Local\Temp\ccAA10r4.s 			page 16


 542 028b 0C       		.uleb128 0xc
 543 028c 01       		.uleb128 0x1
 544 028d 50       		.byte	0x50
 545 028e 01       		.uleb128 0x1
 546 028f 38       		.byte	0x38
 547 0290 00       		.byte	0
 548 0291 0A       		.uleb128 0xa
 549 0292 92000000 		.4byte	.LVL34
 550 0296 9B030000 		.4byte	0x39b
 551 029a 00       		.byte	0
 552 029b 0F       		.uleb128 0xf
 553 029c 98010000 		.4byte	.LASF50
 554 02a0 01       		.byte	0x1
 555 02a1 60       		.byte	0x60
 556 02a2 E9000000 		.4byte	0xe9
 557 02a6 05       		.uleb128 0x5
 558 02a7 03       		.byte	0x3
 559 02a8 00000000 		.4byte	i2cBuffer
 560 02ac 10       		.uleb128 0x10
 561 02ad C4020000 		.4byte	.LASF29
 562 02b1 03       		.byte	0x3
 563 02b2 B1       		.byte	0xb1
 564 02b3 10       		.uleb128 0x10
 565 02b4 E3020000 		.4byte	.LASF30
 566 02b8 03       		.byte	0x3
 567 02b9 B4       		.byte	0xb4
 568 02ba 10       		.uleb128 0x10
 569 02bb FB020000 		.4byte	.LASF31
 570 02bf 04       		.byte	0x4
 571 02c0 29       		.byte	0x29
 572 02c1 10       		.uleb128 0x10
 573 02c2 A0000000 		.4byte	.LASF32
 574 02c6 05       		.byte	0x5
 575 02c7 29       		.byte	0x29
 576 02c8 10       		.uleb128 0x10
 577 02c9 8E000000 		.4byte	.LASF33
 578 02cd 06       		.byte	0x6
 579 02ce 37       		.byte	0x37
 580 02cf 10       		.uleb128 0x10
 581 02d0 37000000 		.4byte	.LASF34
 582 02d4 06       		.byte	0x6
 583 02d5 36       		.byte	0x36
 584 02d6 11       		.uleb128 0x11
 585 02d7 44000000 		.4byte	.LASF35
 586 02db 07       		.byte	0x7
 587 02dc 3201     		.2byte	0x132
 588 02de 10       		.uleb128 0x10
 589 02df 27030000 		.4byte	.LASF36
 590 02e3 08       		.byte	0x8
 591 02e4 6E       		.byte	0x6e
 592 02e5 12       		.uleb128 0x12
 593 02e6 A8020000 		.4byte	.LASF40
 594 02ea 0A       		.byte	0xa
 595 02eb A2       		.byte	0xa2
 596 02ec 00030000 		.4byte	0x300
 597 02f0 13       		.uleb128 0x13
 598 02f1 83000000 		.4byte	0x83
ARM GAS  C:\Users\Zeus\AppData\Local\Temp\ccAA10r4.s 			page 17


 599 02f5 13       		.uleb128 0x13
 600 02f6 83000000 		.4byte	0x83
 601 02fa 13       		.uleb128 0x13
 602 02fb 00030000 		.4byte	0x300
 603 02ff 00       		.byte	0
 604 0300 14       		.uleb128 0x14
 605 0301 04       		.byte	0x4
 606 0302 BC000000 		.4byte	0xbc
 607 0306 10       		.uleb128 0x10
 608 0307 0B030000 		.4byte	.LASF37
 609 030b 09       		.byte	0x9
 610 030c 6E       		.byte	0x6e
 611 030d 15       		.uleb128 0x15
 612 030e B2010000 		.4byte	.LASF38
 613 0312 03       		.byte	0x3
 614 0313 B8       		.byte	0xb8
 615 0314 83000000 		.4byte	0x83
 616 0318 22030000 		.4byte	0x322
 617 031c 13       		.uleb128 0x13
 618 031d 83000000 		.4byte	0x83
 619 0321 00       		.byte	0
 620 0322 15       		.uleb128 0x15
 621 0323 A2010000 		.4byte	.LASF39
 622 0327 03       		.byte	0x3
 623 0328 B9       		.byte	0xb9
 624 0329 8F000000 		.4byte	0x8f
 625 032d 37030000 		.4byte	0x337
 626 0331 13       		.uleb128 0x13
 627 0332 83000000 		.4byte	0x83
 628 0336 00       		.byte	0
 629 0337 16       		.uleb128 0x16
 630 0338 2F020000 		.4byte	.LASF41
 631 033c 07       		.byte	0x7
 632 033d 5501     		.2byte	0x155
 633 033f 49030000 		.4byte	0x349
 634 0343 13       		.uleb128 0x13
 635 0344 83000000 		.4byte	0x83
 636 0348 00       		.byte	0
 637 0349 17       		.uleb128 0x17
 638 034a 6E020000 		.4byte	.LASF42
 639 034e 0B       		.byte	0xb
 640 034f E5       		.byte	0xe5
 641 0350 6B000000 		.4byte	0x6b
 642 0354 17       		.uleb128 0x17
 643 0355 20000000 		.4byte	.LASF43
 644 0359 0A       		.byte	0xa
 645 035a 9E       		.byte	0x9e
 646 035b 83000000 		.4byte	0x83
 647 035f 12       		.uleb128 0x12
 648 0360 92020000 		.4byte	.LASF44
 649 0364 0B       		.byte	0xb
 650 0365 E6       		.byte	0xe6
 651 0366 70030000 		.4byte	0x370
 652 036a 13       		.uleb128 0x13
 653 036b 6B000000 		.4byte	0x6b
 654 036f 00       		.byte	0
 655 0370 18       		.uleb128 0x18
ARM GAS  C:\Users\Zeus\AppData\Local\Temp\ccAA10r4.s 			page 18


 656 0371 65030000 		.4byte	.LASF45
 657 0375 0C       		.byte	0xc
 658 0376 1301     		.2byte	0x113
 659 0378 83000000 		.4byte	0x83
 660 037c 95030000 		.4byte	0x395
 661 0380 13       		.uleb128 0x13
 662 0381 83000000 		.4byte	0x83
 663 0385 13       		.uleb128 0x13
 664 0386 95030000 		.4byte	0x395
 665 038a 13       		.uleb128 0x13
 666 038b 83000000 		.4byte	0x83
 667 038f 13       		.uleb128 0x13
 668 0390 83000000 		.4byte	0x83
 669 0394 00       		.byte	0
 670 0395 14       		.uleb128 0x14
 671 0396 04       		.byte	0x4
 672 0397 6B000000 		.4byte	0x6b
 673 039b 19       		.uleb128 0x19
 674 039c 78000000 		.4byte	.LASF46
 675 03a0 0C       		.byte	0xc
 676 03a1 0F01     		.2byte	0x10f
 677 03a3 83000000 		.4byte	0x83
 678 03a7 00       		.byte	0
 679              		.section	.debug_abbrev,"",%progbits
 680              	.Ldebug_abbrev0:
 681 0000 01       		.uleb128 0x1
 682 0001 11       		.uleb128 0x11
 683 0002 01       		.byte	0x1
 684 0003 25       		.uleb128 0x25
 685 0004 0E       		.uleb128 0xe
 686 0005 13       		.uleb128 0x13
 687 0006 0B       		.uleb128 0xb
 688 0007 03       		.uleb128 0x3
 689 0008 0E       		.uleb128 0xe
 690 0009 1B       		.uleb128 0x1b
 691 000a 0E       		.uleb128 0xe
 692 000b 55       		.uleb128 0x55
 693 000c 17       		.uleb128 0x17
 694 000d 11       		.uleb128 0x11
 695 000e 01       		.uleb128 0x1
 696 000f 10       		.uleb128 0x10
 697 0010 17       		.uleb128 0x17
 698 0011 00       		.byte	0
 699 0012 00       		.byte	0
 700 0013 02       		.uleb128 0x2
 701 0014 24       		.uleb128 0x24
 702 0015 00       		.byte	0
 703 0016 0B       		.uleb128 0xb
 704 0017 0B       		.uleb128 0xb
 705 0018 3E       		.uleb128 0x3e
 706 0019 0B       		.uleb128 0xb
 707 001a 03       		.uleb128 0x3
 708 001b 0E       		.uleb128 0xe
 709 001c 00       		.byte	0
 710 001d 00       		.byte	0
 711 001e 03       		.uleb128 0x3
 712 001f 24       		.uleb128 0x24
ARM GAS  C:\Users\Zeus\AppData\Local\Temp\ccAA10r4.s 			page 19


 713 0020 00       		.byte	0
 714 0021 0B       		.uleb128 0xb
 715 0022 0B       		.uleb128 0xb
 716 0023 3E       		.uleb128 0x3e
 717 0024 0B       		.uleb128 0xb
 718 0025 03       		.uleb128 0x3
 719 0026 08       		.uleb128 0x8
 720 0027 00       		.byte	0
 721 0028 00       		.byte	0
 722 0029 04       		.uleb128 0x4
 723 002a 16       		.uleb128 0x16
 724 002b 00       		.byte	0
 725 002c 03       		.uleb128 0x3
 726 002d 0E       		.uleb128 0xe
 727 002e 3A       		.uleb128 0x3a
 728 002f 0B       		.uleb128 0xb
 729 0030 3B       		.uleb128 0x3b
 730 0031 05       		.uleb128 0x5
 731 0032 49       		.uleb128 0x49
 732 0033 13       		.uleb128 0x13
 733 0034 00       		.byte	0
 734 0035 00       		.byte	0
 735 0036 05       		.uleb128 0x5
 736 0037 35       		.uleb128 0x35
 737 0038 00       		.byte	0
 738 0039 49       		.uleb128 0x49
 739 003a 13       		.uleb128 0x13
 740 003b 00       		.byte	0
 741 003c 00       		.byte	0
 742 003d 06       		.uleb128 0x6
 743 003e 13       		.uleb128 0x13
 744 003f 01       		.byte	0x1
 745 0040 0B       		.uleb128 0xb
 746 0041 0B       		.uleb128 0xb
 747 0042 3A       		.uleb128 0x3a
 748 0043 0B       		.uleb128 0xb
 749 0044 3B       		.uleb128 0x3b
 750 0045 0B       		.uleb128 0xb
 751 0046 01       		.uleb128 0x1
 752 0047 13       		.uleb128 0x13
 753 0048 00       		.byte	0
 754 0049 00       		.byte	0
 755 004a 07       		.uleb128 0x7
 756 004b 0D       		.uleb128 0xd
 757 004c 00       		.byte	0
 758 004d 03       		.uleb128 0x3
 759 004e 0E       		.uleb128 0xe
 760 004f 3A       		.uleb128 0x3a
 761 0050 0B       		.uleb128 0xb
 762 0051 3B       		.uleb128 0x3b
 763 0052 0B       		.uleb128 0xb
 764 0053 49       		.uleb128 0x49
 765 0054 13       		.uleb128 0x13
 766 0055 38       		.uleb128 0x38
 767 0056 0B       		.uleb128 0xb
 768 0057 00       		.byte	0
 769 0058 00       		.byte	0
ARM GAS  C:\Users\Zeus\AppData\Local\Temp\ccAA10r4.s 			page 20


 770 0059 08       		.uleb128 0x8
 771 005a 16       		.uleb128 0x16
 772 005b 00       		.byte	0
 773 005c 03       		.uleb128 0x3
 774 005d 0E       		.uleb128 0xe
 775 005e 3A       		.uleb128 0x3a
 776 005f 0B       		.uleb128 0xb
 777 0060 3B       		.uleb128 0x3b
 778 0061 0B       		.uleb128 0xb
 779 0062 49       		.uleb128 0x49
 780 0063 13       		.uleb128 0x13
 781 0064 00       		.byte	0
 782 0065 00       		.byte	0
 783 0066 09       		.uleb128 0x9
 784 0067 2E       		.uleb128 0x2e
 785 0068 01       		.byte	0x1
 786 0069 3F       		.uleb128 0x3f
 787 006a 19       		.uleb128 0x19
 788 006b 03       		.uleb128 0x3
 789 006c 0E       		.uleb128 0xe
 790 006d 3A       		.uleb128 0x3a
 791 006e 0B       		.uleb128 0xb
 792 006f 3B       		.uleb128 0x3b
 793 0070 0B       		.uleb128 0xb
 794 0071 27       		.uleb128 0x27
 795 0072 19       		.uleb128 0x19
 796 0073 11       		.uleb128 0x11
 797 0074 01       		.uleb128 0x1
 798 0075 12       		.uleb128 0x12
 799 0076 06       		.uleb128 0x6
 800 0077 40       		.uleb128 0x40
 801 0078 18       		.uleb128 0x18
 802 0079 9742     		.uleb128 0x2117
 803 007b 19       		.uleb128 0x19
 804 007c 01       		.uleb128 0x1
 805 007d 13       		.uleb128 0x13
 806 007e 00       		.byte	0
 807 007f 00       		.byte	0
 808 0080 0A       		.uleb128 0xa
 809 0081 898201   		.uleb128 0x4109
 810 0084 00       		.byte	0
 811 0085 11       		.uleb128 0x11
 812 0086 01       		.uleb128 0x1
 813 0087 31       		.uleb128 0x31
 814 0088 13       		.uleb128 0x13
 815 0089 00       		.byte	0
 816 008a 00       		.byte	0
 817 008b 0B       		.uleb128 0xb
 818 008c 898201   		.uleb128 0x4109
 819 008f 01       		.byte	0x1
 820 0090 11       		.uleb128 0x11
 821 0091 01       		.uleb128 0x1
 822 0092 31       		.uleb128 0x31
 823 0093 13       		.uleb128 0x13
 824 0094 01       		.uleb128 0x1
 825 0095 13       		.uleb128 0x13
 826 0096 00       		.byte	0
ARM GAS  C:\Users\Zeus\AppData\Local\Temp\ccAA10r4.s 			page 21


 827 0097 00       		.byte	0
 828 0098 0C       		.uleb128 0xc
 829 0099 8A8201   		.uleb128 0x410a
 830 009c 00       		.byte	0
 831 009d 02       		.uleb128 0x2
 832 009e 18       		.uleb128 0x18
 833 009f 9142     		.uleb128 0x2111
 834 00a1 18       		.uleb128 0x18
 835 00a2 00       		.byte	0
 836 00a3 00       		.byte	0
 837 00a4 0D       		.uleb128 0xd
 838 00a5 2E       		.uleb128 0x2e
 839 00a6 01       		.byte	0x1
 840 00a7 3F       		.uleb128 0x3f
 841 00a8 19       		.uleb128 0x19
 842 00a9 03       		.uleb128 0x3
 843 00aa 0E       		.uleb128 0xe
 844 00ab 3A       		.uleb128 0x3a
 845 00ac 0B       		.uleb128 0xb
 846 00ad 3B       		.uleb128 0x3b
 847 00ae 0B       		.uleb128 0xb
 848 00af 49       		.uleb128 0x49
 849 00b0 13       		.uleb128 0x13
 850 00b1 11       		.uleb128 0x11
 851 00b2 01       		.uleb128 0x1
 852 00b3 12       		.uleb128 0x12
 853 00b4 06       		.uleb128 0x6
 854 00b5 40       		.uleb128 0x40
 855 00b6 18       		.uleb128 0x18
 856 00b7 9642     		.uleb128 0x2116
 857 00b9 19       		.uleb128 0x19
 858 00ba 01       		.uleb128 0x1
 859 00bb 13       		.uleb128 0x13
 860 00bc 00       		.byte	0
 861 00bd 00       		.byte	0
 862 00be 0E       		.uleb128 0xe
 863 00bf 34       		.uleb128 0x34
 864 00c0 00       		.byte	0
 865 00c1 03       		.uleb128 0x3
 866 00c2 0E       		.uleb128 0xe
 867 00c3 3A       		.uleb128 0x3a
 868 00c4 0B       		.uleb128 0xb
 869 00c5 3B       		.uleb128 0x3b
 870 00c6 0B       		.uleb128 0xb
 871 00c7 49       		.uleb128 0x49
 872 00c8 13       		.uleb128 0x13
 873 00c9 02       		.uleb128 0x2
 874 00ca 17       		.uleb128 0x17
 875 00cb 00       		.byte	0
 876 00cc 00       		.byte	0
 877 00cd 0F       		.uleb128 0xf
 878 00ce 34       		.uleb128 0x34
 879 00cf 00       		.byte	0
 880 00d0 03       		.uleb128 0x3
 881 00d1 0E       		.uleb128 0xe
 882 00d2 3A       		.uleb128 0x3a
 883 00d3 0B       		.uleb128 0xb
ARM GAS  C:\Users\Zeus\AppData\Local\Temp\ccAA10r4.s 			page 22


 884 00d4 3B       		.uleb128 0x3b
 885 00d5 0B       		.uleb128 0xb
 886 00d6 49       		.uleb128 0x49
 887 00d7 13       		.uleb128 0x13
 888 00d8 3F       		.uleb128 0x3f
 889 00d9 19       		.uleb128 0x19
 890 00da 02       		.uleb128 0x2
 891 00db 18       		.uleb128 0x18
 892 00dc 00       		.byte	0
 893 00dd 00       		.byte	0
 894 00de 10       		.uleb128 0x10
 895 00df 2E       		.uleb128 0x2e
 896 00e0 00       		.byte	0
 897 00e1 3F       		.uleb128 0x3f
 898 00e2 19       		.uleb128 0x19
 899 00e3 03       		.uleb128 0x3
 900 00e4 0E       		.uleb128 0xe
 901 00e5 3A       		.uleb128 0x3a
 902 00e6 0B       		.uleb128 0xb
 903 00e7 3B       		.uleb128 0x3b
 904 00e8 0B       		.uleb128 0xb
 905 00e9 27       		.uleb128 0x27
 906 00ea 19       		.uleb128 0x19
 907 00eb 3C       		.uleb128 0x3c
 908 00ec 19       		.uleb128 0x19
 909 00ed 00       		.byte	0
 910 00ee 00       		.byte	0
 911 00ef 11       		.uleb128 0x11
 912 00f0 2E       		.uleb128 0x2e
 913 00f1 00       		.byte	0
 914 00f2 3F       		.uleb128 0x3f
 915 00f3 19       		.uleb128 0x19
 916 00f4 03       		.uleb128 0x3
 917 00f5 0E       		.uleb128 0xe
 918 00f6 3A       		.uleb128 0x3a
 919 00f7 0B       		.uleb128 0xb
 920 00f8 3B       		.uleb128 0x3b
 921 00f9 05       		.uleb128 0x5
 922 00fa 27       		.uleb128 0x27
 923 00fb 19       		.uleb128 0x19
 924 00fc 3C       		.uleb128 0x3c
 925 00fd 19       		.uleb128 0x19
 926 00fe 00       		.byte	0
 927 00ff 00       		.byte	0
 928 0100 12       		.uleb128 0x12
 929 0101 2E       		.uleb128 0x2e
 930 0102 01       		.byte	0x1
 931 0103 3F       		.uleb128 0x3f
 932 0104 19       		.uleb128 0x19
 933 0105 03       		.uleb128 0x3
 934 0106 0E       		.uleb128 0xe
 935 0107 3A       		.uleb128 0x3a
 936 0108 0B       		.uleb128 0xb
 937 0109 3B       		.uleb128 0x3b
 938 010a 0B       		.uleb128 0xb
 939 010b 27       		.uleb128 0x27
 940 010c 19       		.uleb128 0x19
ARM GAS  C:\Users\Zeus\AppData\Local\Temp\ccAA10r4.s 			page 23


 941 010d 3C       		.uleb128 0x3c
 942 010e 19       		.uleb128 0x19
 943 010f 01       		.uleb128 0x1
 944 0110 13       		.uleb128 0x13
 945 0111 00       		.byte	0
 946 0112 00       		.byte	0
 947 0113 13       		.uleb128 0x13
 948 0114 05       		.uleb128 0x5
 949 0115 00       		.byte	0
 950 0116 49       		.uleb128 0x49
 951 0117 13       		.uleb128 0x13
 952 0118 00       		.byte	0
 953 0119 00       		.byte	0
 954 011a 14       		.uleb128 0x14
 955 011b 0F       		.uleb128 0xf
 956 011c 00       		.byte	0
 957 011d 0B       		.uleb128 0xb
 958 011e 0B       		.uleb128 0xb
 959 011f 49       		.uleb128 0x49
 960 0120 13       		.uleb128 0x13
 961 0121 00       		.byte	0
 962 0122 00       		.byte	0
 963 0123 15       		.uleb128 0x15
 964 0124 2E       		.uleb128 0x2e
 965 0125 01       		.byte	0x1
 966 0126 3F       		.uleb128 0x3f
 967 0127 19       		.uleb128 0x19
 968 0128 03       		.uleb128 0x3
 969 0129 0E       		.uleb128 0xe
 970 012a 3A       		.uleb128 0x3a
 971 012b 0B       		.uleb128 0xb
 972 012c 3B       		.uleb128 0x3b
 973 012d 0B       		.uleb128 0xb
 974 012e 27       		.uleb128 0x27
 975 012f 19       		.uleb128 0x19
 976 0130 49       		.uleb128 0x49
 977 0131 13       		.uleb128 0x13
 978 0132 3C       		.uleb128 0x3c
 979 0133 19       		.uleb128 0x19
 980 0134 01       		.uleb128 0x1
 981 0135 13       		.uleb128 0x13
 982 0136 00       		.byte	0
 983 0137 00       		.byte	0
 984 0138 16       		.uleb128 0x16
 985 0139 2E       		.uleb128 0x2e
 986 013a 01       		.byte	0x1
 987 013b 3F       		.uleb128 0x3f
 988 013c 19       		.uleb128 0x19
 989 013d 03       		.uleb128 0x3
 990 013e 0E       		.uleb128 0xe
 991 013f 3A       		.uleb128 0x3a
 992 0140 0B       		.uleb128 0xb
 993 0141 3B       		.uleb128 0x3b
 994 0142 05       		.uleb128 0x5
 995 0143 27       		.uleb128 0x27
 996 0144 19       		.uleb128 0x19
 997 0145 3C       		.uleb128 0x3c
ARM GAS  C:\Users\Zeus\AppData\Local\Temp\ccAA10r4.s 			page 24


 998 0146 19       		.uleb128 0x19
 999 0147 01       		.uleb128 0x1
 1000 0148 13       		.uleb128 0x13
 1001 0149 00       		.byte	0
 1002 014a 00       		.byte	0
 1003 014b 17       		.uleb128 0x17
 1004 014c 2E       		.uleb128 0x2e
 1005 014d 00       		.byte	0
 1006 014e 3F       		.uleb128 0x3f
 1007 014f 19       		.uleb128 0x19
 1008 0150 03       		.uleb128 0x3
 1009 0151 0E       		.uleb128 0xe
 1010 0152 3A       		.uleb128 0x3a
 1011 0153 0B       		.uleb128 0xb
 1012 0154 3B       		.uleb128 0x3b
 1013 0155 0B       		.uleb128 0xb
 1014 0156 27       		.uleb128 0x27
 1015 0157 19       		.uleb128 0x19
 1016 0158 49       		.uleb128 0x49
 1017 0159 13       		.uleb128 0x13
 1018 015a 3C       		.uleb128 0x3c
 1019 015b 19       		.uleb128 0x19
 1020 015c 00       		.byte	0
 1021 015d 00       		.byte	0
 1022 015e 18       		.uleb128 0x18
 1023 015f 2E       		.uleb128 0x2e
 1024 0160 01       		.byte	0x1
 1025 0161 3F       		.uleb128 0x3f
 1026 0162 19       		.uleb128 0x19
 1027 0163 03       		.uleb128 0x3
 1028 0164 0E       		.uleb128 0xe
 1029 0165 3A       		.uleb128 0x3a
 1030 0166 0B       		.uleb128 0xb
 1031 0167 3B       		.uleb128 0x3b
 1032 0168 05       		.uleb128 0x5
 1033 0169 27       		.uleb128 0x27
 1034 016a 19       		.uleb128 0x19
 1035 016b 49       		.uleb128 0x49
 1036 016c 13       		.uleb128 0x13
 1037 016d 3C       		.uleb128 0x3c
 1038 016e 19       		.uleb128 0x19
 1039 016f 01       		.uleb128 0x1
 1040 0170 13       		.uleb128 0x13
 1041 0171 00       		.byte	0
 1042 0172 00       		.byte	0
 1043 0173 19       		.uleb128 0x19
 1044 0174 2E       		.uleb128 0x2e
 1045 0175 00       		.byte	0
 1046 0176 3F       		.uleb128 0x3f
 1047 0177 19       		.uleb128 0x19
 1048 0178 03       		.uleb128 0x3
 1049 0179 0E       		.uleb128 0xe
 1050 017a 3A       		.uleb128 0x3a
 1051 017b 0B       		.uleb128 0xb
 1052 017c 3B       		.uleb128 0x3b
 1053 017d 05       		.uleb128 0x5
 1054 017e 27       		.uleb128 0x27
ARM GAS  C:\Users\Zeus\AppData\Local\Temp\ccAA10r4.s 			page 25


 1055 017f 19       		.uleb128 0x19
 1056 0180 49       		.uleb128 0x49
 1057 0181 13       		.uleb128 0x13
 1058 0182 3C       		.uleb128 0x3c
 1059 0183 19       		.uleb128 0x19
 1060 0184 00       		.byte	0
 1061 0185 00       		.byte	0
 1062 0186 00       		.byte	0
 1063              		.section	.debug_loc,"",%progbits
 1064              	.Ldebug_loc0:
 1065              	.LLST0:
 1066 0000 1A000000 		.4byte	.LVL14
 1067 0004 20000000 		.4byte	.LVL15
 1068 0008 0100     		.2byte	0x1
 1069 000a 50       		.byte	0x50
 1070 000b 00000000 		.4byte	0
 1071 000f 00000000 		.4byte	0
 1072              	.LLST2:
 1073 0013 02000000 		.4byte	.LVL10
 1074 0017 0A000000 		.4byte	.LVL12
 1075 001b 0200     		.2byte	0x2
 1076 001d 30       		.byte	0x30
 1077 001e 9F       		.byte	0x9f
 1078 001f 0A000000 		.4byte	.LVL12
 1079 0023 28000000 		.4byte	.LVL17
 1080 0027 0100     		.2byte	0x1
 1081 0029 54       		.byte	0x54
 1082 002a 28000000 		.4byte	.LVL17
 1083 002e 2A000000 		.4byte	.LVL18
 1084 0032 0100     		.2byte	0x1
 1085 0034 50       		.byte	0x50
 1086 0035 2A000000 		.4byte	.LVL18
 1087 0039 A8000000 		.4byte	.LFE35
 1088 003d 0100     		.2byte	0x1
 1089 003f 54       		.byte	0x54
 1090 0040 00000000 		.4byte	0
 1091 0044 00000000 		.4byte	0
 1092              	.LLST3:
 1093 0048 32000000 		.4byte	.LVL19
 1094 004c 3A000000 		.4byte	.LVL20
 1095 0050 0100     		.2byte	0x1
 1096 0052 50       		.byte	0x50
 1097 0053 3A000000 		.4byte	.LVL20
 1098 0057 7C000000 		.4byte	.LVL30
 1099 005b 0100     		.2byte	0x1
 1100 005d 55       		.byte	0x55
 1101 005e 00000000 		.4byte	0
 1102 0062 00000000 		.4byte	0
 1103              	.LLST4:
 1104 0066 4A000000 		.4byte	.LVL22
 1105 006a 7C000000 		.4byte	.LVL30
 1106 006e 0100     		.2byte	0x1
 1107 0070 56       		.byte	0x56
 1108 0071 00000000 		.4byte	0
 1109 0075 00000000 		.4byte	0
 1110              	.LLST5:
 1111 0079 4E000000 		.4byte	.LVL23
ARM GAS  C:\Users\Zeus\AppData\Local\Temp\ccAA10r4.s 			page 26


 1112 007d 5E000000 		.4byte	.LVL25
 1113 0081 0100     		.2byte	0x1
 1114 0083 50       		.byte	0x50
 1115 0084 00000000 		.4byte	0
 1116 0088 00000000 		.4byte	0
 1117              	.LLST6:
 1118 008c 02000000 		.4byte	.LVL10
 1119 0090 0A000000 		.4byte	.LVL12
 1120 0094 0200     		.2byte	0x2
 1121 0096 30       		.byte	0x30
 1122 0097 9F       		.byte	0x9f
 1123 0098 68000000 		.4byte	.LVL28
 1124 009c 7C000000 		.4byte	.LVL30
 1125 00a0 0100     		.2byte	0x1
 1126 00a2 57       		.byte	0x57
 1127 00a3 00000000 		.4byte	0
 1128 00a7 00000000 		.4byte	0
 1129              	.LLST7:
 1130 00ab 8A000000 		.4byte	.LVL32
 1131 00af 8E000000 		.4byte	.LVL33
 1132 00b3 0100     		.2byte	0x1
 1133 00b5 50       		.byte	0x50
 1134 00b6 00000000 		.4byte	0
 1135 00ba 00000000 		.4byte	0
 1136              		.section	.debug_aranges,"",%progbits
 1137 0000 24000000 		.4byte	0x24
 1138 0004 0200     		.2byte	0x2
 1139 0006 00000000 		.4byte	.Ldebug_info0
 1140 000a 04       		.byte	0x4
 1141 000b 00       		.byte	0
 1142 000c 0000     		.2byte	0
 1143 000e 0000     		.2byte	0
 1144 0010 00000000 		.4byte	.LFB36
 1145 0014 38000000 		.4byte	.LFE36-.LFB36
 1146 0018 00000000 		.4byte	.LFB35
 1147 001c A8000000 		.4byte	.LFE35-.LFB35
 1148 0020 00000000 		.4byte	0
 1149 0024 00000000 		.4byte	0
 1150              		.section	.debug_ranges,"",%progbits
 1151              	.Ldebug_ranges0:
 1152 0000 00000000 		.4byte	.LFB36
 1153 0004 38000000 		.4byte	.LFE36
 1154 0008 00000000 		.4byte	.LFB35
 1155 000c A8000000 		.4byte	.LFE35
 1156 0010 00000000 		.4byte	0
 1157 0014 00000000 		.4byte	0
 1158              		.section	.debug_line,"",%progbits
 1159              	.Ldebug_line0:
 1160 0000 19010000 		.section	.debug_str,"MS",%progbits,1
 1160      0200BD00 
 1160      00000201 
 1160      FB0E0D00 
 1160      01010101 
 1161              	.LASF6:
 1162 0000 6C6F6E67 		.ascii	"long long int\000"
 1162      206C6F6E 
 1162      6720696E 
ARM GAS  C:\Users\Zeus\AppData\Local\Temp\ccAA10r4.s 			page 27


 1162      7400
 1163              	.LASF28:
 1164 000e 6C696768 		.ascii	"light\000"
 1164      7400
 1165              	.LASF19:
 1166 0014 696C6C75 		.ascii	"illuminance\000"
 1166      6D696E61 
 1166      6E636500 
 1167              	.LASF43:
 1168 0020 455A4932 		.ascii	"EZI2C_EzI2CGetActivity\000"
 1168      435F457A 
 1168      49324347 
 1168      65744163 
 1168      74697669 
 1169              	.LASF34:
 1170 0037 50567265 		.ascii	"PVref_Enable\000"
 1170      665F456E 
 1170      61626C65 
 1170      00
 1171              	.LASF35:
 1172 0044 50574D5F 		.ascii	"PWM_Start\000"
 1172      53746172 
 1172      7400
 1173              	.LASF3:
 1174 004e 73686F72 		.ascii	"short unsigned int\000"
 1174      7420756E 
 1174      7369676E 
 1174      65642069 
 1174      6E7400
 1175              	.LASF20:
 1176 0061 616C735F 		.ascii	"als_sensor_data\000"
 1176      73656E73 
 1176      6F725F64 
 1176      61746100 
 1177              	.LASF15:
 1178 0071 646F7562 		.ascii	"double\000"
 1178      6C6500
 1179              	.LASF46:
 1180 0078 4932435F 		.ascii	"I2C_1_I2CMasterStatus\000"
 1180      315F4932 
 1180      434D6173 
 1180      74657253 
 1180      74617475 
 1181              	.LASF33:
 1182 008e 50567265 		.ascii	"PVref_Start\000"
 1182      665F5374 
 1182      61727400 
 1183              	.LASF14:
 1184 009a 666C6F61 		.ascii	"float\000"
 1184      7400
 1185              	.LASF32:
 1186 00a0 52656642 		.ascii	"RefBuffer_Start\000"
 1186      75666665 
 1186      725F5374 
 1186      61727400 
 1187              	.LASF7:
 1188 00b0 6C6F6E67 		.ascii	"long long unsigned int\000"
ARM GAS  C:\Users\Zeus\AppData\Local\Temp\ccAA10r4.s 			page 28


 1188      206C6F6E 
 1188      6720756E 
 1188      7369676E 
 1188      65642069 
 1189              	.LASF1:
 1190 00c7 756E7369 		.ascii	"unsigned char\000"
 1190      676E6564 
 1190      20636861 
 1190      7200
 1191              	.LASF23:
 1192 00d5 61646352 		.ascii	"adcResult\000"
 1192      6573756C 
 1192      7400
 1193              	.LASF47:
 1194 00df 474E5520 		.ascii	"GNU C 4.9.3 20150303 (release) [ARM/embedded-4_9-br"
 1194      4320342E 
 1194      392E3320 
 1194      32303135 
 1194      30333033 
 1195 0112 616E6368 		.ascii	"anch revision 221220] -mcpu=cortex-m0plus -mthumb -"
 1195      20726576 
 1195      6973696F 
 1195      6E203232 
 1195      31323230 
 1196 0145 67202D4F 		.ascii	"g -Og -ffunction-sections -ffat-lto-objects\000"
 1196      67202D66 
 1196      66756E63 
 1196      74696F6E 
 1196      2D736563 
 1197              	.LASF27:
 1198 0171 696E7465 		.ascii	"interruptState\000"
 1198      72727570 
 1198      74537461 
 1198      746500
 1199              	.LASF5:
 1200 0180 6C6F6E67 		.ascii	"long unsigned int\000"
 1200      20756E73 
 1200      69676E65 
 1200      6420696E 
 1200      7400
 1201              	.LASF13:
 1202 0192 696E7433 		.ascii	"int32\000"
 1202      3200
 1203              	.LASF50:
 1204 0198 69326342 		.ascii	"i2cBuffer\000"
 1204      75666665 
 1204      7200
 1205              	.LASF39:
 1206 01a2 4144435F 		.ascii	"ADC_GetResult16\000"
 1206      47657452 
 1206      6573756C 
 1206      74313600 
 1207              	.LASF38:
 1208 01b2 4144435F 		.ascii	"ADC_IsEndConversion\000"
 1208      4973456E 
 1208      64436F6E 
 1208      76657273 
ARM GAS  C:\Users\Zeus\AppData\Local\Temp\ccAA10r4.s 			page 29


 1208      696F6E00 
 1209              	.LASF49:
 1210 01c6 433A5C55 		.ascii	"C:\\Users\\Zeus\\Documents\\PSoC Creator\\CE211252_"
 1210      73657273 
 1210      5C5A6575 
 1210      735C446F 
 1210      63756D65 
 1211 01f4 416D6269 		.ascii	"Ambient_Light_Sensing\\CE211252_Ambient_Light_Sensi"
 1211      656E745F 
 1211      4C696768 
 1211      745F5365 
 1211      6E73696E 
 1212 0226 6E672E63 		.ascii	"ng.cydsn\000"
 1212      7964736E 
 1212      00
 1213              	.LASF41:
 1214 022f 50574D5F 		.ascii	"PWM_WriteCompare\000"
 1214      57726974 
 1214      65436F6D 
 1214      70617265 
 1214      00
 1215              	.LASF21:
 1216 0240 496E6974 		.ascii	"InitResources\000"
 1216      5265736F 
 1216      75726365 
 1216      7300
 1217              	.LASF22:
 1218 024e 6D61696E 		.ascii	"main\000"
 1218      00
 1219              	.LASF25:
 1220 0253 66696C74 		.ascii	"filterOutput\000"
 1220      65724F75 
 1220      74707574 
 1220      00
 1221              	.LASF10:
 1222 0260 75696E74 		.ascii	"uint16\000"
 1222      313600
 1223              	.LASF11:
 1224 0267 75696E74 		.ascii	"uint32\000"
 1224      333200
 1225              	.LASF42:
 1226 026e 4379456E 		.ascii	"CyEnterCriticalSection\000"
 1226      74657243 
 1226      72697469 
 1226      63616C53 
 1226      65637469 
 1227              	.LASF8:
 1228 0285 756E7369 		.ascii	"unsigned int\000"
 1228      676E6564 
 1228      20696E74 
 1228      00
 1229              	.LASF44:
 1230 0292 43794578 		.ascii	"CyExitCriticalSection\000"
 1230      69744372 
 1230      69746963 
 1230      616C5365 
 1230      6374696F 
ARM GAS  C:\Users\Zeus\AppData\Local\Temp\ccAA10r4.s 			page 30


 1231              	.LASF40:
 1232 02a8 455A4932 		.ascii	"EZI2C_EzI2CSetBuffer1\000"
 1232      435F457A 
 1232      49324353 
 1232      65744275 
 1232      66666572 
 1233              	.LASF12:
 1234 02be 696E7431 		.ascii	"int16\000"
 1234      3600
 1235              	.LASF29:
 1236 02c4 4144435F 		.ascii	"ADC_Start\000"
 1236      53746172 
 1236      7400
 1237              	.LASF24:
 1238 02ce 66696C74 		.ascii	"filterInput\000"
 1238      6572496E 
 1238      70757400 
 1239              	.LASF17:
 1240 02da 73697A65 		.ascii	"sizetype\000"
 1240      74797065 
 1240      00
 1241              	.LASF30:
 1242 02e3 4144435F 		.ascii	"ADC_StartConvert\000"
 1242      53746172 
 1242      74436F6E 
 1242      76657274 
 1242      00
 1243              	.LASF48:
 1244 02f4 6D61696E 		.ascii	"main.c\000"
 1244      2E6300
 1245              	.LASF31:
 1246 02fb 4F70616D 		.ascii	"Opamp_TIA_Start\000"
 1246      705F5449 
 1246      415F5374 
 1246      61727400 
 1247              	.LASF37:
 1248 030b 4932435F 		.ascii	"I2C_1_Start\000"
 1248      315F5374 
 1248      61727400 
 1249              	.LASF2:
 1250 0317 73686F72 		.ascii	"short int\000"
 1250      7420696E 
 1250      7400
 1251              	.LASF9:
 1252 0321 75696E74 		.ascii	"uint8\000"
 1252      3800
 1253              	.LASF36:
 1254 0327 455A4932 		.ascii	"EZI2C_Start\000"
 1254      435F5374 
 1254      61727400 
 1255              	.LASF4:
 1256 0333 6C6F6E67 		.ascii	"long int\000"
 1256      20696E74 
 1256      00
 1257              	.LASF16:
 1258 033c 63686172 		.ascii	"char\000"
 1258      00
ARM GAS  C:\Users\Zeus\AppData\Local\Temp\ccAA10r4.s 			page 31


 1259              	.LASF26:
 1260 0341 70776D44 		.ascii	"pwmDutyCycle\000"
 1260      75747943 
 1260      79636C65 
 1260      00
 1261              	.LASF0:
 1262 034e 7369676E 		.ascii	"signed char\000"
 1262      65642063 
 1262      68617200 
 1263              	.LASF18:
 1264 035a 616C7343 		.ascii	"alsCurrent\000"
 1264      75727265 
 1264      6E7400
 1265              	.LASF45:
 1266 0365 4932435F 		.ascii	"I2C_1_I2CMasterWriteBuf\000"
 1266      315F4932 
 1266      434D6173 
 1266      74657257 
 1266      72697465 
 1267              		.ident	"GCC: (GNU Tools for ARM Embedded Processors) 4.9.3 20150303 (release) [ARM/embedded-4_9-br
