--------------- Rebuild Started: 01/07/2017 20:40:25 Project: CE211252_Ambient_Light_Sensing, Configuration: ARM GCC 4.9-2015-q1-update Debug ---------------
Deleting file ".\CortexM0p\ARM_GCC_493\Debug\main.o"
Deleting file ".\CortexM0p\ARM_GCC_493\Debug\cyfitter_cfg.o"
Deleting file ".\CortexM0p\ARM_GCC_493\Debug\cymetadata.o"
Deleting file ".\CortexM0p\ARM_GCC_493\Debug\EZI2C.o"
Deleting file ".\CortexM0p\ARM_GCC_493\Debug\EZI2C_PM.o"
Deleting file ".\CortexM0p\ARM_GCC_493\Debug\EZI2C_BOOT.o"
Deleting file ".\CortexM0p\ARM_GCC_493\Debug\EZI2C_EZI2C.o"
Deleting file ".\CortexM0p\ARM_GCC_493\Debug\EZI2C_EZI2C_INT.o"
Deleting file ".\CortexM0p\ARM_GCC_493\Debug\EZI2C_EZI2C_BOOT.o"
Deleting file ".\CortexM0p\ARM_GCC_493\Debug\ADC.o"
Deleting file ".\CortexM0p\ARM_GCC_493\Debug\ADC_PM.o"
Deleting file ".\CortexM0p\ARM_GCC_493\Debug\ADC_INIT.o"
Deleting file ".\CortexM0p\ARM_GCC_493\Debug\ADC_INT.o"
Deleting file ".\CortexM0p\ARM_GCC_493\Debug\PVref.o"
Deleting file ".\CortexM0p\ARM_GCC_493\Debug\PVref_PM.o"
Deleting file ".\CortexM0p\ARM_GCC_493\Debug\Opamp_TIA.o"
Deleting file ".\CortexM0p\ARM_GCC_493\Debug\Opamp_TIA_PM.o"
Deleting file ".\CortexM0p\ARM_GCC_493\Debug\Pin_LED.o"
Deleting file ".\CortexM0p\ARM_GCC_493\Debug\Pin_LED_PM.o"
Deleting file ".\CortexM0p\ARM_GCC_493\Debug\TIA_IN.o"
Deleting file ".\CortexM0p\ARM_GCC_493\Debug\TIA_IN_PM.o"
Deleting file ".\CortexM0p\ARM_GCC_493\Debug\TIA_OUT.o"
Deleting file ".\CortexM0p\ARM_GCC_493\Debug\TIA_OUT_PM.o"
Deleting file ".\CortexM0p\ARM_GCC_493\Debug\PWM.o"
Deleting file ".\CortexM0p\ARM_GCC_493\Debug\PWM_PM.o"
Deleting file ".\CortexM0p\ARM_GCC_493\Debug\Clock_PWM.o"
Deleting file ".\CortexM0p\ARM_GCC_493\Debug\RefBuffer.o"
Deleting file ".\CortexM0p\ARM_GCC_493\Debug\RefBuffer_PM.o"
Deleting file ".\CortexM0p\ARM_GCC_493\Debug\EZI2C_SCBCLK.o"
Deleting file ".\CortexM0p\ARM_GCC_493\Debug\EZI2C_sda.o"
Deleting file ".\CortexM0p\ARM_GCC_493\Debug\EZI2C_sda_PM.o"
Deleting file ".\CortexM0p\ARM_GCC_493\Debug\EZI2C_scl.o"
Deleting file ".\CortexM0p\ARM_GCC_493\Debug\EZI2C_scl_PM.o"
Deleting file ".\CortexM0p\ARM_GCC_493\Debug\EZI2C_SCB_IRQ.o"
Deleting file ".\CortexM0p\ARM_GCC_493\Debug\ADC_intSarClock.o"
Deleting file ".\CortexM0p\ARM_GCC_493\Debug\ADC_IRQ.o"
Deleting file ".\CortexM0p\ARM_GCC_493\Debug\ADC_intUabClock.o"
Deleting file ".\CortexM0p\ARM_GCC_493\Debug\Cm0plusStart.o"
Deleting file ".\CortexM0p\ARM_GCC_493\Debug\CyBootAsmGnu.o"
Deleting file ".\CortexM0p\ARM_GCC_493\Debug\CyFlash.o"
Deleting file ".\CortexM0p\ARM_GCC_493\Debug\CyLib.o"
Deleting file ".\CortexM0p\ARM_GCC_493\Debug\cyPm.o"
Deleting file ".\CortexM0p\ARM_GCC_493\Debug\cyutils.o"
Deleting file ".\CortexM0p\ARM_GCC_493\Debug\CyDMA.o"
Deleting file ".\CortexM0p\ARM_GCC_493\Debug\CyLFClk.o"
Deleting file ".\CortexM0p\ARM_GCC_493\Debug\I2C_1.o"
Deleting file ".\CortexM0p\ARM_GCC_493\Debug\I2C_1_I2C_INT.o"
Deleting file ".\CortexM0p\ARM_GCC_493\Debug\I2C_1_I2C.o"
Deleting file ".\CortexM0p\ARM_GCC_493\Debug\I2C_1_I2C_BOOT.o"
Deleting file ".\CortexM0p\ARM_GCC_493\Debug\I2C_1_I2C_MASTER.o"
Deleting file ".\CortexM0p\ARM_GCC_493\Debug\I2C_1_PM.o"
Deleting file ".\CortexM0p\ARM_GCC_493\Debug\I2C_1_BOOT.o"
Deleting file ".\CortexM0p\ARM_GCC_493\Debug\I2C_1_SCBCLK.o"
Deleting file ".\CortexM0p\ARM_GCC_493\Debug\I2C_1_sda.o"
Deleting file ".\CortexM0p\ARM_GCC_493\Debug\I2C_1_sda_PM.o"
Deleting file ".\CortexM0p\ARM_GCC_493\Debug\I2C_1_scl.o"
Deleting file ".\CortexM0p\ARM_GCC_493\Debug\I2C_1_scl_PM.o"
Deleting file ".\CortexM0p\ARM_GCC_493\Debug\I2C_1_SCB_IRQ.o"
Deleting file ".\CortexM0p\ARM_GCC_493\Debug\CE211252_Ambient_Light_Sensing.hex"
Deleting file ".\CortexM0p\ARM_GCC_493\Debug\CE211252_Ambient_Light_Sensing.elf"
Deleting file ".\CortexM0p\ARM_GCC_493\Debug\CE211252_Ambient_Light_Sensing.map"
Deleting file ".\CE211252_Ambient_Light_Sensing.cycdx"
Deleting file ".\CE211252_Ambient_Light_Sensing.rpt"
Deleting file ".\CortexM0p\ARM_GCC_493\Debug\.deps\SOURCE_C__ARM_GCC_GENERIC.P"
Deleting file ".\CortexM0p\ARM_GCC_493\Debug\.deps\SOURCE_ASM__ARM_GCC_GENERIC.P"
cydsfit.exe -.appdatapath "C:\Users\Zeus\AppData\Local\Cypress Semiconductor\PSoC Creator\4.0" -.fdsnotice -.fdswarpdepfile=warp_dependencies.txt -.fdselabdepfile=elab_dependencies.txt -.fdsbldfile=generated_files.txt -.fdsreffile=referenced_files.txt -p "C:\Users\Zeus\Documents\PSoC Creator\CE211252_Ambient_Light_Sensing\CE211252_Ambient_Light_Sensing.cydsn\CE211252_Ambient_Light_Sensing.cyprj" -d CY8C4A45LQI-483 -s "C:\Users\Zeus\Documents\PSoC Creator\CE211252_Ambient_Light_Sensing\CE211252_Ambient_Light_Sensing.cydsn\Generated_Source\PSoC4" -- -yv2 -q10 -ygs -o2 -v3 -.fftcfgtype=LE
Elaborating Design...
HDL Generation...
Synthesis...
Tech Mapping...
ADD: pft.M0040: information: The following 2 pin(s) will be assigned a location by the fitter: \I2C_1:scl(0)\, \I2C_1:sda(0)\
Analog Placement...
Analog Routing...
Analog Code Generation...
Digital Placement...
Digital Routing...
Info: pft.M0077: There is no timing information available for the selected device. Static timing checks will not be applied and digital routing will not be timing-driven. (App=cydsfit)
Bitstream Generation...
Bitstream Verification...
Static timing analysis...
API Generation...
Dependency Generation...
Cleanup...
arm-none-eabi-gcc.exe -mcpu=cortex-m0plus -mthumb -I. -IGenerated_Source\PSoC4 -Wa,-alh=.\CortexM0p\ARM_GCC_493\Debug/main.lst -g -D DEBUG -Wall -ffunction-sections -Og -ffat-lto-objects -c main.c -o .\CortexM0p\ARM_GCC_493\Debug\main.o
arm-none-eabi-gcc.exe -mcpu=cortex-m0plus -mthumb -I. -IGenerated_Source\PSoC4 -Wa,-alh=.\CortexM0p\ARM_GCC_493\Debug/cyfitter_cfg.lst -g -D DEBUG -Wall -ffunction-sections -Og -ffat-lto-objects -c Generated_Source\PSoC4\cyfitter_cfg.c -o .\CortexM0p\ARM_GCC_493\Debug\cyfitter_cfg.o
arm-none-eabi-gcc.exe -mcpu=cortex-m0plus -mthumb -I. -IGenerated_Source\PSoC4 -Wa,-alh=.\CortexM0p\ARM_GCC_493\Debug/cymetadata.lst -g -D DEBUG -Wall -ffunction-sections -Og -ffat-lto-objects -c Generated_Source\PSoC4\cymetadata.c -o .\CortexM0p\ARM_GCC_493\Debug\cymetadata.o
arm-none-eabi-gcc.exe -mcpu=cortex-m0plus -mthumb -I. -IGenerated_Source\PSoC4 -Wa,-alh=.\CortexM0p\ARM_GCC_493\Debug/EZI2C.lst -g -D DEBUG -Wall -ffunction-sections -Og -ffat-lto-objects -c Generated_Source\PSoC4\EZI2C.c -o .\CortexM0p\ARM_GCC_493\Debug\EZI2C.o
arm-none-eabi-gcc.exe -mcpu=cortex-m0plus -mthumb -I. -IGenerated_Source\PSoC4 -Wa,-alh=.\CortexM0p\ARM_GCC_493\Debug/EZI2C_PM.lst -g -D DEBUG -Wall -ffunction-sections -Og -ffat-lto-objects -c Generated_Source\PSoC4\EZI2C_PM.c -o .\CortexM0p\ARM_GCC_493\Debug\EZI2C_PM.o
arm-none-eabi-gcc.exe -mcpu=cortex-m0plus -mthumb -I. -IGenerated_Source\PSoC4 -Wa,-alh=.\CortexM0p\ARM_GCC_493\Debug/EZI2C_BOOT.lst -g -D DEBUG -Wall -ffunction-sections -Og -ffat-lto-objects -c Generated_Source\PSoC4\EZI2C_BOOT.c -o .\CortexM0p\ARM_GCC_493\Debug\EZI2C_BOOT.o
arm-none-eabi-gcc.exe -mcpu=cortex-m0plus -mthumb -I. -IGenerated_Source\PSoC4 -Wa,-alh=.\CortexM0p\ARM_GCC_493\Debug/EZI2C_EZI2C.lst -g -D DEBUG -Wall -ffunction-sections -Og -ffat-lto-objects -c Generated_Source\PSoC4\EZI2C_EZI2C.c -o .\CortexM0p\ARM_GCC_493\Debug\EZI2C_EZI2C.o
arm-none-eabi-gcc.exe -mcpu=cortex-m0plus -mthumb -I. -IGenerated_Source\PSoC4 -Wa,-alh=.\CortexM0p\ARM_GCC_493\Debug/EZI2C_EZI2C_INT.lst -g -D DEBUG -Wall -ffunction-sections -Og -ffat-lto-objects -c Generated_Source\PSoC4\EZI2C_EZI2C_INT.c -o .\CortexM0p\ARM_GCC_493\Debug\EZI2C_EZI2C_INT.o
arm-none-eabi-gcc.exe -mcpu=cortex-m0plus -mthumb -I. -IGenerated_Source\PSoC4 -Wa,-alh=.\CortexM0p\ARM_GCC_493\Debug/EZI2C_EZI2C_BOOT.lst -g -D DEBUG -Wall -ffunction-sections -Og -ffat-lto-objects -c Generated_Source\PSoC4\EZI2C_EZI2C_BOOT.c -o .\CortexM0p\ARM_GCC_493\Debug\EZI2C_EZI2C_BOOT.o
arm-none-eabi-gcc.exe -mcpu=cortex-m0plus -mthumb -I. -IGenerated_Source\PSoC4 -Wa,-alh=.\CortexM0p\ARM_GCC_493\Debug/ADC.lst -g -D DEBUG -Wall -ffunction-sections -Og -ffat-lto-objects -c Generated_Source\PSoC4\ADC.c -o .\CortexM0p\ARM_GCC_493\Debug\ADC.o
arm-none-eabi-gcc.exe -mcpu=cortex-m0plus -mthumb -I. -IGenerated_Source\PSoC4 -Wa,-alh=.\CortexM0p\ARM_GCC_493\Debug/ADC_PM.lst -g -D DEBUG -Wall -ffunction-sections -Og -ffat-lto-objects -c Generated_Source\PSoC4\ADC_PM.c -o .\CortexM0p\ARM_GCC_493\Debug\ADC_PM.o
arm-none-eabi-gcc.exe -mcpu=cortex-m0plus -mthumb -I. -IGenerated_Source\PSoC4 -Wa,-alh=.\CortexM0p\ARM_GCC_493\Debug/ADC_INIT.lst -g -D DEBUG -Wall -ffunction-sections -Og -ffat-lto-objects -c Generated_Source\PSoC4\ADC_INIT.c -o .\CortexM0p\ARM_GCC_493\Debug\ADC_INIT.o
arm-none-eabi-gcc.exe -mcpu=cortex-m0plus -mthumb -I. -IGenerated_Source\PSoC4 -Wa,-alh=.\CortexM0p\ARM_GCC_493\Debug/ADC_INT.lst -g -D DEBUG -Wall -ffunction-sections -Og -ffat-lto-objects -c Generated_Source\PSoC4\ADC_INT.c -o .\CortexM0p\ARM_GCC_493\Debug\ADC_INT.o
arm-none-eabi-gcc.exe -mcpu=cortex-m0plus -mthumb -I. -IGenerated_Source\PSoC4 -Wa,-alh=.\CortexM0p\ARM_GCC_493\Debug/PVref.lst -g -D DEBUG -Wall -ffunction-sections -Og -ffat-lto-objects -c Generated_Source\PSoC4\PVref.c -o .\CortexM0p\ARM_GCC_493\Debug\PVref.o
arm-none-eabi-gcc.exe -mcpu=cortex-m0plus -mthumb -I. -IGenerated_Source\PSoC4 -Wa,-alh=.\CortexM0p\ARM_GCC_493\Debug/PVref_PM.lst -g -D DEBUG -Wall -ffunction-sections -Og -ffat-lto-objects -c Generated_Source\PSoC4\PVref_PM.c -o .\CortexM0p\ARM_GCC_493\Debug\PVref_PM.o
arm-none-eabi-gcc.exe -mcpu=cortex-m0plus -mthumb -I. -IGenerated_Source\PSoC4 -Wa,-alh=.\CortexM0p\ARM_GCC_493\Debug/Opamp_TIA.lst -g -D DEBUG -Wall -ffunction-sections -Og -ffat-lto-objects -c Generated_Source\PSoC4\Opamp_TIA.c -o .\CortexM0p\ARM_GCC_493\Debug\Opamp_TIA.o
arm-none-eabi-gcc.exe -mcpu=cortex-m0plus -mthumb -I. -IGenerated_Source\PSoC4 -Wa,-alh=.\CortexM0p\ARM_GCC_493\Debug/Opamp_TIA_PM.lst -g -D DEBUG -Wall -ffunction-sections -Og -ffat-lto-objects -c Generated_Source\PSoC4\Opamp_TIA_PM.c -o .\CortexM0p\ARM_GCC_493\Debug\Opamp_TIA_PM.o
arm-none-eabi-gcc.exe -mcpu=cortex-m0plus -mthumb -I. -IGenerated_Source\PSoC4 -Wa,-alh=.\CortexM0p\ARM_GCC_493\Debug/Pin_LED.lst -g -D DEBUG -Wall -ffunction-sections -Og -ffat-lto-objects -c Generated_Source\PSoC4\Pin_LED.c -o .\CortexM0p\ARM_GCC_493\Debug\Pin_LED.o
arm-none-eabi-gcc.exe -mcpu=cortex-m0plus -mthumb -I. -IGenerated_Source\PSoC4 -Wa,-alh=.\CortexM0p\ARM_GCC_493\Debug/Pin_LED_PM.lst -g -D DEBUG -Wall -ffunction-sections -Og -ffat-lto-objects -c Generated_Source\PSoC4\Pin_LED_PM.c -o .\CortexM0p\ARM_GCC_493\Debug\Pin_LED_PM.o
arm-none-eabi-gcc.exe -mcpu=cortex-m0plus -mthumb -I. -IGenerated_Source\PSoC4 -Wa,-alh=.\CortexM0p\ARM_GCC_493\Debug/TIA_IN.lst -g -D DEBUG -Wall -ffunction-sections -Og -ffat-lto-objects -c Generated_Source\PSoC4\TIA_IN.c -o .\CortexM0p\ARM_GCC_493\Debug\TIA_IN.o
arm-none-eabi-gcc.exe -mcpu=cortex-m0plus -mthumb -I. -IGenerated_Source\PSoC4 -Wa,-alh=.\CortexM0p\ARM_GCC_493\Debug/TIA_IN_PM.lst -g -D DEBUG -Wall -ffunction-sections -Og -ffat-lto-objects -c Generated_Source\PSoC4\TIA_IN_PM.c -o .\CortexM0p\ARM_GCC_493\Debug\TIA_IN_PM.o
arm-none-eabi-gcc.exe -mcpu=cortex-m0plus -mthumb -I. -IGenerated_Source\PSoC4 -Wa,-alh=.\CortexM0p\ARM_GCC_493\Debug/TIA_OUT.lst -g -D DEBUG -Wall -ffunction-sections -Og -ffat-lto-objects -c Generated_Source\PSoC4\TIA_OUT.c -o .\CortexM0p\ARM_GCC_493\Debug\TIA_OUT.o
arm-none-eabi-gcc.exe -mcpu=cortex-m0plus -mthumb -I. -IGenerated_Source\PSoC4 -Wa,-alh=.\CortexM0p\ARM_GCC_493\Debug/TIA_OUT_PM.lst -g -D DEBUG -Wall -ffunction-sections -Og -ffat-lto-objects -c Generated_Source\PSoC4\TIA_OUT_PM.c -o .\CortexM0p\ARM_GCC_493\Debug\TIA_OUT_PM.o
arm-none-eabi-gcc.exe -mcpu=cortex-m0plus -mthumb -I. -IGenerated_Source\PSoC4 -Wa,-alh=.\CortexM0p\ARM_GCC_493\Debug/PWM.lst -g -D DEBUG -Wall -ffunction-sections -Og -ffat-lto-objects -c Generated_Source\PSoC4\PWM.c -o .\CortexM0p\ARM_GCC_493\Debug\PWM.o
arm-none-eabi-gcc.exe -mcpu=cortex-m0plus -mthumb -I. -IGenerated_Source\PSoC4 -Wa,-alh=.\CortexM0p\ARM_GCC_493\Debug/PWM_PM.lst -g -D DEBUG -Wall -ffunction-sections -Og -ffat-lto-objects -c Generated_Source\PSoC4\PWM_PM.c -o .\CortexM0p\ARM_GCC_493\Debug\PWM_PM.o
arm-none-eabi-gcc.exe -mcpu=cortex-m0plus -mthumb -I. -IGenerated_Source\PSoC4 -Wa,-alh=.\CortexM0p\ARM_GCC_493\Debug/Clock_PWM.lst -g -D DEBUG -Wall -ffunction-sections -Og -ffat-lto-objects -c Generated_Source\PSoC4\Clock_PWM.c -o .\CortexM0p\ARM_GCC_493\Debug\Clock_PWM.o
arm-none-eabi-gcc.exe -mcpu=cortex-m0plus -mthumb -I. -IGenerated_Source\PSoC4 -Wa,-alh=.\CortexM0p\ARM_GCC_493\Debug/RefBuffer.lst -g -D DEBUG -Wall -ffunction-sections -Og -ffat-lto-objects -c Generated_Source\PSoC4\RefBuffer.c -o .\CortexM0p\ARM_GCC_493\Debug\RefBuffer.o
arm-none-eabi-gcc.exe -mcpu=cortex-m0plus -mthumb -I. -IGenerated_Source\PSoC4 -Wa,-alh=.\CortexM0p\ARM_GCC_493\Debug/RefBuffer_PM.lst -g -D DEBUG -Wall -ffunction-sections -Og -ffat-lto-objects -c Generated_Source\PSoC4\RefBuffer_PM.c -o .\CortexM0p\ARM_GCC_493\Debug\RefBuffer_PM.o
arm-none-eabi-gcc.exe -mcpu=cortex-m0plus -mthumb -I. -IGenerated_Source\PSoC4 -Wa,-alh=.\CortexM0p\ARM_GCC_493\Debug/EZI2C_SCBCLK.lst -g -D DEBUG -Wall -ffunction-sections -Og -ffat-lto-objects -c Generated_Source\PSoC4\EZI2C_SCBCLK.c -o .\CortexM0p\ARM_GCC_493\Debug\EZI2C_SCBCLK.o
arm-none-eabi-gcc.exe -mcpu=cortex-m0plus -mthumb -I. -IGenerated_Source\PSoC4 -Wa,-alh=.\CortexM0p\ARM_GCC_493\Debug/EZI2C_sda.lst -g -D DEBUG -Wall -ffunction-sections -Og -ffat-lto-objects -c Generated_Source\PSoC4\EZI2C_sda.c -o .\CortexM0p\ARM_GCC_493\Debug\EZI2C_sda.o
arm-none-eabi-gcc.exe -mcpu=cortex-m0plus -mthumb -I. -IGenerated_Source\PSoC4 -Wa,-alh=.\CortexM0p\ARM_GCC_493\Debug/EZI2C_sda_PM.lst -g -D DEBUG -Wall -ffunction-sections -Og -ffat-lto-objects -c Generated_Source\PSoC4\EZI2C_sda_PM.c -o .\CortexM0p\ARM_GCC_493\Debug\EZI2C_sda_PM.o
arm-none-eabi-gcc.exe -mcpu=cortex-m0plus -mthumb -I. -IGenerated_Source\PSoC4 -Wa,-alh=.\CortexM0p\ARM_GCC_493\Debug/EZI2C_scl.lst -g -D DEBUG -Wall -ffunction-sections -Og -ffat-lto-objects -c Generated_Source\PSoC4\EZI2C_scl.c -o .\CortexM0p\ARM_GCC_493\Debug\EZI2C_scl.o
arm-none-eabi-gcc.exe -mcpu=cortex-m0plus -mthumb -I. -IGenerated_Source\PSoC4 -Wa,-alh=.\CortexM0p\ARM_GCC_493\Debug/EZI2C_scl_PM.lst -g -D DEBUG -Wall -ffunction-sections -Og -ffat-lto-objects -c Generated_Source\PSoC4\EZI2C_scl_PM.c -o .\CortexM0p\ARM_GCC_493\Debug\EZI2C_scl_PM.o
arm-none-eabi-gcc.exe -mcpu=cortex-m0plus -mthumb -I. -IGenerated_Source\PSoC4 -Wa,-alh=.\CortexM0p\ARM_GCC_493\Debug/EZI2C_SCB_IRQ.lst -g -D DEBUG -Wall -ffunction-sections -Og -ffat-lto-objects -c Generated_Source\PSoC4\EZI2C_SCB_IRQ.c -o .\CortexM0p\ARM_GCC_493\Debug\EZI2C_SCB_IRQ.o
arm-none-eabi-gcc.exe -mcpu=cortex-m0plus -mthumb -I. -IGenerated_Source\PSoC4 -Wa,-alh=.\CortexM0p\ARM_GCC_493\Debug/ADC_intSarClock.lst -g -D DEBUG -Wall -ffunction-sections -Og -ffat-lto-objects -c Generated_Source\PSoC4\ADC_intSarClock.c -o .\CortexM0p\ARM_GCC_493\Debug\ADC_intSarClock.o
arm-none-eabi-gcc.exe -mcpu=cortex-m0plus -mthumb -I. -IGenerated_Source\PSoC4 -Wa,-alh=.\CortexM0p\ARM_GCC_493\Debug/ADC_IRQ.lst -g -D DEBUG -Wall -ffunction-sections -Og -ffat-lto-objects -c Generated_Source\PSoC4\ADC_IRQ.c -o .\CortexM0p\ARM_GCC_493\Debug\ADC_IRQ.o
arm-none-eabi-gcc.exe -mcpu=cortex-m0plus -mthumb -I. -IGenerated_Source\PSoC4 -Wa,-alh=.\CortexM0p\ARM_GCC_493\Debug/ADC_intUabClock.lst -g -D DEBUG -Wall -ffunction-sections -Og -ffat-lto-objects -c Generated_Source\PSoC4\ADC_intUabClock.c -o .\CortexM0p\ARM_GCC_493\Debug\ADC_intUabClock.o
arm-none-eabi-gcc.exe -mcpu=cortex-m0plus -mthumb -I. -IGenerated_Source\PSoC4 -Wa,-alh=.\CortexM0p\ARM_GCC_493\Debug/Cm0plusStart.lst -g -D DEBUG -Wall -ffunction-sections -Og -ffat-lto-objects -c Generated_Source\PSoC4\Cm0plusStart.c -o .\CortexM0p\ARM_GCC_493\Debug\Cm0plusStart.o
arm-none-eabi-gcc.exe -mcpu=cortex-m0plus -mthumb -I. -IGenerated_Source\PSoC4 -Wa,-alh=.\CortexM0p\ARM_GCC_493\Debug/CyFlash.lst -g -D DEBUG -Wall -ffunction-sections -Og -ffat-lto-objects -c Generated_Source\PSoC4\CyFlash.c -o .\CortexM0p\ARM_GCC_493\Debug\CyFlash.o
arm-none-eabi-gcc.exe -mcpu=cortex-m0plus -mthumb -I. -IGenerated_Source\PSoC4 -Wa,-alh=.\CortexM0p\ARM_GCC_493\Debug/CyLib.lst -g -D DEBUG -Wall -ffunction-sections -Og -ffat-lto-objects -c Generated_Source\PSoC4\CyLib.c -o .\CortexM0p\ARM_GCC_493\Debug\CyLib.o
arm-none-eabi-gcc.exe -mcpu=cortex-m0plus -mthumb -I. -IGenerated_Source\PSoC4 -Wa,-alh=.\CortexM0p\ARM_GCC_493\Debug/cyPm.lst -g -D DEBUG -Wall -ffunction-sections -Og -ffat-lto-objects -c Generated_Source\PSoC4\cyPm.c -o .\CortexM0p\ARM_GCC_493\Debug\cyPm.o
arm-none-eabi-gcc.exe -mcpu=cortex-m0plus -mthumb -I. -IGenerated_Source\PSoC4 -Wa,-alh=.\CortexM0p\ARM_GCC_493\Debug/cyutils.lst -g -D DEBUG -Wall -ffunction-sections -Og -ffat-lto-objects -c Generated_Source\PSoC4\cyutils.c -o .\CortexM0p\ARM_GCC_493\Debug\cyutils.o
arm-none-eabi-gcc.exe -mcpu=cortex-m0plus -mthumb -I. -IGenerated_Source\PSoC4 -Wa,-alh=.\CortexM0p\ARM_GCC_493\Debug/CyDMA.lst -g -D DEBUG -Wall -ffunction-sections -Og -ffat-lto-objects -c Generated_Source\PSoC4\CyDMA.c -o .\CortexM0p\ARM_GCC_493\Debug\CyDMA.o
arm-none-eabi-gcc.exe -mcpu=cortex-m0plus -mthumb -I. -IGenerated_Source\PSoC4 -Wa,-alh=.\CortexM0p\ARM_GCC_493\Debug/CyLFClk.lst -g -D DEBUG -Wall -ffunction-sections -Og -ffat-lto-objects -c Generated_Source\PSoC4\CyLFClk.c -o .\CortexM0p\ARM_GCC_493\Debug\CyLFClk.o
arm-none-eabi-gcc.exe -mcpu=cortex-m0plus -mthumb -I. -IGenerated_Source\PSoC4 -Wa,-alh=.\CortexM0p\ARM_GCC_493\Debug/I2C_1.lst -g -D DEBUG -Wall -ffunction-sections -Og -ffat-lto-objects -c Generated_Source\PSoC4\I2C_1.c -o .\CortexM0p\ARM_GCC_493\Debug\I2C_1.o
arm-none-eabi-gcc.exe -mcpu=cortex-m0plus -mthumb -I. -IGenerated_Source\PSoC4 -Wa,-alh=.\CortexM0p\ARM_GCC_493\Debug/I2C_1_I2C_INT.lst -g -D DEBUG -Wall -ffunction-sections -Og -ffat-lto-objects -c Generated_Source\PSoC4\I2C_1_I2C_INT.c -o .\CortexM0p\ARM_GCC_493\Debug\I2C_1_I2C_INT.o
arm-none-eabi-gcc.exe -mcpu=cortex-m0plus -mthumb -I. -IGenerated_Source\PSoC4 -Wa,-alh=.\CortexM0p\ARM_GCC_493\Debug/I2C_1_I2C.lst -g -D DEBUG -Wall -ffunction-sections -Og -ffat-lto-objects -c Generated_Source\PSoC4\I2C_1_I2C.c -o .\CortexM0p\ARM_GCC_493\Debug\I2C_1_I2C.o
arm-none-eabi-gcc.exe -mcpu=cortex-m0plus -mthumb -I. -IGenerated_Source\PSoC4 -Wa,-alh=.\CortexM0p\ARM_GCC_493\Debug/I2C_1_I2C_BOOT.lst -g -D DEBUG -Wall -ffunction-sections -Og -ffat-lto-objects -c Generated_Source\PSoC4\I2C_1_I2C_BOOT.c -o .\CortexM0p\ARM_GCC_493\Debug\I2C_1_I2C_BOOT.o
arm-none-eabi-gcc.exe -mcpu=cortex-m0plus -mthumb -I. -IGenerated_Source\PSoC4 -Wa,-alh=.\CortexM0p\ARM_GCC_493\Debug/I2C_1_I2C_MASTER.lst -g -D DEBUG -Wall -ffunction-sections -Og -ffat-lto-objects -c Generated_Source\PSoC4\I2C_1_I2C_MASTER.c -o .\CortexM0p\ARM_GCC_493\Debug\I2C_1_I2C_MASTER.o
arm-none-eabi-gcc.exe -mcpu=cortex-m0plus -mthumb -I. -IGenerated_Source\PSoC4 -Wa,-alh=.\CortexM0p\ARM_GCC_493\Debug/I2C_1_PM.lst -g -D DEBUG -Wall -ffunction-sections -Og -ffat-lto-objects -c Generated_Source\PSoC4\I2C_1_PM.c -o .\CortexM0p\ARM_GCC_493\Debug\I2C_1_PM.o
arm-none-eabi-gcc.exe -mcpu=cortex-m0plus -mthumb -I. -IGenerated_Source\PSoC4 -Wa,-alh=.\CortexM0p\ARM_GCC_493\Debug/I2C_1_BOOT.lst -g -D DEBUG -Wall -ffunction-sections -Og -ffat-lto-objects -c Generated_Source\PSoC4\I2C_1_BOOT.c -o .\CortexM0p\ARM_GCC_493\Debug\I2C_1_BOOT.o
arm-none-eabi-gcc.exe -mcpu=cortex-m0plus -mthumb -I. -IGenerated_Source\PSoC4 -Wa,-alh=.\CortexM0p\ARM_GCC_493\Debug/I2C_1_SCBCLK.lst -g -D DEBUG -Wall -ffunction-sections -Og -ffat-lto-objects -c Generated_Source\PSoC4\I2C_1_SCBCLK.c -o .\CortexM0p\ARM_GCC_493\Debug\I2C_1_SCBCLK.o
arm-none-eabi-gcc.exe -mcpu=cortex-m0plus -mthumb -I. -IGenerated_Source\PSoC4 -Wa,-alh=.\CortexM0p\ARM_GCC_493\Debug/I2C_1_sda.lst -g -D DEBUG -Wall -ffunction-sections -Og -ffat-lto-objects -c Generated_Source\PSoC4\I2C_1_sda.c -o .\CortexM0p\ARM_GCC_493\Debug\I2C_1_sda.o
arm-none-eabi-gcc.exe -mcpu=cortex-m0plus -mthumb -I. -IGenerated_Source\PSoC4 -Wa,-alh=.\CortexM0p\ARM_GCC_493\Debug/I2C_1_sda_PM.lst -g -D DEBUG -Wall -ffunction-sections -Og -ffat-lto-objects -c Generated_Source\PSoC4\I2C_1_sda_PM.c -o .\CortexM0p\ARM_GCC_493\Debug\I2C_1_sda_PM.o
arm-none-eabi-gcc.exe -mcpu=cortex-m0plus -mthumb -I. -IGenerated_Source\PSoC4 -Wa,-alh=.\CortexM0p\ARM_GCC_493\Debug/I2C_1_scl.lst -g -D DEBUG -Wall -ffunction-sections -Og -ffat-lto-objects -c Generated_Source\PSoC4\I2C_1_scl.c -o .\CortexM0p\ARM_GCC_493\Debug\I2C_1_scl.o
arm-none-eabi-gcc.exe -mcpu=cortex-m0plus -mthumb -I. -IGenerated_Source\PSoC4 -Wa,-alh=.\CortexM0p\ARM_GCC_493\Debug/I2C_1_scl_PM.lst -g -D DEBUG -Wall -ffunction-sections -Og -ffat-lto-objects -c Generated_Source\PSoC4\I2C_1_scl_PM.c -o .\CortexM0p\ARM_GCC_493\Debug\I2C_1_scl_PM.o
arm-none-eabi-gcc.exe -mcpu=cortex-m0plus -mthumb -I. -IGenerated_Source\PSoC4 -Wa,-alh=.\CortexM0p\ARM_GCC_493\Debug/I2C_1_SCB_IRQ.lst -g -D DEBUG -Wall -ffunction-sections -Og -ffat-lto-objects -c Generated_Source\PSoC4\I2C_1_SCB_IRQ.c -o .\CortexM0p\ARM_GCC_493\Debug\I2C_1_SCB_IRQ.o
arm-none-eabi-as.exe -mcpu=cortex-m0plus -mthumb -I. -IGenerated_Source\PSoC4 -alh=.\CortexM0p\ARM_GCC_493\Debug/CyBootAsmGnu.lst -g -W -o .\CortexM0p\ARM_GCC_493\Debug\CyBootAsmGnu.o Generated_Source\PSoC4\CyBootAsmGnu.s
arm-none-eabi-ar.exe -rs .\CortexM0p\ARM_GCC_493\Debug\CE211252_Ambient_Light_Sensing.a .\CortexM0p\ARM_GCC_493\Debug\cyfitter_cfg.o .\CortexM0p\ARM_GCC_493\Debug\EZI2C.o .\CortexM0p\ARM_GCC_493\Debug\EZI2C_PM.o .\CortexM0p\ARM_GCC_493\Debug\EZI2C_BOOT.o .\CortexM0p\ARM_GCC_493\Debug\EZI2C_EZI2C.o .\CortexM0p\ARM_GCC_493\Debug\EZI2C_EZI2C_INT.o .\CortexM0p\ARM_GCC_493\Debug\EZI2C_EZI2C_BOOT.o .\CortexM0p\ARM_GCC_493\Debug\ADC.o .\CortexM0p\ARM_GCC_493\Debug\ADC_PM.o .\CortexM0p\ARM_GCC_493\Debug\ADC_INIT.o .\CortexM0p\ARM_GCC_493\Debug\ADC_INT.o .\CortexM0p\ARM_GCC_493\Debug\PVref.o .\CortexM0p\ARM_GCC_493\Debug\PVref_PM.o .\CortexM0p\ARM_GCC_493\Debug\Opamp_TIA.o .\CortexM0p\ARM_GCC_493\Debug\Opamp_TIA_PM.o .\CortexM0p\ARM_GCC_493\Debug\Pin_LED.o .\CortexM0p\ARM_GCC_493\Debug\Pin_LED_PM.o .\CortexM0p\ARM_GCC_493\Debug\TIA_IN.o .\CortexM0p\ARM_GCC_493\Debug\TIA_IN_PM.o .\CortexM0p\ARM_GCC_493\Debug\TIA_OUT.o .\CortexM0p\ARM_GCC_493\Debug\TIA_OUT_PM.o .\CortexM0p\ARM_GCC_493\Debug\PWM.o .\CortexM0p\ARM_GCC_493\Debug\PWM_PM.o .\CortexM0p\ARM_GCC_493\Debug\Clock_PWM.o .\CortexM0p\ARM_GCC_493\Debug\RefBuffer.o .\CortexM0p\ARM_GCC_493\Debug\RefBuffer_PM.o .\CortexM0p\ARM_GCC_493\Debug\EZI2C_SCBCLK.o .\CortexM0p\ARM_GCC_493\Debug\EZI2C_sda.o .\CortexM0p\ARM_GCC_493\Debug\EZI2C_sda_PM.o .\CortexM0p\ARM_GCC_493\Debug\EZI2C_scl.o .\CortexM0p\ARM_GCC_493\Debug\EZI2C_scl_PM.o .\CortexM0p\ARM_GCC_493\Debug\EZI2C_SCB_IRQ.o .\CortexM0p\ARM_GCC_493\Debug\ADC_intSarClock.o .\CortexM0p\ARM_GCC_493\Debug\ADC_IRQ.o .\CortexM0p\ARM_GCC_493\Debug\ADC_intUabClock.o .\CortexM0p\ARM_GCC_493\Debug\CyFlash.o .\CortexM0p\ARM_GCC_493\Debug\CyLib.o .\CortexM0p\ARM_GCC_493\Debug\cyPm.o .\CortexM0p\ARM_GCC_493\Debug\cyutils.o .\CortexM0p\ARM_GCC_493\Debug\CyDMA.o .\CortexM0p\ARM_GCC_493\Debug\CyLFClk.o .\CortexM0p\ARM_GCC_493\Debug\I2C_1.o .\CortexM0p\ARM_GCC_493\Debug\I2C_1_I2C_INT.o .\CortexM0p\ARM_GCC_493\Debug\I2C_1_I2C.o .\CortexM0p\ARM_GCC_493\Debug\I2C_1_I2C_BOOT.o .\CortexM0p\ARM_GCC_493\Debug\I2C_1_I2C_MASTER.o .\CortexM0p\ARM_GCC_493\Debug\I2C_1_PM.o .\CortexM0p\ARM_GCC_493\Debug\I2C_1_BOOT.o .\CortexM0p\ARM_GCC_493\Debug\I2C_1_SCBCLK.o .\CortexM0p\ARM_GCC_493\Debug\I2C_1_sda.o .\CortexM0p\ARM_GCC_493\Debug\I2C_1_sda_PM.o .\CortexM0p\ARM_GCC_493\Debug\I2C_1_scl.o .\CortexM0p\ARM_GCC_493\Debug\I2C_1_scl_PM.o .\CortexM0p\ARM_GCC_493\Debug\I2C_1_SCB_IRQ.o .\CortexM0p\ARM_GCC_493\Debug\CyBootAsmGnu.o
arm-none-eabi-ar.exe: creating .\CortexM0p\ARM_GCC_493\Debug\CE211252_Ambient_Light_Sensing.a
arm-none-eabi-gcc.exe -Wl,--start-group -o .\CortexM0p\ARM_GCC_493\Debug\CE211252_Ambient_Light_Sensing.elf .\CortexM0p\ARM_GCC_493\Debug\main.o .\CortexM0p\ARM_GCC_493\Debug\cymetadata.o .\CortexM0p\ARM_GCC_493\Debug\Cm0plusStart.o .\CortexM0p\ARM_GCC_493\Debug\CE211252_Ambient_Light_Sensing.a -mcpu=cortex-m0plus -mthumb -g -ffunction-sections -Og -ffat-lto-objects -L Generated_Source\PSoC4 -Wl,-Map,.\CortexM0p\ARM_GCC_493\Debug/CE211252_Ambient_Light_Sensing.map -T "C:\Users\Zeus\Documents\PSoC Creator\CE211252_Ambient_Light_Sensing\CE211252_Ambient_Light_Sensing.cydsn\Generated_Source\PSoC4\cm0plusgcc.ld" -specs=nano.specs -Wl,--gc-sections -Wl,--end-group
cyelftool.exe -C "C:\Users\Zeus\Documents\PSoC Creator\CE211252_Ambient_Light_Sensing\CE211252_Ambient_Light_Sensing.cydsn\CortexM0p\ARM_GCC_493\Debug\CE211252_Ambient_Light_Sensing.elf" --flash_row_size 128 --flash_size 32768
cyelftool.exe -S "C:\Users\Zeus\Documents\PSoC Creator\CE211252_Ambient_Light_Sensing\CE211252_Ambient_Light_Sensing.cydsn\CortexM0p\ARM_GCC_493\Debug\CE211252_Ambient_Light_Sensing.elf"
Flash used: 6664 of 32768 bytes (20.3 %).
SRAM used: 2616 of 4096 bytes (63.9 %). Stack: 2048 bytes. Heap: 128 bytes.
--------------- Rebuild Succeeded: 01/07/2017 20:41:04 ---------------
