Loading plugins phase: Elapsed time ==> 1s.573ms
<CYPRESSTAG name="CyDsfit arguments...">
cydsfit arguments: -.fdsnotice -.fdswarpdepfile=warp_dependencies.txt -.fdselabdepfile=elab_dependencies.txt -.fdsbldfile=generated_files.txt -.fdsreffile=referenced_files.txt -p C:\Users\Zeus\Documents\PSoC Creator\CE211252_Ambient_Light_Sensing\CE211252_Ambient_Light_Sensing.cydsn\CE211252_Ambient_Light_Sensing.cyprj -d CY8C4A45LQI-483 -s C:\Users\Zeus\Documents\PSoC Creator\CE211252_Ambient_Light_Sensing\CE211252_Ambient_Light_Sensing.cydsn\Generated_Source\PSoC4 -- -yv2 -q10 -ygs -o2 -v3 -.fftcfgtype=LE</CYPRESSTAG>
<CYPRESSTAG name="Design elaboration results...">
</CYPRESSTAG>
Elaboration phase: Elapsed time ==> 15s.439ms
<CYPRESSTAG name="HDL generation results...">
</CYPRESSTAG>
HDL generation phase: Elapsed time ==> 0s.249ms
<CYPRESSTAG name="Synthesis results...">

     | | | | | | |
   _________________
  -|               |-
  -|               |-
  -|               |-
  -|    CYPRESS    |-
  -|               |-
  -|               |-   Warp Verilog Synthesis Compiler: Version 6.3 IR 41
  -|               |-   Copyright (C) 1991-2001 Cypress Semiconductor
   |_______________|
     | | | | | | |

======================================================================
Compiling:  CE211252_Ambient_Light_Sensing.v
Program  :   C:\Program Files (x86)\Cypress\PSoC Creator\4.0\PSoC Creator\warp\bin\warp.exe
Options  :    -yv2 -q10 -ygs -o2 -v3 -.fftcfgtype=LE -ya -.fftprj=C:\Users\Zeus\Documents\PSoC Creator\CE211252_Ambient_Light_Sensing\CE211252_Ambient_Light_Sensing.cydsn\CE211252_Ambient_Light_Sensing.cyprj -dcpsoc3 CE211252_Ambient_Light_Sensing.v -verilog
======================================================================

======================================================================
Compiling:  CE211252_Ambient_Light_Sensing.v
Program  :   C:\Program Files (x86)\Cypress\PSoC Creator\4.0\PSoC Creator\warp\bin\warp.exe
Options  :    -yv2 -q10 -ygs -o2 -v3 -.fftcfgtype=LE -ya -.fftprj=C:\Users\Zeus\Documents\PSoC Creator\CE211252_Ambient_Light_Sensing\CE211252_Ambient_Light_Sensing.cydsn\CE211252_Ambient_Light_Sensing.cyprj -dcpsoc3 CE211252_Ambient_Light_Sensing.v -verilog
======================================================================

======================================================================
Compiling:  CE211252_Ambient_Light_Sensing.v
Program  :   vlogfe
Options  :    -yv2 -q10 -ygs -o2 -v3 -.fftcfgtype=LE -ya -.fftprj=C:\Users\Zeus\Documents\PSoC Creator\CE211252_Ambient_Light_Sensing\CE211252_Ambient_Light_Sensing.cydsn\CE211252_Ambient_Light_Sensing.cyprj -dcpsoc3 -verilog CE211252_Ambient_Light_Sensing.v
======================================================================

vlogfe V6.3 IR 41:  Verilog parser
Sat Jan 07 20:40:46 2017


======================================================================
Compiling:  CE211252_Ambient_Light_Sensing.v
Program  :   vpp
Options  :    -yv2 -q10 CE211252_Ambient_Light_Sensing.v
======================================================================

vpp V6.3 IR 41:  Verilog Pre-Processor
Sat Jan 07 20:40:46 2017

Flattening file 'C:\Program Files (x86)\Cypress\PSoC Creator\4.0\PSoC Creator\psoc\content\cyprimitives\CyPrimitives.cylib\cy_virtualmux_v1_0\cy_virtualmux_v1_0.v'
Flattening file 'C:\Program Files (x86)\Cypress\PSoC Creator\4.0\PSoC Creator\psoc\content\cyprimitives\CyPrimitives.cylib\ZeroTerminal\ZeroTerminal.v'
Flattening file 'C:\Program Files (x86)\Cypress\PSoC Creator\4.0\PSoC Creator\psoc\content\cyprimitives\CyPrimitives.cylib\or_v1_0\or_v1_0.v'
Flattening file 'C:\Program Files (x86)\Cypress\PSoC Creator\4.0\PSoC Creator\psoc\content\cyprimitives\CyPrimitives.cylib\cy_analog_virtualmux_v1_0\cy_analog_virtualmux_v1_0.v'
Flattening file 'C:\Program Files (x86)\Cypress\PSoC Creator\4.0\PSoC Creator\psoc\content\cycomponentlibrary\CyComponentLibrary.cylib\Bus_Connect_v2_40\Bus_Connect_v2_40.v'
Flattening file 'C:\Program Files (x86)\Cypress\PSoC Creator\4.0\PSoC Creator\warp\lib\common\cypress.v'
Flattening file 'C:\Program Files (x86)\Cypress\PSoC Creator\4.0\PSoC Creator\warp\lib\common\cy_psoc3_inc.v'
Flattening file 'C:\Program Files (x86)\Cypress\PSoC Creator\4.0\PSoC Creator\psoc\content\cyprimitives\CyPrimitives.cylib\cy_vref_v1_70\cy_vref_v1_70.v'

vpp:  No errors.

Library 'work' => directory 'lcpsoc3'
General_symbol_table
General_symbol_table
Linking 'C:\Program Files (x86)\Cypress\PSoC Creator\4.0\PSoC Creator\warp\lib\common\std.vhd'.
Linking 'C:\Program Files (x86)\Cypress\PSoC Creator\4.0\PSoC Creator\warp\lib\common\cypress.vhd'.
Linking 'C:\Program Files (x86)\Cypress\PSoC Creator\4.0\PSoC Creator\warp\lib\common\work\cypress.vif'.
Linking 'C:\Program Files (x86)\Cypress\PSoC Creator\4.0\PSoC Creator\warp\lib\ieee\work\stdlogic.vif'.
Linking 'C:\Program Files (x86)\Cypress\PSoC Creator\4.0\PSoC Creator\warp\lib\common\stdlogic\lpmpkg.vif'.
Linking 'C:\Program Files (x86)\Cypress\PSoC Creator\4.0\PSoC Creator\warp\lib\common\stdlogic\rtlpkg.vif'.
Linking 'C:\Program Files (x86)\Cypress\PSoC Creator\4.0\PSoC Creator\warp\lib\common\stdlogic\mod_cnst.vif'.
Linking 'C:\Program Files (x86)\Cypress\PSoC Creator\4.0\PSoC Creator\warp\lib\common\stdlogic\mod_mthv.vif'.
Linking 'C:\Program Files (x86)\Cypress\PSoC Creator\4.0\PSoC Creator\warp\lib\common\stdlogic\mod_genv.vif'.
Using control file 'CE211252_Ambient_Light_Sensing.ctl'.

vlogfe:  No errors.


======================================================================
Compiling:  CE211252_Ambient_Light_Sensing.v
Program  :   tovif
Options  :    -yv2 -q10 -ygs -o2 -v3 -.fftcfgtype=LE -ya -.fftprj=C:\Users\Zeus\Documents\PSoC Creator\CE211252_Ambient_Light_Sensing\CE211252_Ambient_Light_Sensing.cydsn\CE211252_Ambient_Light_Sensing.cyprj -dcpsoc3 -verilog CE211252_Ambient_Light_Sensing.v
======================================================================

tovif V6.3 IR 41:  High-level synthesis
Sat Jan 07 20:40:46 2017

Linking 'C:\Program Files (x86)\Cypress\PSoC Creator\4.0\PSoC Creator\warp\lib\common\std.vhd'.
Linking 'C:\Program Files (x86)\Cypress\PSoC Creator\4.0\PSoC Creator\warp\lib\common\cypress.vhd'.
Linking 'C:\Program Files (x86)\Cypress\PSoC Creator\4.0\PSoC Creator\warp\lib\common\work\cypress.vif'.
Linking 'C:\Program Files (x86)\Cypress\PSoC Creator\4.0\PSoC Creator\warp\lib\ieee\work\stdlogic.vif'.
Linking 'C:\Program Files (x86)\Cypress\PSoC Creator\4.0\PSoC Creator\warp\lib\common\stdlogic\lpmpkg.vif'.
Linking 'C:\Program Files (x86)\Cypress\PSoC Creator\4.0\PSoC Creator\warp\lib\common\stdlogic\rtlpkg.vif'.
Linking 'C:\Program Files (x86)\Cypress\PSoC Creator\4.0\PSoC Creator\warp\lib\common\stdlogic\mod_cnst.vif'.
Linking 'C:\Program Files (x86)\Cypress\PSoC Creator\4.0\PSoC Creator\warp\lib\common\stdlogic\mod_mthv.vif'.
Linking 'C:\Program Files (x86)\Cypress\PSoC Creator\4.0\PSoC Creator\warp\lib\common\stdlogic\mod_genv.vif'.
Linking 'C:\Users\Zeus\Documents\PSoC Creator\CE211252_Ambient_Light_Sensing\CE211252_Ambient_Light_Sensing.cydsn\codegentemp\CE211252_Ambient_Light_Sensing.ctl'.
Linking 'C:\Program Files (x86)\Cypress\PSoC Creator\4.0\PSoC Creator\psoc\content\cyprimitives\CyPrimitives.cylib\cy_virtualmux_v1_0\cy_virtualmux_v1_0.v'.
Linking 'C:\Users\Zeus\Documents\PSoC Creator\CE211252_Ambient_Light_Sensing\CE211252_Ambient_Light_Sensing.cydsn\codegentemp\CE211252_Ambient_Light_Sensing.v'.
Linking 'C:\Program Files (x86)\Cypress\PSoC Creator\4.0\PSoC Creator\psoc\content\cyprimitives\CyPrimitives.cylib\ZeroTerminal\ZeroTerminal.v'.
Linking 'C:\Program Files (x86)\Cypress\PSoC Creator\4.0\PSoC Creator\psoc\content\cyprimitives\CyPrimitives.cylib\or_v1_0\or_v1_0.v'.
Linking 'C:\Program Files (x86)\Cypress\PSoC Creator\4.0\PSoC Creator\psoc\content\cyprimitives\CyPrimitives.cylib\cy_analog_virtualmux_v1_0\cy_analog_virtualmux_v1_0.v'.
Linking 'C:\Program Files (x86)\Cypress\PSoC Creator\4.0\PSoC Creator\psoc\content\cycomponentlibrary\CyComponentLibrary.cylib\Bus_Connect_v2_40\Bus_Connect_v2_40.v'.
Linking 'C:\Program Files (x86)\Cypress\PSoC Creator\4.0\PSoC Creator\warp\lib\common\cypress.v'.
Linking 'C:\Program Files (x86)\Cypress\PSoC Creator\4.0\PSoC Creator\warp\lib\common\cy_psoc3_inc.v'.
Linking 'C:\Program Files (x86)\Cypress\PSoC Creator\4.0\PSoC Creator\psoc\content\cyprimitives\CyPrimitives.cylib\cy_vref_v1_70\cy_vref_v1_70.v'.
CE211252_Ambient_Light_Sensing.v (line 483, col 24):  Warning: (W460) 't_fvalid' unassigned in module 'Scan_ADC_v1_20_1'.
tovif:  CE211252_Ambient_Light_Sensing.v:  Warning: (W5120) Attempt to connect scalar net 'Net_1783' with a formal 't_chid' of size 4. Some bits of the formal 't_chid' will be left unconnected.
tovif:  CE211252_Ambient_Light_Sensing.v:  Warning: (W5120) Attempt to connect scalar net 'Net_1785' with a formal 't_da' of size 12. Some bits of the formal 't_da' will be left unconnected.

tovif:  No errors.  3 warnings.


======================================================================
Compiling:  CE211252_Ambient_Light_Sensing.v
Program  :   topld
Options  :    -yv2 -q10 -ygs -o2 -v3 -.fftcfgtype=LE -ya -.fftprj=C:\Users\Zeus\Documents\PSoC Creator\CE211252_Ambient_Light_Sensing\CE211252_Ambient_Light_Sensing.cydsn\CE211252_Ambient_Light_Sensing.cyprj -dcpsoc3 -verilog CE211252_Ambient_Light_Sensing.v
======================================================================

topld V6.3 IR 41:  Synthesis and optimization
Sat Jan 07 20:40:46 2017

Linking 'C:\Program Files (x86)\Cypress\PSoC Creator\4.0\PSoC Creator\warp\lib\common\std.vhd'.
Linking 'C:\Program Files (x86)\Cypress\PSoC Creator\4.0\PSoC Creator\warp\lib\common\cypress.vhd'.
Linking 'C:\Program Files (x86)\Cypress\PSoC Creator\4.0\PSoC Creator\warp\lib\common\work\cypress.vif'.
Linking 'C:\Program Files (x86)\Cypress\PSoC Creator\4.0\PSoC Creator\warp\lib\ieee\work\stdlogic.vif'.
Linking 'C:\Program Files (x86)\Cypress\PSoC Creator\4.0\PSoC Creator\warp\lib\common\stdlogic\lpmpkg.vif'.
Linking 'C:\Program Files (x86)\Cypress\PSoC Creator\4.0\PSoC Creator\warp\lib\common\stdlogic\rtlpkg.vif'.
Linking 'C:\Program Files (x86)\Cypress\PSoC Creator\4.0\PSoC Creator\warp\lib\common\stdlogic\mod_cnst.vif'.
Linking 'C:\Program Files (x86)\Cypress\PSoC Creator\4.0\PSoC Creator\warp\lib\common\stdlogic\mod_mthv.vif'.
Linking 'C:\Program Files (x86)\Cypress\PSoC Creator\4.0\PSoC Creator\warp\lib\common\stdlogic\mod_genv.vif'.
Linking 'C:\Users\Zeus\Documents\PSoC Creator\CE211252_Ambient_Light_Sensing\CE211252_Ambient_Light_Sensing.cydsn\codegentemp\CE211252_Ambient_Light_Sensing.ctl'.
Linking 'C:\Program Files (x86)\Cypress\PSoC Creator\4.0\PSoC Creator\psoc\content\cyprimitives\CyPrimitives.cylib\cy_virtualmux_v1_0\cy_virtualmux_v1_0.v'.
Linking 'C:\Users\Zeus\Documents\PSoC Creator\CE211252_Ambient_Light_Sensing\CE211252_Ambient_Light_Sensing.cydsn\codegentemp\CE211252_Ambient_Light_Sensing.v'.
Linking 'C:\Program Files (x86)\Cypress\PSoC Creator\4.0\PSoC Creator\psoc\content\cyprimitives\CyPrimitives.cylib\ZeroTerminal\ZeroTerminal.v'.
Linking 'C:\Program Files (x86)\Cypress\PSoC Creator\4.0\PSoC Creator\psoc\content\cyprimitives\CyPrimitives.cylib\or_v1_0\or_v1_0.v'.
Linking 'C:\Program Files (x86)\Cypress\PSoC Creator\4.0\PSoC Creator\psoc\content\cyprimitives\CyPrimitives.cylib\cy_analog_virtualmux_v1_0\cy_analog_virtualmux_v1_0.v'.
Linking 'C:\Program Files (x86)\Cypress\PSoC Creator\4.0\PSoC Creator\psoc\content\cycomponentlibrary\CyComponentLibrary.cylib\Bus_Connect_v2_40\Bus_Connect_v2_40.v'.
Linking 'C:\Program Files (x86)\Cypress\PSoC Creator\4.0\PSoC Creator\warp\lib\common\cypress.v'.
Linking 'C:\Program Files (x86)\Cypress\PSoC Creator\4.0\PSoC Creator\warp\lib\common\cy_psoc3_inc.v'.
Linking 'C:\Program Files (x86)\Cypress\PSoC Creator\4.0\PSoC Creator\psoc\content\cyprimitives\CyPrimitives.cylib\cy_vref_v1_70\cy_vref_v1_70.v'.
Linking 'C:\Program Files (x86)\Cypress\PSoC Creator\4.0\PSoC Creator\warp\lib\lcpsoc3\stdlogic\cpsoc3.vif'.

----------------------------------------------------------
Detecting unused logic.
----------------------------------------------------------
    User names
	\EZI2C:Net_1257\
	\EZI2C:uncfg_rx_irq\
	\EZI2C:Net_1099\
	\EZI2C:Net_1258\
	Net_1919
	Net_1920
	Net_1929
	Net_1930
	Net_1931
	Net_1932
	Net_1933
	Net_1934
	Net_1935
	\ADC:Net_448\
	\ADC:Net_446\
	\ADC:Net_1002\
	\ADC:Net_1009\
	\ADC:Net_1003\
	\ADC:Net_1007\
	\ADC:Net_991\
	\ADC:Net_987\
	\ADC:Net_993\
	\ADC:Net_986\
	\I2C_1:Net_1257\
	\I2C_1:uncfg_rx_irq\
	\I2C_1:Net_1099\
	\I2C_1:Net_1258\
	Net_1976
	Net_1977
	Net_1986
	Net_1987
	Net_1988
	Net_1989
	Net_1990
	Net_1991
	Net_1992


Deleted 36 User equations/components.
Deleted 0 Synthesized equations/components.

------------------------------------------------------
Alias Detection
------------------------------------------------------
Aliasing \EZI2C:rx_wire\ to \EZI2C:select_s_wire\
Aliasing \EZI2C:sclk_s_wire\ to \EZI2C:select_s_wire\
Aliasing \EZI2C:mosi_s_wire\ to \EZI2C:select_s_wire\
Aliasing \EZI2C:miso_m_wire\ to \EZI2C:select_s_wire\
Aliasing zero to \EZI2C:select_s_wire\
Aliasing one to \EZI2C:tmpOE__sda_net_0\
Aliasing \EZI2C:tmpOE__scl_net_0\ to \EZI2C:tmpOE__sda_net_0\
Aliasing \EZI2C:cts_wire\ to \EZI2C:select_s_wire\
Aliasing \ADC:Net_410\ to \EZI2C:select_s_wire\
Aliasing \ADC:st_sel_1\ to \EZI2C:select_s_wire\
Aliasing \ADC:st_sel_0\ to \EZI2C:select_s_wire\
Aliasing \ADC:Net_412\ to \EZI2C:select_s_wire\
Aliasing \ADC:Net_413\ to \EZI2C:select_s_wire\
Aliasing \ADC:Net_414\ to \EZI2C:select_s_wire\
Aliasing \ADC:Net_416\ to \EZI2C:select_s_wire\
Aliasing \ADC:Net_431\ to \EZI2C:select_s_wire\
Aliasing tmpOE__Pin_LED_net_0 to \EZI2C:tmpOE__sda_net_0\
Aliasing tmpOE__TIA_IN_net_0 to \EZI2C:tmpOE__sda_net_0\
Aliasing tmpOE__TIA_OUT_net_0 to \EZI2C:tmpOE__sda_net_0\
Aliasing \PWM:Net_75\ to \EZI2C:select_s_wire\
Aliasing \PWM:Net_69\ to \EZI2C:tmpOE__sda_net_0\
Aliasing \PWM:Net_66\ to \EZI2C:select_s_wire\
Aliasing \PWM:Net_82\ to \EZI2C:select_s_wire\
Aliasing \PWM:Net_72\ to \EZI2C:select_s_wire\
Aliasing \I2C_1:select_s_wire\ to \EZI2C:select_s_wire\
Aliasing \I2C_1:rx_wire\ to \EZI2C:select_s_wire\
Aliasing \I2C_1:sclk_s_wire\ to \EZI2C:select_s_wire\
Aliasing \I2C_1:mosi_s_wire\ to \EZI2C:select_s_wire\
Aliasing \I2C_1:miso_m_wire\ to \EZI2C:select_s_wire\
Aliasing \I2C_1:tmpOE__sda_net_0\ to \EZI2C:tmpOE__sda_net_0\
Aliasing \I2C_1:tmpOE__scl_net_0\ to \EZI2C:tmpOE__sda_net_0\
Aliasing \I2C_1:cts_wire\ to \EZI2C:select_s_wire\
Removing Lhs of wire \EZI2C:rx_wire\[3] = \EZI2C:select_s_wire\[2]
Removing Lhs of wire \EZI2C:Net_1170\[6] = \EZI2C:Net_847\[1]
Removing Lhs of wire \EZI2C:sclk_s_wire\[7] = \EZI2C:select_s_wire\[2]
Removing Lhs of wire \EZI2C:mosi_s_wire\[8] = \EZI2C:select_s_wire\[2]
Removing Lhs of wire \EZI2C:miso_m_wire\[9] = \EZI2C:select_s_wire\[2]
Removing Rhs of wire zero[12] = \EZI2C:select_s_wire\[2]
Removing Rhs of wire one[16] = \EZI2C:tmpOE__sda_net_0\[11]
Removing Lhs of wire \EZI2C:tmpOE__scl_net_0\[19] = one[16]
Removing Lhs of wire \EZI2C:cts_wire\[28] = zero[12]
Removing Rhs of wire \ADC:sarClock\[594] = \ADC:Net_428\[624]
Removing Lhs of wire \ADC:Net_410\[616] = zero[12]
Removing Lhs of wire \ADC:st_sel_1\[617] = zero[12]
Removing Lhs of wire \ADC:st_sel_0\[618] = zero[12]
Removing Lhs of wire \ADC:Net_412\[619] = zero[12]
Removing Lhs of wire \ADC:Net_413\[620] = zero[12]
Removing Lhs of wire \ADC:Net_414\[621] = zero[12]
Removing Lhs of wire \ADC:Net_415\[622] = zero[12]
Removing Lhs of wire \ADC:Net_416\[623] = zero[12]
Removing Lhs of wire \ADC:Net_431\[625] = zero[12]
Removing Lhs of wire tmpOE__Pin_LED_net_0[1000] = one[16]
Removing Lhs of wire tmpOE__TIA_IN_net_0[1008] = one[16]
Removing Lhs of wire tmpOE__TIA_OUT_net_0[1015] = one[16]
Removing Lhs of wire \PWM:Net_81\[1025] = Net_1158[1036]
Removing Lhs of wire \PWM:Net_75\[1026] = zero[12]
Removing Lhs of wire \PWM:Net_69\[1027] = one[16]
Removing Lhs of wire \PWM:Net_66\[1028] = zero[12]
Removing Lhs of wire \PWM:Net_82\[1029] = zero[12]
Removing Lhs of wire \PWM:Net_72\[1030] = zero[12]
Removing Lhs of wire \I2C_1:select_s_wire\[1056] = zero[12]
Removing Lhs of wire \I2C_1:rx_wire\[1057] = zero[12]
Removing Lhs of wire \I2C_1:Net_1170\[1060] = \I2C_1:Net_847\[1055]
Removing Lhs of wire \I2C_1:sclk_s_wire\[1061] = zero[12]
Removing Lhs of wire \I2C_1:mosi_s_wire\[1062] = zero[12]
Removing Lhs of wire \I2C_1:miso_m_wire\[1063] = zero[12]
Removing Lhs of wire \I2C_1:tmpOE__sda_net_0\[1065] = one[16]
Removing Lhs of wire \I2C_1:tmpOE__scl_net_0\[1071] = one[16]
Removing Lhs of wire \I2C_1:cts_wire\[1080] = zero[12]

------------------------------------------------------
Aliased 0 equations, 37 wires.
------------------------------------------------------

----------------------------------------------------------
Circuit simplification
----------------------------------------------------------

Substituting virtuals - pass 1:


----------------------------------------------------------
Circuit simplification results:

	Expanded 0 signals.
	Turned 0 signals into soft nodes.
	Maximum default expansion cost was set at 3.
----------------------------------------------------------

topld:  No errors.

CYPRESS_DIR    : C:\Program Files (x86)\Cypress\PSoC Creator\4.0\PSoC Creator\warp
Warp Program   : C:\Program Files (x86)\Cypress\PSoC Creator\4.0\PSoC Creator\warp\bin\warp.exe
Warp Arguments : -yv2 -q10 -ygs -o2 -v3 -.fftcfgtype=LE -ya "-.fftprj=C:\Users\Zeus\Documents\PSoC Creator\CE211252_Ambient_Light_Sensing\CE211252_Ambient_Light_Sensing.cydsn\CE211252_Ambient_Light_Sensing.cyprj" -dcpsoc3 CE211252_Ambient_Light_Sensing.v -verilog
</CYPRESSTAG>
Warp synthesis phase: Elapsed time ==> 1s.210ms
<CYPRESSTAG name="Fitter results...">
<CYPRESSTAG name="Fitter startup details...">
cyp3fit: V4.0.0.432, Family: PSoC3, Started at: Saturday, 07 January 2017 20:40:47
Options: -yv2 -q10 -ygs -o2 -v3 -.fftcfgtype=LE -ya -.fftprj=C:\Users\Zeus\Documents\PSoC Creator\CE211252_Ambient_Light_Sensing\CE211252_Ambient_Light_Sensing.cydsn\CE211252_Ambient_Light_Sensing.cyprj -d CY8C4A45LQI-483 CE211252_Ambient_Light_Sensing.v -verilog
</CYPRESSTAG>
<CYPRESSTAG name="Design parsing">
Design parsing phase: Elapsed time ==> 0s.030ms
</CYPRESSTAG>
<CYPRESSTAG name="Tech Mapping">
<CYPRESSTAG name="Initial Mapping" icon="FILE_RPT_TECHM">

Removing unused cells resulting from optimization
Done removing unused cells.
<CYPRESSTAG name="Global Clock Selection" icon="FILE_RPT_TECHM">
    Alignment-Only Clock: Automatic-assigning  clock 'ADC_intUabClock'. Fanout=0
    Fixed Function Clock 4: Automatic-assigning  clock 'Clock_PWM'. Signal=Net_1158_ff4
    Fixed Function Clock 12: Automatic-assigning  clock 'ADC_intSarClock'. Signal=\ADC:sarClock_ff12\
    Fixed Function Clock 0: Automatic-assigning  clock 'I2C_1_SCBCLK'. Signal=\I2C_1:Net_847_ff0\
    Fixed Function Clock 1: Automatic-assigning  clock 'EZI2C_SCBCLK'. Signal=\EZI2C:Net_847_ff1\
<CYPRESSTAG name="UDB Clock/Enable Remapping Results">
</CYPRESSTAG>
</CYPRESSTAG>
ADD: pft.M0040: information: The following 2 pin(s) will be assigned a location by the fitter: \I2C_1:scl(0)\, \I2C_1:sda(0)\


Removing unused cells resulting from optimization
Done removing unused cells.
<CYPRESSTAG name="Duplicate Macrocell detection">
</CYPRESSTAG>
</CYPRESSTAG>
<CYPRESSTAG name="Duplicate Macrocell detection">
</CYPRESSTAG>
<CYPRESSTAG name="Design Equations" icon="FILE_RPT_EQUATION">

------------------------------------------------------------
Design Equations
------------------------------------------------------------
    <CYPRESSTAG name="Pin listing">

    ------------------------------------------------------------
    Pin listing
    ------------------------------------------------------------

    Pin : Name = \EZI2C:sda(0)\
        Attributes:
            In Group/Port: True
            In Sync Option: NOSYNC
            Out Sync Option: NOSYNC
            Interrupt generated: False
            Interrupt mode: NONE
            Drive mode: OPEN_DRAIN_LO
            VTrip: CMOS
            Slew: FAST
            Input Sync needed: False
            Output Sync needed: False
            SC shield enabled: False
            POR State: ANY
            LCD Mode: COMMON
            Register Mode: RegComb
            CaSense Mode: NEITHER
            Treat as pin: True
            Is OE Registered: False
            Uses Analog: False
            Can contain Digital: True
            Is SIO: False
            SIO Output Buf: NONREGULATED
            SIO Input Buf: SINGLE_ENDED
            SIO HiFreq: LOW
            SIO Hyst: DISABLED
            SIO Vtrip: MULTIPLIER_0_5
            SIO Multiplier Index: 0
            SIO RefSel: VCC_IO
            Required Capabilitites: DIGITAL
            Initial Value: 1
            IO Voltage: 0
        PORT MAP (
            pa_out => \EZI2C:sda(0)\__PA ,
            fb => \EZI2C:sda_wire\ ,
            pad => \EZI2C:sda(0)_PAD\ );
        Properties:
        {
        }

    Pin : Name = \EZI2C:scl(0)\
        Attributes:
            In Group/Port: True
            In Sync Option: NOSYNC
            Out Sync Option: NOSYNC
            Interrupt generated: False
            Interrupt mode: NONE
            Drive mode: OPEN_DRAIN_LO
            VTrip: CMOS
            Slew: FAST
            Input Sync needed: False
            Output Sync needed: False
            SC shield enabled: False
            POR State: ANY
            LCD Mode: COMMON
            Register Mode: RegComb
            CaSense Mode: NEITHER
            Treat as pin: True
            Is OE Registered: False
            Uses Analog: False
            Can contain Digital: True
            Is SIO: False
            SIO Output Buf: NONREGULATED
            SIO Input Buf: SINGLE_ENDED
            SIO HiFreq: LOW
            SIO Hyst: DISABLED
            SIO Vtrip: MULTIPLIER_0_5
            SIO Multiplier Index: 0
            SIO RefSel: VCC_IO
            Required Capabilitites: DIGITAL
            Initial Value: 1
            IO Voltage: 0
        PORT MAP (
            pa_out => \EZI2C:scl(0)\__PA ,
            fb => \EZI2C:scl_wire\ ,
            pad => \EZI2C:scl(0)_PAD\ );
        Properties:
        {
        }

    Pin : Name = Pin_LED(0)
        Attributes:
            In Group/Port: True
            In Sync Option: AUTO
            Out Sync Option: NOSYNC
            Interrupt generated: False
            Interrupt mode: NONE
            Drive mode: CMOS_OUT
            VTrip: EITHER
            Slew: FAST
            Input Sync needed: False
            Output Sync needed: False
            SC shield enabled: False
            POR State: ANY
            LCD Mode: COMMON
            Register Mode: RegComb
            CaSense Mode: NEITHER
            Treat as pin: True
            Is OE Registered: False
            Uses Analog: False
            Can contain Digital: True
            Is SIO: False
            SIO Output Buf: NONREGULATED
            SIO Input Buf: SINGLE_ENDED
            SIO HiFreq: LOW
            SIO Hyst: DISABLED
            SIO Vtrip: MULTIPLIER_0_5
            SIO Multiplier Index: 0
            SIO RefSel: VCC_IO
            Required Capabilitites: DIGITAL
            Initial Value: 1
            IO Voltage: 0
        PORT MAP (
            pa_out => Pin_LED(0)__PA ,
            input => Net_1156 ,
            annotation => Net_1238 ,
            pad => Pin_LED(0)_PAD );
        Properties:
        {
        }

    Pin : Name = TIA_IN(0)
        Attributes:
            In Group/Port: True
            In Sync Option: AUTO
            Out Sync Option: AUTO
            Interrupt generated: False
            Interrupt mode: NONE
            Drive mode: HI_Z_ANALOG
            VTrip: EITHER
            Slew: FAST
            Input Sync needed: False
            Output Sync needed: False
            SC shield enabled: False
            POR State: ANY
            LCD Mode: COMMON
            Register Mode: RegComb
            CaSense Mode: NEITHER
            Treat as pin: True
            Is OE Registered: False
            Uses Analog: True
            Can contain Digital: False
            Is SIO: False
            SIO Output Buf: NONREGULATED
            SIO Input Buf: SINGLE_ENDED
            SIO HiFreq: LOW
            SIO Hyst: DISABLED
            SIO Vtrip: MULTIPLIER_0_5
            SIO Multiplier Index: 0
            SIO RefSel: VCC_IO
            Required Capabilitites: ANALOG
            Initial Value: 1
            IO Voltage: 0
        PORT MAP (
            pa_out => TIA_IN(0)__PA ,
            analog_term => Net_468 ,
            annotation => Net_1192 ,
            pad => TIA_IN(0)_PAD );
        Properties:
        {
        }

    Pin : Name = TIA_OUT(0)
        Attributes:
            In Group/Port: True
            In Sync Option: AUTO
            Out Sync Option: AUTO
            Interrupt generated: False
            Interrupt mode: NONE
            Drive mode: HI_Z_ANALOG
            VTrip: EITHER
            Slew: FAST
            Input Sync needed: False
            Output Sync needed: False
            SC shield enabled: False
            POR State: ANY
            LCD Mode: COMMON
            Register Mode: RegComb
            CaSense Mode: NEITHER
            Treat as pin: True
            Is OE Registered: False
            Uses Analog: True
            Can contain Digital: False
            Is SIO: False
            SIO Output Buf: NONREGULATED
            SIO Input Buf: SINGLE_ENDED
            SIO HiFreq: LOW
            SIO Hyst: DISABLED
            SIO Vtrip: MULTIPLIER_0_5
            SIO Multiplier Index: 0
            SIO RefSel: VCC_IO
            Required Capabilitites: ANALOG
            Initial Value: 1
            IO Voltage: 0
        PORT MAP (
            pa_out => TIA_OUT(0)__PA ,
            analog_term => Net_1940 ,
            annotation => Net_1210 ,
            pad => TIA_OUT(0)_PAD );
        Properties:
        {
        }

    Pin : Name = \I2C_1:sda(0)\
        Attributes:
            In Group/Port: True
            In Sync Option: NOSYNC
            Out Sync Option: NOSYNC
            Interrupt generated: False
            Interrupt mode: NONE
            Drive mode: OPEN_DRAIN_LO
            VTrip: CMOS
            Slew: FAST
            Input Sync needed: False
            Output Sync needed: False
            SC shield enabled: False
            POR State: ANY
            LCD Mode: COMMON
            Register Mode: RegComb
            CaSense Mode: NEITHER
            Treat as pin: True
            Is OE Registered: False
            Uses Analog: False
            Can contain Digital: True
            Is SIO: False
            SIO Output Buf: NONREGULATED
            SIO Input Buf: SINGLE_ENDED
            SIO HiFreq: LOW
            SIO Hyst: DISABLED
            SIO Vtrip: MULTIPLIER_0_5
            SIO Multiplier Index: 0
            SIO RefSel: VCC_IO
            Required Capabilitites: DIGITAL
            Initial Value: 1
            IO Voltage: 0
        PORT MAP (
            pa_out => \I2C_1:sda(0)\__PA ,
            fb => \I2C_1:sda_wire\ ,
            pad => \I2C_1:sda(0)_PAD\ );

    Pin : Name = \I2C_1:scl(0)\
        Attributes:
            In Group/Port: True
            In Sync Option: NOSYNC
            Out Sync Option: NOSYNC
            Interrupt generated: False
            Interrupt mode: NONE
            Drive mode: OPEN_DRAIN_LO
            VTrip: CMOS
            Slew: FAST
            Input Sync needed: False
            Output Sync needed: False
            SC shield enabled: False
            POR State: ANY
            LCD Mode: COMMON
            Register Mode: RegComb
            CaSense Mode: NEITHER
            Treat as pin: True
            Is OE Registered: False
            Uses Analog: False
            Can contain Digital: True
            Is SIO: False
            SIO Output Buf: NONREGULATED
            SIO Input Buf: SINGLE_ENDED
            SIO HiFreq: LOW
            SIO Hyst: DISABLED
            SIO Vtrip: MULTIPLIER_0_5
            SIO Multiplier Index: 0
            SIO RefSel: VCC_IO
            Required Capabilitites: DIGITAL
            Initial Value: 1
            IO Voltage: 0
        PORT MAP (
            pa_out => \I2C_1:scl(0)\__PA ,
            fb => \I2C_1:scl_wire\ ,
            pad => \I2C_1:scl(0)_PAD\ );
    </CYPRESSTAG>
    <CYPRESSTAG name="Macrocell listing" icon="FILE_RPT_EQUATION">
    </CYPRESSTAG>
    <CYPRESSTAG name="Datapath listing">
    </CYPRESSTAG>
    <CYPRESSTAG name="Status register listing">
    </CYPRESSTAG>
    <CYPRESSTAG name="StatusI register listing">
    </CYPRESSTAG>
    <CYPRESSTAG name="Sync listing">
    </CYPRESSTAG>
    <CYPRESSTAG name="Control register listing">
    </CYPRESSTAG>
    <CYPRESSTAG name="Count7 listing">
    </CYPRESSTAG>
    <CYPRESSTAG name="DRQ listing">
    </CYPRESSTAG>
    <CYPRESSTAG name="Interrupt listing">

    ------------------------------------------------------------
    Interrupt listing
    ------------------------------------------------------------

    interrupt: Name =\EZI2C:SCB_IRQ\
        PORT MAP (
            interrupt => Net_1921 );
        Properties:
        {
            int_type = "10"
            is_nmi = 0
        }

    interrupt: Name =\ADC:IRQ\
        PORT MAP (
            interrupt => \ADC:Net_423\ );
        Properties:
        {
            int_type = "10"
            is_nmi = 0
        }

    interrupt: Name =\I2C_1:SCB_IRQ\
        PORT MAP (
            interrupt => Net_1978 );
        Properties:
        {
            int_type = "10"
            is_nmi = 0
        }
    </CYPRESSTAG>
</CYPRESSTAG>
<CYPRESSTAG name="Technology mapping summary" expanded>

------------------------------------------------------------
Technology mapping summary
------------------------------------------------------------

Resource Type                 : Used : Free :  Max :  % Used
============================================================
Interrupts                    :    3 :   22 :   25 : 12.00 %
IO                            :    9 :   29 :   38 : 23.68 %
Segment LCD                   :    0 :    1 :    1 :  0.00 %
CapSense                      :    0 :    1 :    1 :  0.00 %
Die Temp                      :    0 :    1 :    1 :  0.00 %
Serial Communication (SCB)    :    2 :    1 :    3 : 66.67 %
DMA Channels                  :    0 :    8 :    8 :  0.00 %
Timer/Counter/PWM             :    1 :    7 :    8 : 12.50 %
Decimator                     :    0 :    2 :    2 :  0.00 %
Smart IO Ports                :    0 :    1 :    1 :  0.00 %
Comparator/Opamp              :    2 :    2 :    4 : 50.00 %
Comparator                    :    0 :    1 :    1 :  0.00 %
UAB Channels                  :    0 :    2 :    2 :  0.00 %
LP Comparator                 :    0 :    2 :    2 :  0.00 %
Voltage References            :    2 :    2 :    4 : 50.00 %
SAR ADC                       :    1 :    0 :    1 : 100.00 %
DAC                           :      :      :      :        
  7-bit IDAC                  :    0 :    2 :    2 :  0.00 %
</CYPRESSTAG>
Technology Mapping: Elapsed time ==> 0s.020ms
Tech Mapping phase: Elapsed time ==> 0s.065ms
</CYPRESSTAG>
<CYPRESSTAG name="Analog Placement">
<CYPRESSTAG name="Analog Placement">
Elapsed time ==> 0.1492595s
</CYPRESSTAG>
Analog Placement phase: Elapsed time ==> 0s.396ms
</CYPRESSTAG>
<CYPRESSTAG name="Analog Routing">
<CYPRESSTAG name="Analog Routing">
Route success=True, Iterations=1 Elapsed=0.0091991 secs
</CYPRESSTAG>
Analog Routing phase: Elapsed time ==> 0s.020ms
</CYPRESSTAG>
<CYPRESSTAG name="Analog Code Generation">
============ Analog Final Answer Routes ============
Dump of CyAnalogRoutingResultsDB
Map of net to items {
  Net: Net_1940 {
    p2_3
    PASS0_CTB0_D82
    PASS0_ctb0_vout1
    PASS0_AROUTE0_SMC1_C0O1
    PASS0_sarmux_coreio1
    PASS0_AROUTE0_SMC1_SRP
    PASS0_sar_vplus
  }
  Net: Net_1960 {
    PASS0_vref0
    PASS0_AROUTE0_CTB1_V10
    PASS0_ctb1_vref1
    PASS0_CTB1_A73
    PASS0_CTB1_oa1_vplus
  }
  Net: Net_1964 {
    PASS0_ctb1_vout1
    PASS0_CTB1_A82
    PASS0_CTB1_oa1_vminus
    PASS0_AROUTE0_SMM_C1O1
    PASS0_sarmux_vminus
    PASS0_AROUTE0_SMM_SRM
    PASS0_sar_vminus
    PASS0_AROUTE0_U0I10_C1O1
    PASS0_uab0_vin10
    PASS0_AROUTE0_U0I10_C0C0
    PASS0_ctb0_ctbus0
    PASS0_CTB0_A33
    PASS0_CTB0_oa1_vplus
  }
  Net: Net_468 {
    p2_4
    PASS0_CTB0_A22
    PASS0_CTB0_oa1_vminus
  }
  Net: \ADC:Net_1448\ {
  }
  Net: \ADC:Net_408\ {
  }
}
Map of item to net {
  p2_3                                             -> Net_1940
  PASS0_CTB0_D82                                   -> Net_1940
  PASS0_ctb0_vout1                                 -> Net_1940
  PASS0_AROUTE0_SMC1_C0O1                          -> Net_1940
  PASS0_sarmux_coreio1                             -> Net_1940
  PASS0_AROUTE0_SMC1_SRP                           -> Net_1940
  PASS0_sar_vplus                                  -> Net_1940
  PASS0_vref0                                      -> Net_1960
  PASS0_AROUTE0_CTB1_V10                           -> Net_1960
  PASS0_ctb1_vref1                                 -> Net_1960
  PASS0_CTB1_A73                                   -> Net_1960
  PASS0_CTB1_oa1_vplus                             -> Net_1960
  PASS0_ctb1_vout1                                 -> Net_1964
  PASS0_CTB1_A82                                   -> Net_1964
  PASS0_CTB1_oa1_vminus                            -> Net_1964
  PASS0_AROUTE0_SMM_C1O1                           -> Net_1964
  PASS0_sarmux_vminus                              -> Net_1964
  PASS0_AROUTE0_SMM_SRM                            -> Net_1964
  PASS0_sar_vminus                                 -> Net_1964
  PASS0_AROUTE0_U0I10_C1O1                         -> Net_1964
  PASS0_uab0_vin10                                 -> Net_1964
  PASS0_AROUTE0_U0I10_C0C0                         -> Net_1964
  PASS0_ctb0_ctbus0                                -> Net_1964
  PASS0_CTB0_A33                                   -> Net_1964
  PASS0_CTB0_oa1_vplus                             -> Net_1964
  p2_4                                             -> Net_468
  PASS0_CTB0_A22                                   -> Net_468
  PASS0_CTB0_oa1_vminus                            -> Net_468
}
Mux Info {
}
Analog Code Generation phase: Elapsed time ==> 0s.054ms
</CYPRESSTAG>
<CYPRESSTAG name="Digital Placement">
<CYPRESSTAG name="Detailed placement messages">
I2076: Total run-time: 0.1 sec.

</CYPRESSTAG>
<CYPRESSTAG name="PLD Packing">
<CYPRESSTAG name="PLD Packing Summary">
No PLDs were packed.
</CYPRESSTAG>
PLD Packing: Elapsed time ==> 0s.001ms
</CYPRESSTAG>
<CYPRESSTAG name="Partitioning">
<CYPRESSTAG name="Initial Partitioning Summary">
Initial Partitioning Summary not displayed at this verbose level.</CYPRESSTAG>
<CYPRESSTAG name="Final Partitioning Summary">
Final Partitioning Summary not displayed at this verbose level.</CYPRESSTAG>
Partitioning: Elapsed time ==> 0s.012ms
</CYPRESSTAG>
<CYPRESSTAG name="Final Placement Summary">

------------------------------------------------------------
Final Placement Summary
------------------------------------------------------------

       Resource Type :      Count : Avg Inputs : Avg Outputs
    ========================================================
                 UDB :          0 :       0.00 :       0.00
<CYPRESSTAG name="Final Placement Details">
<CYPRESSTAG name="Component Details">

------------------------------------------------------------
Component Placement Details
------------------------------------------------------------
Intr container @ [IntrContainer=(0)]: 
  Intr@ [IntrContainer=(0)][IntrId=(8)] 
    interrupt: Name =\I2C_1:SCB_IRQ\
        PORT MAP (
            interrupt => Net_1978 );
        Properties:
        {
            int_type = "10"
            is_nmi = 0
        }
  Intr@ [IntrContainer=(0)][IntrId=(10)] 
    interrupt: Name =\EZI2C:SCB_IRQ\
        PORT MAP (
            interrupt => Net_1921 );
        Properties:
        {
            int_type = "10"
            is_nmi = 0
        }
  Intr@ [IntrContainer=(0)][IntrId=(15)] 
    interrupt: Name =\ADC:IRQ\
        PORT MAP (
            interrupt => \ADC:Net_423\ );
        Properties:
        {
            int_type = "10"
            is_nmi = 0
        }
Drq container @ [DrqContainer=(0)]: empty
Port 0 is empty
Port 1 contains the following IO cells:
[IoId=4]: 
Pin : Name = Pin_LED(0)
    Attributes:
        In Group/Port: True
        In Sync Option: AUTO
        Out Sync Option: NOSYNC
        Interrupt generated: False
        Interrupt mode: NONE
        Drive mode: CMOS_OUT
        VTrip: EITHER
        Slew: FAST
        Input Sync needed: False
        Output Sync needed: False
        SC shield enabled: False
        POR State: ANY
        LCD Mode: COMMON
        Register Mode: RegComb
        CaSense Mode: NEITHER
        Treat as pin: True
        Is OE Registered: False
        Uses Analog: False
        Can contain Digital: True
        Is SIO: False
        SIO Output Buf: NONREGULATED
        SIO Input Buf: SINGLE_ENDED
        SIO HiFreq: LOW
        SIO Hyst: DISABLED
        SIO Vtrip: MULTIPLIER_0_5
        SIO Multiplier Index: 0
        SIO RefSel: VCC_IO
        Required Capabilitites: DIGITAL
        Initial Value: 1
        IO Voltage: 0
    PORT MAP (
        pa_out => Pin_LED(0)__PA ,
        input => Net_1156 ,
        annotation => Net_1238 ,
        pad => Pin_LED(0)_PAD );
    Properties:
    {
    }

Port 2 contains the following IO cells:
[IoId=3]: 
Pin : Name = TIA_OUT(0)
    Attributes:
        In Group/Port: True
        In Sync Option: AUTO
        Out Sync Option: AUTO
        Interrupt generated: False
        Interrupt mode: NONE
        Drive mode: HI_Z_ANALOG
        VTrip: EITHER
        Slew: FAST
        Input Sync needed: False
        Output Sync needed: False
        SC shield enabled: False
        POR State: ANY
        LCD Mode: COMMON
        Register Mode: RegComb
        CaSense Mode: NEITHER
        Treat as pin: True
        Is OE Registered: False
        Uses Analog: True
        Can contain Digital: False
        Is SIO: False
        SIO Output Buf: NONREGULATED
        SIO Input Buf: SINGLE_ENDED
        SIO HiFreq: LOW
        SIO Hyst: DISABLED
        SIO Vtrip: MULTIPLIER_0_5
        SIO Multiplier Index: 0
        SIO RefSel: VCC_IO
        Required Capabilitites: ANALOG
        Initial Value: 1
        IO Voltage: 0
    PORT MAP (
        pa_out => TIA_OUT(0)__PA ,
        analog_term => Net_1940 ,
        annotation => Net_1210 ,
        pad => TIA_OUT(0)_PAD );
    Properties:
    {
    }

[IoId=4]: 
Pin : Name = TIA_IN(0)
    Attributes:
        In Group/Port: True
        In Sync Option: AUTO
        Out Sync Option: AUTO
        Interrupt generated: False
        Interrupt mode: NONE
        Drive mode: HI_Z_ANALOG
        VTrip: EITHER
        Slew: FAST
        Input Sync needed: False
        Output Sync needed: False
        SC shield enabled: False
        POR State: ANY
        LCD Mode: COMMON
        Register Mode: RegComb
        CaSense Mode: NEITHER
        Treat as pin: True
        Is OE Registered: False
        Uses Analog: True
        Can contain Digital: False
        Is SIO: False
        SIO Output Buf: NONREGULATED
        SIO Input Buf: SINGLE_ENDED
        SIO HiFreq: LOW
        SIO Hyst: DISABLED
        SIO Vtrip: MULTIPLIER_0_5
        SIO Multiplier Index: 0
        SIO RefSel: VCC_IO
        Required Capabilitites: ANALOG
        Initial Value: 1
        IO Voltage: 0
    PORT MAP (
        pa_out => TIA_IN(0)__PA ,
        analog_term => Net_468 ,
        annotation => Net_1192 ,
        pad => TIA_IN(0)_PAD );
    Properties:
    {
    }

Port 3 contains the following IO cells:
[IoId=0]: 
Pin : Name = \I2C_1:scl(0)\
    Attributes:
        In Group/Port: True
        In Sync Option: NOSYNC
        Out Sync Option: NOSYNC
        Interrupt generated: False
        Interrupt mode: NONE
        Drive mode: OPEN_DRAIN_LO
        VTrip: CMOS
        Slew: FAST
        Input Sync needed: False
        Output Sync needed: False
        SC shield enabled: False
        POR State: ANY
        LCD Mode: COMMON
        Register Mode: RegComb
        CaSense Mode: NEITHER
        Treat as pin: True
        Is OE Registered: False
        Uses Analog: False
        Can contain Digital: True
        Is SIO: False
        SIO Output Buf: NONREGULATED
        SIO Input Buf: SINGLE_ENDED
        SIO HiFreq: LOW
        SIO Hyst: DISABLED
        SIO Vtrip: MULTIPLIER_0_5
        SIO Multiplier Index: 0
        SIO RefSel: VCC_IO
        Required Capabilitites: DIGITAL
        Initial Value: 1
        IO Voltage: 0
    PORT MAP (
        pa_out => \I2C_1:scl(0)\__PA ,
        fb => \I2C_1:scl_wire\ ,
        pad => \I2C_1:scl(0)_PAD\ );
    Properties:
    {
    }

[IoId=1]: 
Pin : Name = \I2C_1:sda(0)\
    Attributes:
        In Group/Port: True
        In Sync Option: NOSYNC
        Out Sync Option: NOSYNC
        Interrupt generated: False
        Interrupt mode: NONE
        Drive mode: OPEN_DRAIN_LO
        VTrip: CMOS
        Slew: FAST
        Input Sync needed: False
        Output Sync needed: False
        SC shield enabled: False
        POR State: ANY
        LCD Mode: COMMON
        Register Mode: RegComb
        CaSense Mode: NEITHER
        Treat as pin: True
        Is OE Registered: False
        Uses Analog: False
        Can contain Digital: True
        Is SIO: False
        SIO Output Buf: NONREGULATED
        SIO Input Buf: SINGLE_ENDED
        SIO HiFreq: LOW
        SIO Hyst: DISABLED
        SIO Vtrip: MULTIPLIER_0_5
        SIO Multiplier Index: 0
        SIO RefSel: VCC_IO
        Required Capabilitites: DIGITAL
        Initial Value: 1
        IO Voltage: 0
    PORT MAP (
        pa_out => \I2C_1:sda(0)\__PA ,
        fb => \I2C_1:sda_wire\ ,
        pad => \I2C_1:sda(0)_PAD\ );
    Properties:
    {
    }

Port 4 contains the following IO cells:
[IoId=0]: 
Pin : Name = \EZI2C:scl(0)\
    Attributes:
        In Group/Port: True
        In Sync Option: NOSYNC
        Out Sync Option: NOSYNC
        Interrupt generated: False
        Interrupt mode: NONE
        Drive mode: OPEN_DRAIN_LO
        VTrip: CMOS
        Slew: FAST
        Input Sync needed: False
        Output Sync needed: False
        SC shield enabled: False
        POR State: ANY
        LCD Mode: COMMON
        Register Mode: RegComb
        CaSense Mode: NEITHER
        Treat as pin: True
        Is OE Registered: False
        Uses Analog: False
        Can contain Digital: True
        Is SIO: False
        SIO Output Buf: NONREGULATED
        SIO Input Buf: SINGLE_ENDED
        SIO HiFreq: LOW
        SIO Hyst: DISABLED
        SIO Vtrip: MULTIPLIER_0_5
        SIO Multiplier Index: 0
        SIO RefSel: VCC_IO
        Required Capabilitites: DIGITAL
        Initial Value: 1
        IO Voltage: 0
    PORT MAP (
        pa_out => \EZI2C:scl(0)\__PA ,
        fb => \EZI2C:scl_wire\ ,
        pad => \EZI2C:scl(0)_PAD\ );
    Properties:
    {
    }

[IoId=1]: 
Pin : Name = \EZI2C:sda(0)\
    Attributes:
        In Group/Port: True
        In Sync Option: NOSYNC
        Out Sync Option: NOSYNC
        Interrupt generated: False
        Interrupt mode: NONE
        Drive mode: OPEN_DRAIN_LO
        VTrip: CMOS
        Slew: FAST
        Input Sync needed: False
        Output Sync needed: False
        SC shield enabled: False
        POR State: ANY
        LCD Mode: COMMON
        Register Mode: RegComb
        CaSense Mode: NEITHER
        Treat as pin: True
        Is OE Registered: False
        Uses Analog: False
        Can contain Digital: True
        Is SIO: False
        SIO Output Buf: NONREGULATED
        SIO Input Buf: SINGLE_ENDED
        SIO HiFreq: LOW
        SIO Hyst: DISABLED
        SIO Vtrip: MULTIPLIER_0_5
        SIO Multiplier Index: 0
        SIO RefSel: VCC_IO
        Required Capabilitites: DIGITAL
        Initial Value: 1
        IO Voltage: 0
    PORT MAP (
        pa_out => \EZI2C:sda(0)\__PA ,
        fb => \EZI2C:sda_wire\ ,
        pad => \EZI2C:sda(0)_PAD\ );
    Properties:
    {
    }

Port 5 is empty
Clock group 0: 
    Clock Block @ F(Clock,0): 
    m0s8clockblockcell: Name =ClockBlock
        PORT MAP (
            hfclk => ClockBlock_HFCLK ,
            imo => ClockBlock_IMO ,
            ext => ClockBlock_EXTCLK ,
            sysclk => ClockBlock_SYSCLK ,
            ilo => ClockBlock_ILO ,
            lfclk => ClockBlock_LFCLK ,
            wco => ClockBlock_WCO ,
            ff_div_4 => Net_1158_ff4 ,
            ff_div_12 => \ADC:sarClock_ff12\ ,
            ff_div_0 => \I2C_1:Net_847_ff0\ ,
            ff_div_1 => \EZI2C:Net_847_ff1\ );
        Properties:
        {
        }
Decimator group 0: empty
SPC group 0: empty
Vref group 0: 
    Vref Block @ F(Vref,1): 
    vrefcell: Name =\ADC:vssa_kelvin_0\
        PORT MAP (
            vout => \ADC:Net_1405\ );
        Properties:
        {
            autoenable = 1
            guid = "27E55207-D708-4E0A-9CA9-208BEFB90B23"
            ignoresleep = 0
            name = "CY_INTERNAL_VSSA_KELVIN"
        }
WDT group 0: empty
LP Comparator group 0: empty
Serial Communication (SCB) group 0: 
    SCB Block @ F(SCB,0): 
    m0s8scbcell: Name =\I2C_1:SCB\
        PORT MAP (
            clock => \I2C_1:Net_847_ff0\ ,
            interrupt => Net_1978 ,
            tx => \I2C_1:tx_wire\ ,
            rts => \I2C_1:rts_wire\ ,
            mosi_m => \I2C_1:mosi_m_wire\ ,
            select_m_3 => \I2C_1:select_m_wire_3\ ,
            select_m_2 => \I2C_1:select_m_wire_2\ ,
            select_m_1 => \I2C_1:select_m_wire_1\ ,
            select_m_0 => \I2C_1:select_m_wire_0\ ,
            sclk_m => \I2C_1:sclk_m_wire\ ,
            miso_s => \I2C_1:miso_s_wire\ ,
            scl => \I2C_1:scl_wire\ ,
            sda => \I2C_1:sda_wire\ ,
            tx_req => Net_1981 ,
            rx_req => Net_1980 );
        Properties:
        {
            cy_registers = ""
            scb_mode = 0
        }
    SCB Block @ F(SCB,2): 
    m0s8scbcell: Name =\EZI2C:SCB\
        PORT MAP (
            clock => \EZI2C:Net_847_ff1\ ,
            interrupt => Net_1921 ,
            tx => \EZI2C:tx_wire\ ,
            rts => \EZI2C:rts_wire\ ,
            mosi_m => \EZI2C:mosi_m_wire\ ,
            select_m_3 => \EZI2C:select_m_wire_3\ ,
            select_m_2 => \EZI2C:select_m_wire_2\ ,
            select_m_1 => \EZI2C:select_m_wire_1\ ,
            select_m_0 => \EZI2C:select_m_wire_0\ ,
            sclk_m => \EZI2C:sclk_m_wire\ ,
            miso_s => \EZI2C:miso_s_wire\ ,
            scl => \EZI2C:scl_wire\ ,
            sda => \EZI2C:sda_wire\ ,
            tx_req => Net_1924 ,
            rx_req => Net_1923 );
        Properties:
        {
            cy_registers = ""
            scb_mode = 0
        }
CapSense group 0: empty
7-bit IDAC group 0: empty
Timer/Counter/PWM group 0: 
    Tcpwm Block @ F(TCPWM,2): 
    m0s8tcpwmcell: Name =\PWM:cy_m0s8_tcpwm_1\
        PORT MAP (
            clock => Net_1158_ff4 ,
            capture => zero ,
            count => one ,
            reload => zero ,
            stop => zero ,
            start => zero ,
            tr_underflow => Net_1353 ,
            tr_overflow => Net_1352 ,
            tr_compare_match => Net_1354 ,
            line_out => Net_1156 ,
            line_out_compl => Net_1355 ,
            interrupt => Net_1351 );
        Properties:
        {
            cy_registers = ""
        }
Comparator/Opamp group 0: 
    PSoC4 Comparator/Opamp @ F(OA,1): 
    p4abufcell: Name =\Opamp_TIA:cy_psoc4_abuf\
        PORT MAP (
            vplus => Net_1964 ,
            vminus => Net_468 ,
            vout1 => \Opamp_TIA:Net_18\ ,
            vout10 => Net_1940 ,
            ctb_dsi_comp => \Opamp_TIA:Net_12\ );
        Properties:
        {
            cy_registers = ""
            deepsleep_available = 0
            has_resistor = 0
            needs_dsab = 0
        }
    PSoC4 Comparator/Opamp @ F(OA,3): 
    p4abufcell: Name =\RefBuffer:cy_psoc4_abuf\
        PORT MAP (
            vplus => Net_1960 ,
            vminus => Net_1964 ,
            vout1 => Net_1964 ,
            vout10 => \RefBuffer:Net_19\ ,
            ctb_dsi_comp => \RefBuffer:Net_12\ );
        Properties:
        {
            cy_registers = ""
            deepsleep_available = 0
            has_resistor = 0
            needs_dsab = 0
        }
RSB group 0: empty
UAB Channels group 0: empty
Die Temp group 0: empty
Voltage References group 0: 
    PSoC4 Voltage References @ F(REF,0): 
    p4prefcell: Name =\PVref:cy_psoc4_pref\
        PORT MAP (
            vout => Net_1960 );
        Properties:
        {
            cy_registers = ""
            referenceid = 0
            tapid = 0
        }
    PSoC4 Voltage References @ F(REF,1): 
    p4prefcell: Name =CyDesignWideVoltageReference
        PORT MAP (
            vout => \ADC:Net_1379\ );
        Properties:
        {
        }
SAR ADC group 0: 
    PSoC4 SAR ADC @ F(SARADC,0): 
    p4sarcell: Name =\ADC:cy_psoc4_sar_1\
        PORT MAP (
            vplus => Net_1940 ,
            vminus => Net_1964 ,
            vref => \ADC:Net_1448\ ,
            ext_vref => \ADC:Net_408\ ,
            clock => \ADC:sarClock_ff12\ ,
            sample_done => Net_1780 ,
            chan_id_valid => Net_1782 ,
            chan_id_0 => Net_1783 ,
            data_valid => Net_1784 ,
            data_0 => Net_1785 ,
            tr_sar_out => Net_1781 ,
            irq => \ADC:Net_423\ );
        Properties:
        {
            cy_registers = ""
        }
Segment LCD group 0: empty
CLK_GEN group 0: 
    M0S8 Clock Gen Block @ F(CLK_GEN,0): 
    m0s8clockgenblockcell: Name =ClockGenBlock
        PORT MAP (
             );
        Properties:
        {
        }
LPCOMPBLOCK group 0: empty
PASSBLOCK group 0: empty
GANGED_PICU group 0: empty
WCO group 0: empty
M0S8DMAC group 0: empty
Smart IO Ports group 0: empty
LNFE group 0: empty
</CYPRESSTAG>
<CYPRESSTAG name="Port Configuration Details">

------------------------------------------------------------
Port Configuration report
------------------------------------------------------------
     |     |       | Interrupt |                  |                | 
Port | Pin | Fixed |      Type |       Drive Mode |           Name | Connections
-----+-----+-------+-----------+------------------+----------------+---------------------
   1 |   4 |     * |      NONE |         CMOS_OUT |     Pin_LED(0) | In(Net_1156)
-----+-----+-------+-----------+------------------+----------------+---------------------
   2 |   3 |     * |      NONE |      HI_Z_ANALOG |     TIA_OUT(0) | Analog(Net_1940)
     |   4 |     * |      NONE |      HI_Z_ANALOG |      TIA_IN(0) | Analog(Net_468)
-----+-----+-------+-----------+------------------+----------------+---------------------
   3 |   0 |       |      NONE |    OPEN_DRAIN_LO | \I2C_1:scl(0)\ | FB(\I2C_1:scl_wire\)
     |   1 |       |      NONE |    OPEN_DRAIN_LO | \I2C_1:sda(0)\ | FB(\I2C_1:sda_wire\)
-----+-----+-------+-----------+------------------+----------------+---------------------
   4 |   0 |     * |      NONE |    OPEN_DRAIN_LO | \EZI2C:scl(0)\ | FB(\EZI2C:scl_wire\)
     |   1 |     * |      NONE |    OPEN_DRAIN_LO | \EZI2C:sda(0)\ | FB(\EZI2C:sda_wire\)
-----------------------------------------------------------------------------------------
</CYPRESSTAG>
</CYPRESSTAG>
</CYPRESSTAG>
Digital component placer commit/Report: Elapsed time ==> 0s.001ms
Digital Placement phase: Elapsed time ==> 0s.259ms
</CYPRESSTAG>
<CYPRESSTAG name="Digital Routing">
Info: pft.M0077: There is no timing information available for the selected device. Static timing checks will not be applied and digital routing will not be timing-driven. (App=cydsfit)
Routing successful.
Digital Routing phase: Elapsed time ==> 0s.349ms
</CYPRESSTAG>
<CYPRESSTAG name="Bitstream Generation">
Bitstream Generation phase: Elapsed time ==> 0s.330ms
</CYPRESSTAG>
<CYPRESSTAG name="Bitstream Verification">
Bitstream Verification phase: Elapsed time ==> 0s.009ms
</CYPRESSTAG>
<CYPRESSTAG name="Static timing analysis">
No timing parameter file available for CY8C4A45LQI-483
Static timing analysis phase: Elapsed time ==> 0s.004ms
</CYPRESSTAG>
<CYPRESSTAG name="Data reporting">
Data reporting phase: Elapsed time ==> 0s.432ms
</CYPRESSTAG>
<CYPRESSTAG name="Database update...">
Design database save phase: Elapsed time ==> 0s.252ms
</CYPRESSTAG>
cydsfit: Elapsed time ==> 2s.259ms
</CYPRESSTAG>
Fitter phase: Elapsed time ==> 2s.261ms
API generation phase: Elapsed time ==> 4s.009ms
Dependency generation phase: Elapsed time ==> 0s.062ms
Cleanup phase: Elapsed time ==> 0s.001ms
